<?xml version="1.0" encoding="UTF-8"?>
<testsuite name="griffon.util.CompositeBuilderTest" tests="7" failures="0" errors="0" timestamp="2014-02-22T19:15:44" hostname="testing-worker-linux-6-1-10096-linux-6-19406446" time="1.425">
  <properties/>
  <testcase name="testWithTwoBuilderCustomizers" classname="griffon.util.CompositeBuilderTest" time="1.223"/>
  <testcase name="testMethodMissingDelegate_abortedByCustomizer" classname="griffon.util.CompositeBuilderTest" time="0.051"/>
  <testcase name="testMethodMissingDelegate_noDelegate" classname="griffon.util.CompositeBuilderTest" time="0.043"/>
  <testcase name="testMethodMissingDelegate_unhandledByCustomizer" classname="griffon.util.CompositeBuilderTest" time="0.04"/>
  <testcase name="testMethodMissingDelegate_handledByCustomizer" classname="griffon.util.CompositeBuilderTest" time="0.027"/>
  <testcase name="testMethodMissingDelegate" classname="griffon.util.CompositeBuilderTest" time="0.017"/>
  <testcase name="testPropertyMissingDelegate" classname="griffon.util.CompositeBuilderTest" time="0.017"/>
  <system-out><![CDATA[]]></system-out>
  <system-err><![CDATA[Feb 22, 2014 7:15:44 PM groovy.util.FactoryBuilderSupport createNode
WARNING: Could not find match for name 'methodDoesNotExist'
Feb 22, 2014 7:15:44 PM groovy.util.FactoryBuilderSupport createNode
WARNING: Could not find match for name 'someMethod'
Feb 22, 2014 7:15:45 PM groovy.util.FactoryBuilderSupport createNode
WARNING: Could not find match for name 'randomMethod'
Feb 22, 2014 7:15:45 PM groovy.util.FactoryBuilderSupport createNode
WARNING: Could not find match for name 'randomMethod'
Feb 22, 2014 7:15:45 PM groovy.util.FactoryBuilderSupport createNode
WARNING: Could not find match for name 'randomMethod'
Feb 22, 2014 7:15:45 PM groovy.util.FactoryBuilderSupport createNode
WARNING: Could not find match for name 'someOtherMethod'
Feb 22, 2014 7:15:45 PM groovy.util.FactoryBuilderSupport createNode
WARNING: Could not find match for name 'randomMethod'
Feb 22, 2014 7:15:45 PM groovy.util.FactoryBuilderSupport createNode
WARNING: Could not find match for name 'someOtherMethod'
Feb 22, 2014 7:15:45 PM groovy.util.FactoryBuilderSupport createNode
WARNING: Could not find match for name 'randomMethod'
Feb 22, 2014 7:15:45 PM groovy.util.FactoryBuilderSupport createNode
WARNING: Could not find match for name 'someOtherMethod'
]]></system-err>
</testsuite>
