<?xml version="1.0" encoding="UTF-8"?>
<testsuite name="org.codehaus.griffon.compile.core.MethodDescriptorSpec" tests="39" failures="0" errors="0" timestamp="2014-02-18T20:59:52" hostname="testing-worker-linux-9-1-26937-linux-3-19139712" time="0.184">
  <properties/>
  <testcase name="Can build a type descriptor with [java.lang.String]" classname="org.codehaus.griffon.compile.core.MethodDescriptorSpec" time="0.047"/>
  <testcase name="Can build a type descriptor with [java.lang.String, 1]" classname="org.codehaus.griffon.compile.core.MethodDescriptorSpec" time="0.001"/>
  <testcase name="Can build a type descriptor with [java.util.List, 0]" classname="org.codehaus.griffon.compile.core.MethodDescriptorSpec" time="0.0"/>
  <testcase name="Can build a type descriptor with [java.util.List, 1, T]" classname="org.codehaus.griffon.compile.core.MethodDescriptorSpec" time="0.001"/>
  <testcase name="Can build a type descriptor with [[javax.annotation.Nonnull], java.lang.String]" classname="org.codehaus.griffon.compile.core.MethodDescriptorSpec" time="0.0"/>
  <testcase name="Can build a type descriptor with [[javax.annotation.Nonnull], java.lang.String, 1]" classname="org.codehaus.griffon.compile.core.MethodDescriptorSpec" time="0.001"/>
  <testcase name="Can build a type descriptor with [[javax.annotation.Nonnull], java.util.List, 0]" classname="org.codehaus.griffon.compile.core.MethodDescriptorSpec" time="0.001"/>
  <testcase name="Can build a type descriptor with [[javax.annotation.Nonnull], java.util.List, 1, T]" classname="org.codehaus.griffon.compile.core.MethodDescriptorSpec" time="0.0"/>
  <testcase name="Can build a type descriptor with [[javax.annotation.Nonnull], java.util.List, T]" classname="org.codehaus.griffon.compile.core.MethodDescriptorSpec" time="0.001"/>
  <testcase name="Can build a type descriptor with [null, java.util.List, 1, null]" classname="org.codehaus.griffon.compile.core.MethodDescriptorSpec" time="0.001"/>
  <testcase name="Can build a type descriptor with [java.util.Map, 0, [K, V]]" classname="org.codehaus.griffon.compile.core.MethodDescriptorSpec" time="0.001"/>
  <testcase name="Can build a wildcard descriptor with []" classname="org.codehaus.griffon.compile.core.MethodDescriptorSpec" time="0.002"/>
  <testcase name="Can build a wildcard descriptor with [[java.util.List]]" classname="org.codehaus.griffon.compile.core.MethodDescriptorSpec" time="0.001"/>
  <testcase name="Can build a wildcard descriptor with [extends, [java.util.List]]" classname="org.codehaus.griffon.compile.core.MethodDescriptorSpec" time="0.001"/>
  <testcase name="Can build a wildcard descriptor with [super, [java.util.List]]" classname="org.codehaus.griffon.compile.core.MethodDescriptorSpec" time="0.001"/>
  <testcase name="Can build a method descriptor with [java.lang.String, doSomething]" classname="org.codehaus.griffon.compile.core.MethodDescriptorSpec" time="0.004"/>
  <testcase name="Can build a method descriptor with [java.lang.String, doSomething, [java.lang.String]]" classname="org.codehaus.griffon.compile.core.MethodDescriptorSpec" time="0.001"/>
  <testcase name="Can build a method descriptor with [T, [T], doSomething]" classname="org.codehaus.griffon.compile.core.MethodDescriptorSpec" time="0.0"/>
  <testcase name="Can build a method descriptor with [T, [T], doSomething, [java.lang.String]]" classname="org.codehaus.griffon.compile.core.MethodDescriptorSpec" time="0.001"/>
  <testcase name="Can build a method descriptor with [2, java.lang.String, doSomething]" classname="org.codehaus.griffon.compile.core.MethodDescriptorSpec" time="0.001"/>
  <testcase name="Can build a method descriptor with [2, java.lang.String, doSomething, [java.lang.String]]" classname="org.codehaus.griffon.compile.core.MethodDescriptorSpec" time="0.001"/>
  <testcase name="Can build a method descriptor with [2, T, [T], doSomething]" classname="org.codehaus.griffon.compile.core.MethodDescriptorSpec" time="0.001"/>
  <testcase name="Can build a method descriptor with [2, T, [T], doSomething, [java.lang.String]]" classname="org.codehaus.griffon.compile.core.MethodDescriptorSpec" time="0.001"/>
  <testcase name="Can build a method descriptor with [java.lang.String, doSomething, [java.lang.String], [java.lang.Exception]]" classname="org.codehaus.griffon.compile.core.MethodDescriptorSpec" time="0.001"/>
  <testcase name="Can build a method descriptor with [T, [T], doSomething, [java.lang.String], [java.lang.Exception]]" classname="org.codehaus.griffon.compile.core.MethodDescriptorSpec" time="0.001"/>
  <testcase name="Can build a method descriptor with [2, java.lang.String, doSomething, [java.lang.String], [java.lang.Exception]]" classname="org.codehaus.griffon.compile.core.MethodDescriptorSpec" time="0.001"/>
  <testcase name="Can build a method descriptor with [2, T, [T], doSomething, [java.lang.String], [java.lang.Exception]]" classname="org.codehaus.griffon.compile.core.MethodDescriptorSpec" time="0.001"/>
  <testcase name="Can build an annotated method descriptor with [[javax.annotation.Nonnull], java.lang.String, doSomething]" classname="org.codehaus.griffon.compile.core.MethodDescriptorSpec" time="0.001"/>
  <testcase name="Can build an annotated method descriptor with [[javax.annotation.Nonnull], java.lang.String, doSomething, [java.lang.String]]" classname="org.codehaus.griffon.compile.core.MethodDescriptorSpec" time="0.0"/>
  <testcase name="Can build an annotated method descriptor with [[javax.annotation.Nonnull], T, [T], doSomething]" classname="org.codehaus.griffon.compile.core.MethodDescriptorSpec" time="0.0"/>
  <testcase name="Can build an annotated method descriptor with [[javax.annotation.Nonnull], T, [T], doSomething, [java.lang.String]]" classname="org.codehaus.griffon.compile.core.MethodDescriptorSpec" time="0.001"/>
  <testcase name="Can build an annotated method descriptor with [[javax.annotation.Nonnull], 2, java.lang.String, doSomething]" classname="org.codehaus.griffon.compile.core.MethodDescriptorSpec" time="0.001"/>
  <testcase name="Can build an annotated method descriptor with [[javax.annotation.Nonnull], 2, java.lang.String, doSomething, [java.lang.String]]" classname="org.codehaus.griffon.compile.core.MethodDescriptorSpec" time="0.001"/>
  <testcase name="Can build an annotated method descriptor with [[javax.annotation.Nonnull], 2, T, [T], doSomething]" classname="org.codehaus.griffon.compile.core.MethodDescriptorSpec" time="0.001"/>
  <testcase name="Can build an annotated method descriptor with [[javax.annotation.Nonnull], 2, T, [T], doSomething, [java.lang.String]]" classname="org.codehaus.griffon.compile.core.MethodDescriptorSpec" time="0.001"/>
  <testcase name="Can build an annotated method descriptor with [[javax.annotation.Nonnull], java.lang.String, doSomething, [java.lang.String], [java.lang.Exception]]" classname="org.codehaus.griffon.compile.core.MethodDescriptorSpec" time="0.001"/>
  <testcase name="Can build an annotated method descriptor with [[javax.annotation.Nonnull], T, [T], doSomething, [java.lang.String], [java.lang.Exception]]" classname="org.codehaus.griffon.compile.core.MethodDescriptorSpec" time="0.001"/>
  <testcase name="Can build an annotated method descriptor with [[javax.annotation.Nonnull], 2, java.lang.String, doSomething, [java.lang.String], [java.lang.Exception]]" classname="org.codehaus.griffon.compile.core.MethodDescriptorSpec" time="0.001"/>
  <testcase name="Can build an annotated method descriptor with [[javax.annotation.Nonnull], 2, T, [T], doSomething, [java.lang.String], [java.lang.Exception]]" classname="org.codehaus.griffon.compile.core.MethodDescriptorSpec" time="0.001"/>
  <system-out><![CDATA[]]></system-out>
  <system-err><![CDATA[]]></system-err>
</testsuite>
