<?xml version="1.0" encoding="UTF-8"?>
<testsuite name="griffon.pivot.support.adapters.TableViewSortAdapterTest" tests="4" failures="0" errors="0" timestamp="2014-02-18T21:07:39" hostname="testing-worker-linux-9-1-26937-linux-3-19139712" time="0.006">
  <properties/>
  <testcase name="testSortUpdated" classname="griffon.pivot.support.adapters.TableViewSortAdapterTest" time="0.001"/>
  <testcase name="testSortAdded" classname="griffon.pivot.support.adapters.TableViewSortAdapterTest" time="0.001"/>
  <testcase name="testSortChanged" classname="griffon.pivot.support.adapters.TableViewSortAdapterTest" time="0.001"/>
  <testcase name="testSortRemoved" classname="griffon.pivot.support.adapters.TableViewSortAdapterTest" time="0.001"/>
  <system-out><![CDATA[]]></system-out>
  <system-err><![CDATA[]]></system-err>
</testsuite>
