<?xml version="1.0" encoding="UTF-8"?>
<testsuite name="griffon.pivot.support.adapters.SuggestionPopupSelectionAdapterTest" tests="2" failures="0" errors="0" timestamp="2014-02-22T19:19:39" hostname="testing-worker-linux-6-1-10096-linux-6-19406446" time="0.003">
  <properties/>
  <testcase name="testSelectedSuggestionChanged" classname="griffon.pivot.support.adapters.SuggestionPopupSelectionAdapterTest" time="0.001"/>
  <testcase name="testSelectedIndexChanged" classname="griffon.pivot.support.adapters.SuggestionPopupSelectionAdapterTest" time="0.001"/>
  <system-out><![CDATA[]]></system-out>
  <system-err><![CDATA[]]></system-err>
</testsuite>
