<?xml version="1.0" encoding="UTF-8"?>
<testsuite name="griffon.pivot.support.adapters.ButtonStateAdapterTest" tests="1" failures="0" errors="0" timestamp="2014-02-22T19:19:39" hostname="testing-worker-linux-6-1-10096-linux-6-19406446" time="0.0">
  <properties/>
  <testcase name="testStateChanged" classname="griffon.pivot.support.adapters.ButtonStateAdapterTest" time="0.0"/>
  <system-out><![CDATA[]]></system-out>
  <system-err><![CDATA[]]></system-err>
</testsuite>
