<?xml version="1.0" encoding="UTF-8"?>
<testsuite name="griffon.pivot.support.adapters.GridPaneAdapterTest" tests="6" failures="0" errors="0" timestamp="2014-02-22T19:19:40" hostname="testing-worker-linux-6-1-10096-linux-6-19406446" time="0.006">
  <properties/>
  <testcase name="testCellUpdated" classname="griffon.pivot.support.adapters.GridPaneAdapterTest" time="0.0"/>
  <testcase name="testCellInserted" classname="griffon.pivot.support.adapters.GridPaneAdapterTest" time="0.001"/>
  <testcase name="testCellsRemoved" classname="griffon.pivot.support.adapters.GridPaneAdapterTest" time="0.001"/>
  <testcase name="testColumnCountChanged" classname="griffon.pivot.support.adapters.GridPaneAdapterTest" time="0.001"/>
  <testcase name="testRowInserted" classname="griffon.pivot.support.adapters.GridPaneAdapterTest" time="0.001"/>
  <testcase name="testRowsRemoved" classname="griffon.pivot.support.adapters.GridPaneAdapterTest" time="0.0"/>
  <system-out><![CDATA[]]></system-out>
  <system-err><![CDATA[]]></system-err>
</testsuite>
