<?xml version="1.0" encoding="UTF-8"?>
<testsuite name="griffon.pivot.support.PivotActionSpec" tests="1" failures="0" errors="0" timestamp="2014-02-22T19:19:38" hostname="testing-worker-linux-6-1-10096-linux-6-19406446" time="0.172">
  <properties/>
  <testcase name="Create and execute an action" classname="griffon.pivot.support.PivotActionSpec" time="0.172"/>
  <system-out><![CDATA[]]></system-out>
  <system-err><![CDATA[]]></system-err>
</testsuite>
