<?xml version="1.0" encoding="UTF-8"?>
<testsuite name="griffon.pivot.support.adapters.AccordionSelectionAdapterTest" tests="3" failures="0" errors="0" timestamp="2014-02-18T21:07:39" hostname="testing-worker-linux-9-1-26937-linux-3-19139712" time="0.004">
  <properties/>
  <testcase name="testPreviewSelectedIndexChange" classname="griffon.pivot.support.adapters.AccordionSelectionAdapterTest" time="0.001"/>
  <testcase name="testSelectedIndexChangeVetoed" classname="griffon.pivot.support.adapters.AccordionSelectionAdapterTest" time="0.001"/>
  <testcase name="testSelectedIndexChanged" classname="griffon.pivot.support.adapters.AccordionSelectionAdapterTest" time="0.001"/>
  <system-out><![CDATA[]]></system-out>
  <system-err><![CDATA[]]></system-err>
</testsuite>
