<?xml version="1.0" encoding="UTF-8"?>
<testsuite name="griffon.pivot.support.adapters.TreeViewAdapterTest" tests="8" failures="0" errors="0" timestamp="2014-02-22T19:19:39" hostname="testing-worker-linux-6-1-10096-linux-6-19406446" time="0.009">
  <properties/>
  <testcase name="testTreeDataChanged" classname="griffon.pivot.support.adapters.TreeViewAdapterTest" time="0.0"/>
  <testcase name="testSelectModeChanged" classname="griffon.pivot.support.adapters.TreeViewAdapterTest" time="0.001"/>
  <testcase name="testShowMixedCheckmarkStateChanged" classname="griffon.pivot.support.adapters.TreeViewAdapterTest" time="0.001"/>
  <testcase name="testDisabledCheckmarkFilterChanged" classname="griffon.pivot.support.adapters.TreeViewAdapterTest" time="0.001"/>
  <testcase name="testCheckmarksEnabledChanged" classname="griffon.pivot.support.adapters.TreeViewAdapterTest" time="0.0"/>
  <testcase name="testNodeRendererChanged" classname="griffon.pivot.support.adapters.TreeViewAdapterTest" time="0.001"/>
  <testcase name="testNodeEditorChanged" classname="griffon.pivot.support.adapters.TreeViewAdapterTest" time="0.001"/>
  <testcase name="testDisabledNodeFilterChanged" classname="griffon.pivot.support.adapters.TreeViewAdapterTest" time="0.001"/>
  <system-out><![CDATA[]]></system-out>
  <system-err><![CDATA[]]></system-err>
</testsuite>
