<?xml version="1.0" encoding="UTF-8"?>
<testsuite name="griffon.pivot.support.adapters.SpinnerSelectionAdapterTest" tests="2" failures="0" errors="0" timestamp="2014-02-18T21:07:40" hostname="testing-worker-linux-9-1-26937-linux-3-19139712" time="0.002">
  <properties/>
  <testcase name="testSelectedIndexChanged" classname="griffon.pivot.support.adapters.SpinnerSelectionAdapterTest" time="0.001"/>
  <testcase name="testSelectedItemChanged" classname="griffon.pivot.support.adapters.SpinnerSelectionAdapterTest" time="0.0"/>
  <system-out><![CDATA[]]></system-out>
  <system-err><![CDATA[]]></system-err>
</testsuite>
