<?xml version="1.0" encoding="UTF-8"?>
<testsuite name="griffon.pivot.support.adapters.ListButtonAdapterTest" tests="5" failures="0" errors="0" timestamp="2014-02-22T19:19:40" hostname="testing-worker-linux-6-1-10096-linux-6-19406446" time="0.006">
  <properties/>
  <testcase name="testDisabledItemFilterChanged" classname="griffon.pivot.support.adapters.ListButtonAdapterTest" time="0.001"/>
  <testcase name="testRepeatableChanged" classname="griffon.pivot.support.adapters.ListButtonAdapterTest" time="0.0"/>
  <testcase name="testListSizeChanged" classname="griffon.pivot.support.adapters.ListButtonAdapterTest" time="0.001"/>
  <testcase name="testItemRendererChanged" classname="griffon.pivot.support.adapters.ListButtonAdapterTest" time="0.001"/>
  <testcase name="testListDataChanged" classname="griffon.pivot.support.adapters.ListButtonAdapterTest" time="0.001"/>
  <system-out><![CDATA[]]></system-out>
  <system-err><![CDATA[]]></system-err>
</testsuite>
