<?xml version="1.0" encoding="UTF-8"?>
<testsuite name="griffon.pivot.support.adapters.SheetStateAdapterTest" tests="3" failures="0" errors="0" timestamp="2014-02-18T21:07:40" hostname="testing-worker-linux-9-1-26937-linux-3-19139712" time="0.004">
  <properties/>
  <testcase name="testSheetCloseVetoed" classname="griffon.pivot.support.adapters.SheetStateAdapterTest" time="0.001"/>
  <testcase name="testSheetClosed" classname="griffon.pivot.support.adapters.SheetStateAdapterTest" time="0.001"/>
  <testcase name="testPreviewSheetClose" classname="griffon.pivot.support.adapters.SheetStateAdapterTest" time="0.001"/>
  <system-out><![CDATA[]]></system-out>
  <system-err><![CDATA[]]></system-err>
</testsuite>
