<?xml version="1.0" encoding="UTF-8"?>
<testsuite name="griffon.pivot.support.adapters.TableViewBindingAdapterTest" tests="9" failures="0" errors="0" timestamp="2014-02-18T21:07:40" hostname="testing-worker-linux-9-1-26937-linux-3-19139712" time="0.012">
  <properties/>
  <testcase name="testTableDataBindTypeChanged" classname="griffon.pivot.support.adapters.TableViewBindingAdapterTest" time="0.001"/>
  <testcase name="testTableDataKeyChanged" classname="griffon.pivot.support.adapters.TableViewBindingAdapterTest" time="0.0"/>
  <testcase name="testSelectedRowBindMappingChanged" classname="griffon.pivot.support.adapters.TableViewBindingAdapterTest" time="0.001"/>
  <testcase name="testSelectedRowsKeyChanged" classname="griffon.pivot.support.adapters.TableViewBindingAdapterTest" time="0.0"/>
  <testcase name="testSelectedRowsBindTypeChanged" classname="griffon.pivot.support.adapters.TableViewBindingAdapterTest" time="0.001"/>
  <testcase name="testSelectedRowKeyChanged" classname="griffon.pivot.support.adapters.TableViewBindingAdapterTest" time="0.001"/>
  <testcase name="testSelectedRowsBindMappingChanged" classname="griffon.pivot.support.adapters.TableViewBindingAdapterTest" time="0.0"/>
  <testcase name="testSelectedRowBindTypeChanged" classname="griffon.pivot.support.adapters.TableViewBindingAdapterTest" time="0.001"/>
  <testcase name="testTableDataBindMappingChanged" classname="griffon.pivot.support.adapters.TableViewBindingAdapterTest" time="0.001"/>
  <system-out><![CDATA[]]></system-out>
  <system-err><![CDATA[]]></system-err>
</testsuite>
