<?xml version="1.0" encoding="UTF-8"?>
<testsuite name="griffon.pivot.support.adapters.ExpanderAdapterTest" tests="6" failures="0" errors="0" timestamp="2014-02-22T19:19:40" hostname="testing-worker-linux-6-1-10096-linux-6-19406446" time="0.007">
  <properties/>
  <testcase name="testTitleChanged" classname="griffon.pivot.support.adapters.ExpanderAdapterTest" time="0.001"/>
  <testcase name="testExpandedChanged" classname="griffon.pivot.support.adapters.ExpanderAdapterTest" time="0.001"/>
  <testcase name="testCollapsibleChanged" classname="griffon.pivot.support.adapters.ExpanderAdapterTest" time="0.0"/>
  <testcase name="testPreviewExpandedChange" classname="griffon.pivot.support.adapters.ExpanderAdapterTest" time="0.0"/>
  <testcase name="testContentChanged" classname="griffon.pivot.support.adapters.ExpanderAdapterTest" time="0.001"/>
  <testcase name="testExpandedChangeVetoed" classname="griffon.pivot.support.adapters.ExpanderAdapterTest" time="0.001"/>
  <system-out><![CDATA[]]></system-out>
  <system-err><![CDATA[]]></system-err>
</testsuite>
