<?xml version="1.0" encoding="UTF-8"?>
<testsuite name="griffon.pivot.support.adapters.TablePaneAdapterTest" tests="11" failures="0" errors="0" timestamp="2014-02-22T19:19:39" hostname="testing-worker-linux-6-1-10096-linux-6-19406446" time="0.013">
  <properties/>
  <testcase name="testCellUpdated" classname="griffon.pivot.support.adapters.TablePaneAdapterTest" time="0.001"/>
  <testcase name="testColumnWidthChanged" classname="griffon.pivot.support.adapters.TablePaneAdapterTest" time="0.001"/>
  <testcase name="testColumnInserted" classname="griffon.pivot.support.adapters.TablePaneAdapterTest" time="0.0"/>
  <testcase name="testCellInserted" classname="griffon.pivot.support.adapters.TablePaneAdapterTest" time="0.001"/>
  <testcase name="testColumnHighlightedChanged" classname="griffon.pivot.support.adapters.TablePaneAdapterTest" time="0.001"/>
  <testcase name="testColumnsRemoved" classname="griffon.pivot.support.adapters.TablePaneAdapterTest" time="0.001"/>
  <testcase name="testCellsRemoved" classname="griffon.pivot.support.adapters.TablePaneAdapterTest" time="0.001"/>
  <testcase name="testRowInserted" classname="griffon.pivot.support.adapters.TablePaneAdapterTest" time="0.001"/>
  <testcase name="testRowsRemoved" classname="griffon.pivot.support.adapters.TablePaneAdapterTest" time="0.001"/>
  <testcase name="testRowHighlightedChanged" classname="griffon.pivot.support.adapters.TablePaneAdapterTest" time="0.001"/>
  <testcase name="testRowHeightChanged" classname="griffon.pivot.support.adapters.TablePaneAdapterTest" time="0.0"/>
  <system-out><![CDATA[]]></system-out>
  <system-err><![CDATA[]]></system-err>
</testsuite>
