<?xml version="1.0" encoding="UTF-8"?>
<testsuite name="griffon.pivot.support.PivotActionSpec" tests="1" failures="0" errors="0" timestamp="2014-02-18T21:07:38" hostname="testing-worker-linux-9-1-26937-linux-3-19139712" time="0.196">
  <properties/>
  <testcase name="Create and execute an action" classname="griffon.pivot.support.PivotActionSpec" time="0.196"/>
  <system-out><![CDATA[]]></system-out>
  <system-err><![CDATA[]]></system-err>
</testsuite>
