<?xml version="1.0" encoding="UTF-8"?>
<testsuite name="griffon.pivot.support.adapters.WindowStateAdapterTest" tests="6" failures="0" errors="0" timestamp="2014-02-18T21:07:39" hostname="testing-worker-linux-9-1-26937-linux-3-19139712" time="0.009">
  <properties/>
  <testcase name="testPreviewWindowOpen" classname="griffon.pivot.support.adapters.WindowStateAdapterTest" time="0.001"/>
  <testcase name="testWindowCloseVetoed" classname="griffon.pivot.support.adapters.WindowStateAdapterTest" time="0.001"/>
  <testcase name="testWindowOpenVetoed" classname="griffon.pivot.support.adapters.WindowStateAdapterTest" time="0.001"/>
  <testcase name="testWindowClosed" classname="griffon.pivot.support.adapters.WindowStateAdapterTest" time="0.001"/>
  <testcase name="testWindowOpened" classname="griffon.pivot.support.adapters.WindowStateAdapterTest" time="0.001"/>
  <testcase name="testPreviewWindowClose" classname="griffon.pivot.support.adapters.WindowStateAdapterTest" time="0.001"/>
  <system-out><![CDATA[]]></system-out>
  <system-err><![CDATA[]]></system-err>
</testsuite>
