<?xml version="1.0" encoding="UTF-8"?>
<testsuite name="griffon.pivot.support.adapters.TreeViewNodeAdapterTest" tests="5" failures="0" errors="0" timestamp="2014-02-22T19:19:39" hostname="testing-worker-linux-6-1-10096-linux-6-19406446" time="0.007">
  <properties/>
  <testcase name="testNodeUpdated" classname="griffon.pivot.support.adapters.TreeViewNodeAdapterTest" time="0.001"/>
  <testcase name="testNodesSorted" classname="griffon.pivot.support.adapters.TreeViewNodeAdapterTest" time="0.001"/>
  <testcase name="testNodeInserted" classname="griffon.pivot.support.adapters.TreeViewNodeAdapterTest" time="0.001"/>
  <testcase name="testNodesCleared" classname="griffon.pivot.support.adapters.TreeViewNodeAdapterTest" time="0.001"/>
  <testcase name="testNodesRemoved" classname="griffon.pivot.support.adapters.TreeViewNodeAdapterTest" time="0.001"/>
  <system-out><![CDATA[]]></system-out>
  <system-err><![CDATA[]]></system-err>
</testsuite>
