<?xml version="1.0" encoding="UTF-8"?>
<testsuite name="griffon.pivot.support.adapters.TreeViewAdapterTest" tests="8" failures="0" errors="0" timestamp="2014-02-18T21:07:40" hostname="testing-worker-linux-9-1-26937-linux-3-19139712" time="0.01">
  <properties/>
  <testcase name="testTreeDataChanged" classname="griffon.pivot.support.adapters.TreeViewAdapterTest" time="0.001"/>
  <testcase name="testSelectModeChanged" classname="griffon.pivot.support.adapters.TreeViewAdapterTest" time="0.001"/>
  <testcase name="testShowMixedCheckmarkStateChanged" classname="griffon.pivot.support.adapters.TreeViewAdapterTest" time="0.001"/>
  <testcase name="testDisabledCheckmarkFilterChanged" classname="griffon.pivot.support.adapters.TreeViewAdapterTest" time="0.001"/>
  <testcase name="testCheckmarksEnabledChanged" classname="griffon.pivot.support.adapters.TreeViewAdapterTest" time="0.001"/>
  <testcase name="testNodeRendererChanged" classname="griffon.pivot.support.adapters.TreeViewAdapterTest" time="0.001"/>
  <testcase name="testNodeEditorChanged" classname="griffon.pivot.support.adapters.TreeViewAdapterTest" time="0.001"/>
  <testcase name="testDisabledNodeFilterChanged" classname="griffon.pivot.support.adapters.TreeViewAdapterTest" time="0.001"/>
  <system-out><![CDATA[]]></system-out>
  <system-err><![CDATA[]]></system-err>
</testsuite>
