<?xml version="1.0" encoding="UTF-8"?>
<testsuite name="org.codehaus.griffon.runtime.tasks.TaskExecutionTest" tests="1" failures="0" errors="0" timestamp="2014-02-22T19:22:36" hostname="testing-worker-linux-6-1-10096-linux-6-19406446" time="2.036">
  <properties/>
  <testcase name="testExceptionTask" classname="org.codehaus.griffon.runtime.tasks.TaskExecutionTest" time="2.036"/>
  <system-out><![CDATA[]]></system-out>
  <system-err><![CDATA[[Test worker] INFO org.codehaus.griffon.runtime.core.DefaultApplicationBootstrapper - Griffon 2.0.0-SNAPSHOT
[Test worker] INFO org.codehaus.griffon.runtime.core.DefaultApplicationBootstrapper - Build: 2014-02-22T19:09:56.269+0000
[Test worker] INFO org.codehaus.griffon.runtime.core.DefaultApplicationBootstrapper - JVM: 1.7.0_51 (Oracle Corporation 24.51-b03)
[Test worker] INFO org.codehaus.griffon.runtime.core.DefaultApplicationBootstrapper - OS: Linux 2.6.32-042stab079.5 amd64
[pool-3-thread-1] INFO org.codehaus.griffon.runtime.tasks.TaskExecutionTest - >>> State: PENDING => STARTED
[pool-3-thread-1] INFO org.codehaus.griffon.runtime.tasks.TaskExecutionTest - Started: 1393096958840
[pool-3-thread-1] INFO org.codehaus.griffon.runtime.tasks.LongTask - task found number: 0
[AWT-EventQueue-0] INFO org.codehaus.griffon.runtime.tasks.LongTask - Intermediate: [0]
[pool-3-thread-1] INFO org.codehaus.griffon.runtime.tasks.TaskExecutionTest - >>> Phase: null => Looking for 1
[pool-3-thread-1] INFO org.codehaus.griffon.runtime.tasks.LongTask - task found number: 1
[AWT-EventQueue-0] INFO org.codehaus.griffon.runtime.tasks.LongTask - Intermediate: [1]
[AWT-EventQueue-0] INFO org.codehaus.griffon.runtime.tasks.TaskExecutionTest - >>> Progress: 0 => 10
[pool-3-thread-1] INFO org.codehaus.griffon.runtime.tasks.TaskExecutionTest - >>> Phase: Looking for 1 => Looking for 2
[pool-3-thread-1] INFO org.codehaus.griffon.runtime.tasks.LongTask - task found number: 2
[AWT-EventQueue-0] INFO org.codehaus.griffon.runtime.tasks.LongTask - Intermediate: [2]
[AWT-EventQueue-0] INFO org.codehaus.griffon.runtime.tasks.TaskExecutionTest - >>> Progress: 10 => 20
[pool-3-thread-1] INFO org.codehaus.griffon.runtime.tasks.TaskExecutionTest - >>> Phase: Looking for 2 => Looking for 3
[pool-3-thread-1] INFO org.codehaus.griffon.runtime.tasks.LongTask - task found number: 3
[AWT-EventQueue-0] INFO org.codehaus.griffon.runtime.tasks.LongTask - Intermediate: [3]
[AWT-EventQueue-0] INFO org.codehaus.griffon.runtime.tasks.TaskExecutionTest - >>> Progress: 20 => 30
[pool-3-thread-1] INFO org.codehaus.griffon.runtime.tasks.TaskExecutionTest - >>> Phase: Looking for 3 => Looking for 4
[pool-3-thread-1] INFO org.codehaus.griffon.runtime.tasks.LongTask - task found number: 4
[AWT-EventQueue-0] INFO org.codehaus.griffon.runtime.tasks.LongTask - Intermediate: [4]
[AWT-EventQueue-0] INFO org.codehaus.griffon.runtime.tasks.TaskExecutionTest - >>> Progress: 30 => 40
[pool-3-thread-1] INFO org.codehaus.griffon.runtime.tasks.TaskExecutionTest - >>> Phase: Looking for 4 => Looking for 5
[pool-3-thread-1] INFO org.codehaus.griffon.runtime.tasks.LongTask - task found number: 5
[AWT-EventQueue-0] INFO org.codehaus.griffon.runtime.tasks.LongTask - Intermediate: [5]
[AWT-EventQueue-0] INFO org.codehaus.griffon.runtime.tasks.TaskExecutionTest - >>> Progress: 40 => 50
[pool-3-thread-1] INFO org.codehaus.griffon.runtime.tasks.TaskExecutionTest - >>> Phase: Looking for 5 => Looking for 6
[pool-3-thread-1] INFO org.codehaus.griffon.runtime.tasks.LongTask - task found number: 6
[AWT-EventQueue-0] INFO org.codehaus.griffon.runtime.tasks.LongTask - Intermediate: [6]
[AWT-EventQueue-0] INFO org.codehaus.griffon.runtime.tasks.TaskExecutionTest - >>> Progress: 50 => 60
[pool-3-thread-1] INFO org.codehaus.griffon.runtime.tasks.TaskExecutionTest - >>> Phase: Looking for 6 => Looking for 7
[pool-3-thread-1] INFO org.codehaus.griffon.runtime.tasks.LongTask - task found number: 7
[AWT-EventQueue-0] INFO org.codehaus.griffon.runtime.tasks.LongTask - Intermediate: [7]
[AWT-EventQueue-0] INFO org.codehaus.griffon.runtime.tasks.TaskExecutionTest - >>> Progress: 60 => 70
[pool-3-thread-1] INFO org.codehaus.griffon.runtime.tasks.TaskExecutionTest - >>> Phase: Looking for 7 => Looking for 8
[pool-3-thread-1] INFO org.codehaus.griffon.runtime.tasks.LongTask - task found number: 8
[AWT-EventQueue-0] INFO org.codehaus.griffon.runtime.tasks.LongTask - Intermediate: [8]
[AWT-EventQueue-0] INFO org.codehaus.griffon.runtime.tasks.TaskExecutionTest - >>> Progress: 70 => 80
[pool-3-thread-1] INFO org.codehaus.griffon.runtime.tasks.TaskExecutionTest - >>> Phase: Looking for 8 => Looking for 9
[pool-3-thread-1] INFO org.codehaus.griffon.runtime.tasks.LongTask - task found number: 9
[AWT-EventQueue-0] INFO org.codehaus.griffon.runtime.tasks.LongTask - Intermediate: [9]
[AWT-EventQueue-0] INFO org.codehaus.griffon.runtime.tasks.TaskExecutionTest - >>> Progress: 80 => 90
[pool-3-thread-1] INFO org.codehaus.griffon.runtime.tasks.TaskExecutionTest - >>> Phase: Looking for 9 => Looking for 10
[AWT-EventQueue-0] INFO org.codehaus.griffon.runtime.tasks.LongTask - Done: 40
[pool-3-thread-1] INFO org.codehaus.griffon.runtime.tasks.TaskExecutionTest - >>> State: STARTED => DONE
[Test worker] INFO org.codehaus.griffon.runtime.tasks.TaskExecutionTest - Waited for task: 40
[Test worker] INFO org.codehaus.griffon.runtime.core.DefaultGriffonApplication - Shutdown is in process
]]></system-err>
</testsuite>
