<?xml version="1.0" encoding="UTF-8"?>
<testsuite name="org.codehaus.griffon.runtime.core.artifact.GriffonArtifactSpec" tests="25" failures="0" errors="0" timestamp="2014-02-22T19:12:32" hostname="testing-worker-linux-6-1-10096-linux-6-19406446" time="0.679">
  <properties/>
  <testcase name="Bootstrap application" classname="org.codehaus.griffon.runtime.core.artifact.GriffonArtifactSpec" time="0.243"/>
  <testcase name="Verify withMvcGroup(type , handler)" classname="org.codehaus.griffon.runtime.core.artifact.GriffonArtifactSpec" time="0.027"/>
  <testcase name="Verify withMvcGroup(type, id , handler)" classname="org.codehaus.griffon.runtime.core.artifact.GriffonArtifactSpec" time="0.028"/>
  <testcase name="Verify withMvcGroup(type, id, map , handler)" classname="org.codehaus.griffon.runtime.core.artifact.GriffonArtifactSpec" time="0.027"/>
  <testcase name="Verify withMvcGroup(type, map , handler)" classname="org.codehaus.griffon.runtime.core.artifact.GriffonArtifactSpec" time="0.027"/>
  <testcase name="Verify withMvcGroup(map, type, id , handler)" classname="org.codehaus.griffon.runtime.core.artifact.GriffonArtifactSpec" time="0.027"/>
  <testcase name="Verify withMvcGroup(map, type , handler)" classname="org.codehaus.griffon.runtime.core.artifact.GriffonArtifactSpec" time="0.029"/>
  <testcase name="Verify buildMVCGroup(type)" classname="org.codehaus.griffon.runtime.core.artifact.GriffonArtifactSpec" time="0.017"/>
  <testcase name="Verify buildMVCGroup(type, id)" classname="org.codehaus.griffon.runtime.core.artifact.GriffonArtifactSpec" time="0.017"/>
  <testcase name="Verify buildMVCGroup(type, map)" classname="org.codehaus.griffon.runtime.core.artifact.GriffonArtifactSpec" time="0.017"/>
  <testcase name="Verify buildMVCGroup(map, type)" classname="org.codehaus.griffon.runtime.core.artifact.GriffonArtifactSpec" time="0.018"/>
  <testcase name="Verify buildMVCGroup(type, id, map)" classname="org.codehaus.griffon.runtime.core.artifact.GriffonArtifactSpec" time="0.017"/>
  <testcase name="Verify buildMVCGroup(map, type, id)" classname="org.codehaus.griffon.runtime.core.artifact.GriffonArtifactSpec" time="0.017"/>
  <testcase name="Verify createMVCGroup(type)" classname="org.codehaus.griffon.runtime.core.artifact.GriffonArtifactSpec" time="0.016"/>
  <testcase name="Verify createMVCGroup(type, id)" classname="org.codehaus.griffon.runtime.core.artifact.GriffonArtifactSpec" time="0.018"/>
  <testcase name="Verify createMVCGroup(type, map)" classname="org.codehaus.griffon.runtime.core.artifact.GriffonArtifactSpec" time="0.019"/>
  <testcase name="Verify createMVCGroup(map, type)" classname="org.codehaus.griffon.runtime.core.artifact.GriffonArtifactSpec" time="0.019"/>
  <testcase name="Verify createMVCGroup(type, id, map)" classname="org.codehaus.griffon.runtime.core.artifact.GriffonArtifactSpec" time="0.019"/>
  <testcase name="Verify createMVCGroup(map, type, id)" classname="org.codehaus.griffon.runtime.core.artifact.GriffonArtifactSpec" time="0.019"/>
  <testcase name="Verify destroyMVCGroup(id)" classname="org.codehaus.griffon.runtime.core.artifact.GriffonArtifactSpec" time="0.02"/>
  <testcase name="Execute runnable inside UI sync" classname="org.codehaus.griffon.runtime.core.artifact.GriffonArtifactSpec" time="0.005"/>
  <testcase name="Execute runnable inside UI async" classname="org.codehaus.griffon.runtime.core.artifact.GriffonArtifactSpec" time="0.005"/>
  <testcase name="Execute runnable outside UI" classname="org.codehaus.griffon.runtime.core.artifact.GriffonArtifactSpec" time="0.005"/>
  <testcase name="Execute future" classname="org.codehaus.griffon.runtime.core.artifact.GriffonArtifactSpec" time="0.005"/>
  <testcase name="Execute future with ExecutorService" classname="org.codehaus.griffon.runtime.core.artifact.GriffonArtifactSpec" time="0.005"/>
  <system-out><![CDATA[]]></system-out>
  <system-err><![CDATA[[Test worker] INFO org.codehaus.griffon.runtime.core.DefaultApplicationBootstrapper - Griffon 
[Test worker] INFO org.codehaus.griffon.runtime.core.DefaultApplicationBootstrapper - Build: T
[Test worker] INFO org.codehaus.griffon.runtime.core.DefaultApplicationBootstrapper - JVM: 1.7.0_51 (Oracle Corporation 24.51-b03)
[Test worker] INFO org.codehaus.griffon.runtime.core.DefaultApplicationBootstrapper - OS: Linux 2.6.32-042stab079.5 amd64
[Test worker] DEBUG org.codehaus.griffon.runtime.core.DefaultApplicationBootstrapper - Creating module bindings
[Test worker] DEBUG griffon.util.AnnotationUtils - Current module order is [core, integration]
[Test worker] TRACE griffon.util.AnnotationUtils - Processing module 'core'
[Test worker] TRACE griffon.util.AnnotationUtils -   depends on '[]'
[Test worker] TRACE griffon.util.AnnotationUtils -   adding module 'core', since all dependencies have been added
[Test worker] TRACE griffon.util.AnnotationUtils - Processing module 'integration'
[Test worker] TRACE griffon.util.AnnotationUtils -   depends on '[]'
[Test worker] TRACE griffon.util.AnnotationUtils -   adding module 'integration', since all dependencies have been added
[Test worker] TRACE griffon.util.AnnotationUtils - module dependency ordering complete
[Test worker] DEBUG griffon.util.AnnotationUtils - computed module order is [core, integration]
[Test worker] DEBUG org.codehaus.griffon.runtime.core.DefaultApplicationBootstrapper - Loading module bindings from core:org.codehaus.griffon.runtime.core.DefaultApplicationModule@15fc1c68
[Test worker] DEBUG org.codehaus.griffon.runtime.core.DefaultApplicationBootstrapper - Loading module bindings from integration:integration.IntegrationModule@5aacfb1e
[Test worker] TRACE org.codehaus.griffon.runtime.core.DefaultApplicationBootstrapper - InstanceBinding[source=griffon.core.GriffonApplication, instance=integration.TestGriffonApplication@64be9596, singleton=true]
[Test worker] TRACE org.codehaus.griffon.runtime.core.DefaultApplicationBootstrapper - TargetBinding[source=griffon.core.ApplicationClassLoader, target=org.codehaus.griffon.runtime.core.DefaultApplicationClassLoader, singleton=true]
[Test worker] TRACE org.codehaus.griffon.runtime.core.DefaultApplicationBootstrapper - TargetBinding[source=griffon.core.ApplicationConfigurer, target=org.codehaus.griffon.runtime.core.DefaultApplicationConfigurer, singleton=true]
[Test worker] TRACE org.codehaus.griffon.runtime.core.DefaultApplicationBootstrapper - TargetBinding[source=griffon.core.resources.ResourceHandler, target=org.codehaus.griffon.runtime.core.resources.DefaultResourceHandler, singleton=true]
[Test worker] TRACE org.codehaus.griffon.runtime.core.DefaultApplicationBootstrapper - TargetBinding[source=griffon.util.CompositeResourceBundleBuilder, target=org.codehaus.griffon.runtime.util.DefaultCompositeResourceBundleBuilder, singleton=true]
[Test worker] TRACE org.codehaus.griffon.runtime.core.DefaultApplicationBootstrapper - ProviderBinding[source=java.util.ResourceBundle, classifier=@javax.inject.Named(value=applicationResourceBundle), provider=org.codehaus.griffon.runtime.util.ResourceBundleProvider@1c4ede86, singleton=true]
[Test worker] TRACE org.codehaus.griffon.runtime.core.DefaultApplicationBootstrapper - TargetBinding[source=griffon.core.Configuration, target=org.codehaus.griffon.runtime.core.DefaultConfiguration, singleton=true]
[Test worker] TRACE org.codehaus.griffon.runtime.core.DefaultApplicationBootstrapper - TargetBinding[source=griffon.core.ExecutorServiceManager, target=org.codehaus.griffon.runtime.core.DefaultExecutorServiceManager, singleton=true]
[Test worker] TRACE org.codehaus.griffon.runtime.core.DefaultApplicationBootstrapper - TargetBinding[source=griffon.core.event.EventRouter, classifier=@javax.inject.Named(value=applicationEventRouter), target=org.codehaus.griffon.runtime.core.event.DefaultEventRouter, singleton=true]
[Test worker] TRACE org.codehaus.griffon.runtime.core.DefaultApplicationBootstrapper - TargetBinding[source=griffon.core.event.EventRouter, target=org.codehaus.griffon.runtime.core.event.DefaultEventRouter, singleton=false]
[Test worker] TRACE org.codehaus.griffon.runtime.core.DefaultApplicationBootstrapper - ProviderBinding[source=griffon.core.resources.ResourceResolver, classifier=@javax.inject.Named(value=applicationResourceResolver), provider=org.codehaus.griffon.runtime.core.resources.ResourceResolverProvider@7df33dee, singleton=true]
[Test worker] TRACE org.codehaus.griffon.runtime.core.DefaultApplicationBootstrapper - ProviderBinding[source=griffon.core.i18n.MessageSource, classifier=@javax.inject.Named(value=applicationMessageSource), provider=org.codehaus.griffon.runtime.core.i18n.MessageSourceProvider@6c6714db, singleton=true]
[Test worker] TRACE org.codehaus.griffon.runtime.core.DefaultApplicationBootstrapper - TargetBinding[source=griffon.core.resources.ResourceInjector, classifier=@javax.inject.Named(value=applicationResourceInjector), target=org.codehaus.griffon.runtime.core.resources.DefaultApplicationResourceInjector, singleton=true]
[Test worker] TRACE org.codehaus.griffon.runtime.core.DefaultApplicationBootstrapper - TargetBinding[source=griffon.core.threading.UIThreadManager, target=org.codehaus.griffon.runtime.core.threading.DefaultUIThreadManager, singleton=true]
[Test worker] TRACE org.codehaus.griffon.runtime.core.DefaultApplicationBootstrapper - TargetBinding[source=griffon.core.mvc.MVCGroupManager, target=org.codehaus.griffon.runtime.core.mvc.DefaultMVCGroupManager, singleton=true]
[Test worker] TRACE org.codehaus.griffon.runtime.core.DefaultApplicationBootstrapper - ProviderBinding[source=griffon.core.LifecycleHandler, classifier=@javax.inject.Named(value=Initialize), provider=org.codehaus.griffon.runtime.core.LifecycleHandlerProvider@638a6d76, singleton=true]
[Test worker] TRACE org.codehaus.griffon.runtime.core.DefaultApplicationBootstrapper - ProviderBinding[source=griffon.core.LifecycleHandler, classifier=@javax.inject.Named(value=Startup), provider=org.codehaus.griffon.runtime.core.LifecycleHandlerProvider@15189108, singleton=true]
[Test worker] TRACE org.codehaus.griffon.runtime.core.DefaultApplicationBootstrapper - ProviderBinding[source=griffon.core.LifecycleHandler, classifier=@javax.inject.Named(value=Ready), provider=org.codehaus.griffon.runtime.core.LifecycleHandlerProvider@7fd9af09, singleton=true]
[Test worker] TRACE org.codehaus.griffon.runtime.core.DefaultApplicationBootstrapper - ProviderBinding[source=griffon.core.LifecycleHandler, classifier=@javax.inject.Named(value=Shutdown), provider=org.codehaus.griffon.runtime.core.LifecycleHandlerProvider@2c72b972, singleton=true]
[Test worker] TRACE org.codehaus.griffon.runtime.core.DefaultApplicationBootstrapper - ProviderBinding[source=griffon.core.LifecycleHandler, classifier=@javax.inject.Named(value=Stop), provider=org.codehaus.griffon.runtime.core.LifecycleHandlerProvider@1fed022a, singleton=true]
[Test worker] TRACE org.codehaus.griffon.runtime.core.DefaultApplicationBootstrapper - TargetBinding[source=griffon.core.view.WindowManager, target=org.codehaus.griffon.runtime.core.view.NoopWindowManager, singleton=true]
[Test worker] TRACE org.codehaus.griffon.runtime.core.DefaultApplicationBootstrapper - TargetBinding[source=griffon.core.controller.ActionManager, target=org.codehaus.griffon.runtime.core.controller.DefaultActionManager, singleton=true]
[Test worker] TRACE org.codehaus.griffon.runtime.core.DefaultApplicationBootstrapper - TargetBinding[source=griffon.core.artifact.ArtifactManager, target=org.codehaus.griffon.runtime.core.artifact.DefaultArtifactManager, singleton=true]
[Test worker] TRACE org.codehaus.griffon.runtime.core.DefaultApplicationBootstrapper - TargetBinding[source=griffon.core.artifact.ArtifactHandler, classifier=@griffon.inject.Typed(value=interface griffon.core.artifact.GriffonModel), target=org.codehaus.griffon.runtime.core.artifact.ModelArtifactHandler, singleton=true]
[Test worker] TRACE org.codehaus.griffon.runtime.core.DefaultApplicationBootstrapper - TargetBinding[source=griffon.core.artifact.ArtifactHandler, classifier=@griffon.inject.Typed(value=interface griffon.core.artifact.GriffonView), target=org.codehaus.griffon.runtime.core.artifact.ViewArtifactHandler, singleton=true]
[Test worker] TRACE org.codehaus.griffon.runtime.core.DefaultApplicationBootstrapper - TargetBinding[source=griffon.core.artifact.ArtifactHandler, classifier=@griffon.inject.Typed(value=interface griffon.core.artifact.GriffonController), target=org.codehaus.griffon.runtime.core.artifact.ControllerArtifactHandler, singleton=true]
[Test worker] TRACE org.codehaus.griffon.runtime.core.DefaultApplicationBootstrapper - TargetBinding[source=griffon.core.artifact.ArtifactHandler, classifier=@griffon.inject.Typed(value=interface griffon.core.artifact.GriffonService), target=org.codehaus.griffon.runtime.core.artifact.ServiceArtifactHandler, singleton=true]
[Test worker] TRACE org.codehaus.griffon.runtime.core.DefaultApplicationBootstrapper - ProviderTypeBinding[source=griffon.core.PlatformHandler, providerType=class org.codehaus.griffon.runtime.core.PlatformHandlerProvider, singleton=true]
[Test worker] TRACE org.codehaus.griffon.runtime.core.DefaultApplicationBootstrapper - TargetBinding[source=griffon.core.addon.AddonManager, target=org.codehaus.griffon.runtime.core.addon.DefaultAddonManager, singleton=true]
[Test worker] TRACE org.codehaus.griffon.runtime.core.DefaultApplicationBootstrapper - TargetBinding[source=griffon.core.event.EventHandler, target=org.codehaus.griffon.runtime.core.event.DefaultEventHandler, singleton=true]
[Test worker] TRACE org.codehaus.griffon.runtime.core.DefaultApplicationBootstrapper - TargetBinding[source=griffon.core.GriffonExceptionHandler, target=griffon.core.GriffonExceptionHandler, singleton=true]
[Test worker] TRACE org.codehaus.griffon.runtime.core.DefaultApplicationBootstrapper - TargetBinding[source=griffon.core.addon.GriffonAddon, classifier=@javax.inject.Named(value=integration), target=integration.IntegrationAddon, singleton=true]
[Test worker] TRACE org.codehaus.griffon.runtime.core.DefaultApplicationBootstrapper - TargetBinding[source=griffon.core.controller.ActionInterceptor, target=integration.InvokeActionInterceptor, singleton=true]
[Test worker] DEBUG org.codehaus.griffon.runtime.core.DefaultApplicationBootstrapper - Creating application injector
[Test worker] DEBUG org.codehaus.griffon.runtime.core.DefaultApplicationBootstrapper - Injector will be created by integration.GuiceInjectorFactory@12923c6
[Test worker] DEBUG org.codehaus.griffon.runtime.core.event.AbstractEventRouter - Adding listener org.codehaus.griffon.runtime.core.MVCGroupExceptionHandler on UncaughtMVCGroupConfigurationException
[Test worker] DEBUG org.codehaus.griffon.runtime.core.event.AbstractEventRouter - Adding listener org.codehaus.griffon.runtime.core.MVCGroupExceptionHandler on UncaughtMVCGroupInstantiationException
[Test worker] DEBUG org.codehaus.griffon.runtime.core.event.AbstractEventRouter - Triggering event 'BootstrapStart' synchronously
[Test worker] DEBUG griffon.util.ServiceLoaderUtils - Reading java.beans.PropertyEditor definitions from file:/home/travis/build/aalmiray/griffon2/subprojects/griffon-core/build/resources/main/META-INF/editors/java.beans.PropertyEditor
[Test worker] DEBUG org.codehaus.griffon.runtime.core.DefaultApplicationConfigurer - Registering griffon.core.editors.StringPropertyEditor as editor for java.lang.String
[Test worker] DEBUG org.codehaus.griffon.runtime.core.DefaultApplicationConfigurer - Registering griffon.core.editors.FilePropertyEditor as editor for java.io.File
[Test worker] DEBUG org.codehaus.griffon.runtime.core.DefaultApplicationConfigurer - Registering griffon.core.editors.URLPropertyEditor as editor for java.net.URL
[Test worker] DEBUG org.codehaus.griffon.runtime.core.DefaultApplicationConfigurer - Registering griffon.core.editors.URIPropertyEditor as editor for java.net.URI
[Test worker] DEBUG org.codehaus.griffon.runtime.core.DefaultApplicationConfigurer - Registering griffon.core.editors.BigDecimalPropertyEditor as editor for java.math.BigDecimal
[Test worker] DEBUG org.codehaus.griffon.runtime.core.DefaultApplicationConfigurer - Registering griffon.core.editors.BigIntegerPropertyEditor as editor for java.math.BigInteger
[Test worker] DEBUG org.codehaus.griffon.runtime.core.DefaultApplicationConfigurer - Registering griffon.core.editors.BooleanPropertyEditor as editor for java.lang.Boolean
[Test worker] DEBUG org.codehaus.griffon.runtime.core.DefaultApplicationConfigurer - Registering griffon.core.editors.BytePropertyEditor as editor for java.lang.Byte
[Test worker] DEBUG org.codehaus.griffon.runtime.core.DefaultApplicationConfigurer - Registering griffon.core.editors.ShortPropertyEditor as editor for java.lang.Short
[Test worker] DEBUG org.codehaus.griffon.runtime.core.DefaultApplicationConfigurer - Registering griffon.core.editors.IntegerPropertyEditor as editor for java.lang.Integer
[Test worker] DEBUG org.codehaus.griffon.runtime.core.DefaultApplicationConfigurer - Registering griffon.core.editors.LongPropertyEditor as editor for java.lang.Long
[Test worker] DEBUG org.codehaus.griffon.runtime.core.DefaultApplicationConfigurer - Registering griffon.core.editors.FloatPropertyEditor as editor for java.lang.Float
[Test worker] DEBUG org.codehaus.griffon.runtime.core.DefaultApplicationConfigurer - Registering griffon.core.editors.DoublePropertyEditor as editor for java.lang.Double
[Test worker] DEBUG org.codehaus.griffon.runtime.core.DefaultApplicationConfigurer - Registering griffon.core.editors.CalendarPropertyEditor as editor for java.util.Calendar
[Test worker] DEBUG org.codehaus.griffon.runtime.core.DefaultApplicationConfigurer - Registering griffon.core.editors.DatePropertyEditor as editor for java.util.Date
[Test worker] DEBUG org.codehaus.griffon.runtime.core.DefaultApplicationConfigurer - Registering griffon.core.editors.BooleanPropertyEditor as editor for boolean
[Test worker] DEBUG org.codehaus.griffon.runtime.core.DefaultApplicationConfigurer - Registering griffon.core.editors.BytePropertyEditor as editor for byte
[Test worker] DEBUG org.codehaus.griffon.runtime.core.DefaultApplicationConfigurer - Registering griffon.core.editors.ShortPropertyEditor as editor for short
[Test worker] DEBUG org.codehaus.griffon.runtime.core.DefaultApplicationConfigurer - Registering griffon.core.editors.IntegerPropertyEditor as editor for int
[Test worker] DEBUG org.codehaus.griffon.runtime.core.DefaultApplicationConfigurer - Registering griffon.core.editors.LongPropertyEditor as editor for long
[Test worker] DEBUG org.codehaus.griffon.runtime.core.DefaultApplicationConfigurer - Registering griffon.core.editors.FloatPropertyEditor as editor for float
[Test worker] DEBUG org.codehaus.griffon.runtime.core.DefaultApplicationConfigurer - Registering griffon.core.editors.DoublePropertyEditor as editor for double
[Test worker] DEBUG org.codehaus.griffon.runtime.core.event.AbstractEventRouter - Adding listener org.codehaus.griffon.runtime.core.DefaultApplicationConfigurer$2 on NewInstance
[Test worker] TRACE griffon.util.CompositeResourceBundle - Searching key=mvcGroups
[Test worker] TRACE griffon.util.CompositeResourceBundle - Bundle griffon.util.ExpandableResourceBundle@9b1a755; key=mvcGroups; value='{integration={controller=integration.IntegrationController, config={color=#0000FF}, view=integration.IntegrationView, model=integration.IntegrationModel}}'
[Test worker] TRACE griffon.util.CompositeResourceBundle - Searching key=mvcGroups.integration.controller
[Test worker] TRACE griffon.util.CompositeResourceBundle - Bundle griffon.util.ExpandableResourceBundle@9b1a755; key=mvcGroups.integration.controller; value='integration.IntegrationController'
[Test worker] TRACE griffon.util.CompositeResourceBundle - Searching key=mvcGroups.integration.config.color
[Test worker] TRACE griffon.util.CompositeResourceBundle - Bundle griffon.util.ExpandableResourceBundle@9b1a755; key=mvcGroups.integration.config.color; value='#0000FF'
[Test worker] TRACE griffon.util.CompositeResourceBundle - Searching key=application
[Test worker] TRACE griffon.util.CompositeResourceBundle - Bundle griffon.util.ExpandableResourceBundle@9b1a755; key=application; value='{autoShutdown=true, title=integration, startupGroups=[integration]}'
[Test worker] TRACE griffon.util.CompositeResourceBundle - Searching key=application.autoShutdown
[Test worker] TRACE griffon.util.CompositeResourceBundle - Bundle griffon.util.ExpandableResourceBundle@9b1a755; key=application.autoShutdown; value='true'
[Test worker] TRACE griffon.util.CompositeResourceBundle - Searching key=application.title
[Test worker] TRACE griffon.util.CompositeResourceBundle - Bundle griffon.util.ExpandableResourceBundle@9b1a755; key=application.title; value='integration'
[Test worker] TRACE griffon.util.CompositeResourceBundle - Searching key=application.startupGroups
[Test worker] TRACE griffon.util.CompositeResourceBundle - Bundle griffon.util.ExpandableResourceBundle@9b1a755; key=application.startupGroups; value='[integration]'
[Test worker] TRACE griffon.util.CompositeResourceBundle - Searching key=mvcGroups.integration.view
[Test worker] TRACE griffon.util.CompositeResourceBundle - Bundle griffon.util.ExpandableResourceBundle@9b1a755; key=mvcGroups.integration.view; value='integration.IntegrationView'
[Test worker] TRACE griffon.util.CompositeResourceBundle - Searching key=mvcGroups.integration.model
[Test worker] TRACE griffon.util.CompositeResourceBundle - Bundle griffon.util.ExpandableResourceBundle@9b1a755; key=mvcGroups.integration.model; value='integration.IntegrationModel'
[Test worker] TRACE griffon.util.CompositeResourceBundle - Searching key=application.lifecycle.handler.disable
[Test worker] TRACE griffon.util.CompositeResourceBundle - Searching key=application
[Test worker] TRACE griffon.util.CompositeResourceBundle - Bundle griffon.util.ExpandableResourceBundle@9b1a755; key=application; value='{autoShutdown=true, title=integration, startupGroups=[integration]}'
[Test worker] TRACE griffon.util.CompositeResourceBundle - Searching key=platform.handler.linux64
[Test worker] TRACE griffon.util.CompositeResourceBundle - Searching key=platform
[Test worker] DEBUG org.codehaus.griffon.runtime.core.PlatformHandlerProvider - Using org.codehaus.griffon.runtime.core.DefaultPlatformHandler as PlatformHandler
[Test worker] DEBUG org.codehaus.griffon.runtime.core.addon.AbstractAddonManager - Loading addons [START]
[Test worker] DEBUG griffon.util.AnnotationUtils - Current addon order is [integration]
[Test worker] TRACE griffon.util.AnnotationUtils - Processing addon 'integration'
[Test worker] TRACE griffon.util.AnnotationUtils -   depends on '[]'
[Test worker] TRACE griffon.util.AnnotationUtils -   adding addon 'integration', since all dependencies have been added
[Test worker] TRACE griffon.util.AnnotationUtils - addon dependency ordering complete
[Test worker] DEBUG griffon.util.AnnotationUtils - computed addon order is [integration]
[Test worker] DEBUG org.codehaus.griffon.runtime.core.event.AbstractEventRouter - Triggering event 'LoadAddonsStart' synchronously
[Test worker] DEBUG org.codehaus.griffon.runtime.core.addon.AbstractAddonManager - Loading addon integration with class integration.IntegrationAddon
[Test worker] DEBUG org.codehaus.griffon.runtime.core.event.AbstractEventRouter - Triggering event 'LoadAddonStart' synchronously
[Test worker] DEBUG org.codehaus.griffon.runtime.core.event.AbstractEventRouter - Adding listener integration.IntegrationAddon@88a5e7
[Test worker] DEBUG org.codehaus.griffon.runtime.core.addon.AbstractAddonManager - Adding MVC group simple
[Test worker] DEBUG org.codehaus.griffon.runtime.core.event.AbstractEventRouter - Triggering event 'LoadAddonEnd' synchronously
[Test worker] DEBUG org.codehaus.griffon.runtime.core.addon.AbstractAddonManager - Loaded addon integration
[Test worker] DEBUG org.codehaus.griffon.runtime.core.addon.AbstractAddonManager - Loading addons [END]
[Test worker] DEBUG org.codehaus.griffon.runtime.core.event.AbstractEventRouter - Triggering event 'LoadAddonsEnd' synchronously
[Test worker] TRACE griffon.util.CompositeResourceBundle - Searching key=mvcGroups
[Test worker] TRACE griffon.util.CompositeResourceBundle - Bundle griffon.util.ExpandableResourceBundle@9b1a755; key=mvcGroups; value='{integration={controller=integration.IntegrationController, config={color=#0000FF}, view=integration.IntegrationView, model=integration.IntegrationModel}}'
[Test worker] DEBUG org.codehaus.griffon.runtime.core.DefaultApplicationConfigurer - Adding MVC group integration
[Test worker] DEBUG org.codehaus.griffon.runtime.core.event.AbstractEventRouter - Adding listener org.codehaus.griffon.runtime.core.DefaultApplicationConfigurer$3 on NewInstance
[Test worker] TRACE griffon.util.CompositeResourceBundle - Searching key=griffon.controller.action.interceptor.order
[Test worker] TRACE griffon.util.CompositeResourceBundle - Searching key=griffon
[Test worker] DEBUG griffon.util.AnnotationUtils - Current interceptor order is [invoke]
[Test worker] TRACE griffon.util.AnnotationUtils - Processing interceptor 'invoke'
[Test worker] TRACE griffon.util.AnnotationUtils -   depends on '[]'
[Test worker] TRACE griffon.util.AnnotationUtils -   adding interceptor 'invoke', since all dependencies have been added
[Test worker] TRACE griffon.util.AnnotationUtils - interceptor dependency ordering complete
[Test worker] DEBUG griffon.util.AnnotationUtils - computed interceptor order is [invoke]
[Test worker] DEBUG org.codehaus.griffon.runtime.core.artifact.AbstractArtifactManager - Registering artifact handler for type 'model': org.codehaus.griffon.runtime.core.artifact.ModelArtifactHandler@4edaa789
[Test worker] DEBUG org.codehaus.griffon.runtime.core.artifact.AbstractArtifactManager - Registering artifact handler for type 'view': org.codehaus.griffon.runtime.core.artifact.ViewArtifactHandler@752d3bd0
[Test worker] DEBUG org.codehaus.griffon.runtime.core.artifact.AbstractArtifactManager - Registering artifact handler for type 'controller': org.codehaus.griffon.runtime.core.artifact.ControllerArtifactHandler@6cb210c9
[Test worker] DEBUG org.codehaus.griffon.runtime.core.artifact.AbstractArtifactManager - Registering artifact handler for type 'service': org.codehaus.griffon.runtime.core.artifact.ServiceArtifactHandler@1e6c33df
[Test worker] DEBUG griffon.util.ServiceLoaderUtils - Reading griffon.core.artifact.GriffonService definitions from file:/home/travis/build/aalmiray/griffon2/subprojects/griffon-core/build/resources/test/META-INF/griffon/griffon.core.artifact.GriffonService
[Test worker] DEBUG griffon.util.ServiceLoaderUtils - Reading griffon.core.artifact.GriffonController definitions from file:/home/travis/build/aalmiray/griffon2/subprojects/griffon-core/build/resources/test/META-INF/griffon/griffon.core.artifact.GriffonController
[Test worker] DEBUG griffon.util.ServiceLoaderUtils - Reading griffon.core.artifact.GriffonModel definitions from file:/home/travis/build/aalmiray/griffon2/subprojects/griffon-core/build/resources/test/META-INF/griffon/griffon.core.artifact.GriffonModel
[Test worker] DEBUG griffon.util.ServiceLoaderUtils - Reading griffon.core.artifact.GriffonView definitions from file:/home/travis/build/aalmiray/griffon2/subprojects/griffon-core/build/resources/test/META-INF/griffon/griffon.core.artifact.GriffonView
[Test worker] DEBUG org.codehaus.griffon.runtime.core.artifact.DefaultArtifactManager - Artifacts of type 'service' = 1
[Test worker] DEBUG org.codehaus.griffon.runtime.core.artifact.DefaultArtifactManager - Artifacts of type 'controller' = 2
[Test worker] DEBUG org.codehaus.griffon.runtime.core.artifact.DefaultArtifactManager - Artifacts of type 'model' = 2
[Test worker] DEBUG org.codehaus.griffon.runtime.core.artifact.DefaultArtifactManager - Artifacts of type 'view' = 2
[Test worker] TRACE org.codehaus.griffon.runtime.core.artifact.AbstractArtifactManager - InstanceBinding[source=griffon.core.artifact.GriffonClass, classifier=@griffon.inject.Typed(value=class integration.IntegrationService), instance=Artifact[service] > Integration, singleton=true]
[Test worker] TRACE org.codehaus.griffon.runtime.core.artifact.AbstractArtifactManager - TargetBinding[source=integration.IntegrationService, target=integration.IntegrationService, singleton=true]
[Test worker] TRACE org.codehaus.griffon.runtime.core.artifact.AbstractArtifactManager - InstanceBinding[source=griffon.core.artifact.GriffonClass, classifier=@griffon.inject.Typed(value=class integration.IntegrationController), instance=Artifact[controller] > Integration, singleton=true]
[Test worker] TRACE org.codehaus.griffon.runtime.core.artifact.AbstractArtifactManager - TargetBinding[source=integration.IntegrationController, target=integration.IntegrationController, singleton=false]
[Test worker] TRACE org.codehaus.griffon.runtime.core.artifact.AbstractArtifactManager - InstanceBinding[source=griffon.core.artifact.GriffonClass, classifier=@griffon.inject.Typed(value=class integration.SimpleController), instance=Artifact[controller] > Simple, singleton=true]
[Test worker] TRACE org.codehaus.griffon.runtime.core.artifact.AbstractArtifactManager - TargetBinding[source=integration.SimpleController, target=integration.SimpleController, singleton=false]
[Test worker] TRACE org.codehaus.griffon.runtime.core.artifact.AbstractArtifactManager - InstanceBinding[source=griffon.core.artifact.GriffonClass, classifier=@griffon.inject.Typed(value=class integration.IntegrationModel), instance=Artifact[model] > Integration, singleton=true]
[Test worker] TRACE org.codehaus.griffon.runtime.core.artifact.AbstractArtifactManager - TargetBinding[source=integration.IntegrationModel, target=integration.IntegrationModel, singleton=false]
[Test worker] TRACE org.codehaus.griffon.runtime.core.artifact.AbstractArtifactManager - InstanceBinding[source=griffon.core.artifact.GriffonClass, classifier=@griffon.inject.Typed(value=class integration.SimpleModel), instance=Artifact[model] > Simple, singleton=true]
[Test worker] TRACE org.codehaus.griffon.runtime.core.artifact.AbstractArtifactManager - TargetBinding[source=integration.SimpleModel, target=integration.SimpleModel, singleton=false]
[Test worker] TRACE org.codehaus.griffon.runtime.core.artifact.AbstractArtifactManager - InstanceBinding[source=griffon.core.artifact.GriffonClass, classifier=@griffon.inject.Typed(value=class integration.IntegrationView), instance=Artifact[view] > Integration, singleton=true]
[Test worker] TRACE org.codehaus.griffon.runtime.core.artifact.AbstractArtifactManager - TargetBinding[source=integration.IntegrationView, target=integration.IntegrationView, singleton=false]
[Test worker] TRACE org.codehaus.griffon.runtime.core.artifact.AbstractArtifactManager - InstanceBinding[source=griffon.core.artifact.GriffonClass, classifier=@griffon.inject.Typed(value=class integration.SimpleView), instance=Artifact[view] > Simple, singleton=true]
[Test worker] TRACE org.codehaus.griffon.runtime.core.artifact.AbstractArtifactManager - TargetBinding[source=integration.SimpleView, target=integration.SimpleView, singleton=false]
[Test worker] DEBUG org.codehaus.griffon.runtime.core.event.AbstractEventRouter - Triggering event 'BootstrapEnd' synchronously
[Test worker] DEBUG org.codehaus.griffon.runtime.core.event.AbstractEventRouter - Triggering event 'StartupStart' synchronously
[Test worker] TRACE griffon.util.CompositeResourceBundle - Searching key=application.startupGroups
[Test worker] TRACE griffon.util.CompositeResourceBundle - Bundle griffon.util.ExpandableResourceBundle@9b1a755; key=application.startupGroups; value='[integration]'
[Test worker] INFO integration.TestGriffonApplication - Initializing all startup groups: [integration]
[Test worker] DEBUG org.codehaus.griffon.runtime.core.mvc.AbstractMVCGroupManager - Searching group integration
[Test worker] DEBUG org.codehaus.griffon.runtime.core.mvc.DefaultMVCGroupManager - Building MVC group 'integration' with name 'integration'
[Test worker] DEBUG org.codehaus.griffon.runtime.core.artifact.AbstractArtifactManager - Searching for griffonClass of integration.IntegrationController
[Test worker] DEBUG org.codehaus.griffon.runtime.core.artifact.AbstractArtifactManager - Searching for griffonClass of integration.IntegrationView
[Test worker] DEBUG org.codehaus.griffon.runtime.core.artifact.AbstractArtifactManager - Searching for griffonClass of integration.IntegrationModel
[Test worker] DEBUG org.codehaus.griffon.runtime.core.artifact.AbstractArtifactManager - Searching for griffonClass of integration.IntegrationController
[Test worker] DEBUG org.codehaus.griffon.runtime.core.artifact.AbstractArtifactManager - Searching for griffonClass of integration.IntegrationController
[Test worker] DEBUG org.codehaus.griffon.runtime.core.event.AbstractEventRouter - Triggering event 'NewInstance' synchronously
[Test worker] DEBUG org.codehaus.griffon.runtime.core.event.AbstractEventRouter - Triggering event 'NewInstance' synchronously
[Test worker] DEBUG org.codehaus.griffon.runtime.core.artifact.AbstractArtifactManager - Searching for griffonClass of integration.IntegrationController
[Test worker] TRACE griffon.util.CompositeResourceBundle - Searching key=integration.IntegrationController.action.Abort.name
[Test worker] TRACE griffon.util.CompositeResourceBundle - Searching key=application.action.Abort.name
[Test worker] TRACE org.codehaus.griffon.runtime.core.controller.AbstractActionManager - integration.IntegrationController.action.Abort.name = Abort
[Test worker] DEBUG org.codehaus.griffon.runtime.core.controller.AbstractActionManager - Configuring action integration.IntegrationController.abort with integration.InvokeActionInterceptor@61cc5ef
[Test worker] TRACE org.codehaus.griffon.runtime.core.controller.AbstractActionManager - Action for integration.IntegrationController.abort stored as abort
[Test worker] TRACE griffon.util.CompositeResourceBundle - Searching key=integration.IntegrationController.action.HandleException.name
[Test worker] TRACE griffon.util.CompositeResourceBundle - Searching key=application.action.HandleException.name
[Test worker] TRACE org.codehaus.griffon.runtime.core.controller.AbstractActionManager - integration.IntegrationController.action.HandleException.name = Handle Exception
[Test worker] DEBUG org.codehaus.griffon.runtime.core.controller.AbstractActionManager - Configuring action integration.IntegrationController.handleException with integration.InvokeActionInterceptor@61cc5ef
[Test worker] TRACE org.codehaus.griffon.runtime.core.controller.AbstractActionManager - Action for integration.IntegrationController.handleException stored as handleException
[Test worker] TRACE griffon.util.CompositeResourceBundle - Searching key=integration.IntegrationController.action.SayHello.name
[Test worker] TRACE griffon.util.CompositeResourceBundle - Searching key=application.action.SayHello.name
[Test worker] TRACE org.codehaus.griffon.runtime.core.controller.AbstractActionManager - integration.IntegrationController.action.SayHello.name = Say Hello
[Test worker] DEBUG org.codehaus.griffon.runtime.core.controller.AbstractActionManager - Configuring action integration.IntegrationController.sayHello with integration.InvokeActionInterceptor@61cc5ef
[Test worker] TRACE org.codehaus.griffon.runtime.core.controller.AbstractActionManager - Action for integration.IntegrationController.sayHello stored as sayHello
[Test worker] TRACE griffon.util.CompositeResourceBundle - Searching key=integration.IntegrationController.action.ThrowException.name
[Test worker] TRACE griffon.util.CompositeResourceBundle - Searching key=application.action.ThrowException.name
[Test worker] TRACE org.codehaus.griffon.runtime.core.controller.AbstractActionManager - integration.IntegrationController.action.ThrowException.name = Throw Exception
[Test worker] DEBUG org.codehaus.griffon.runtime.core.controller.AbstractActionManager - Configuring action integration.IntegrationController.throwException with integration.InvokeActionInterceptor@61cc5ef
[Test worker] TRACE org.codehaus.griffon.runtime.core.controller.AbstractActionManager - Action for integration.IntegrationController.throwException stored as throwException
[Test worker] DEBUG org.codehaus.griffon.runtime.core.artifact.AbstractArtifactManager - Searching for griffonClass of integration.IntegrationView
[Test worker] DEBUG org.codehaus.griffon.runtime.core.artifact.AbstractArtifactManager - Searching for griffonClass of integration.IntegrationView
[Test worker] DEBUG org.codehaus.griffon.runtime.core.event.AbstractEventRouter - Triggering event 'NewInstance' synchronously
[Test worker] DEBUG org.codehaus.griffon.runtime.core.artifact.AbstractArtifactManager - Searching for griffonClass of integration.IntegrationModel
[Test worker] DEBUG org.codehaus.griffon.runtime.core.artifact.AbstractArtifactManager - Searching for griffonClass of integration.IntegrationModel
[Test worker] DEBUG org.codehaus.griffon.runtime.core.event.AbstractEventRouter - Triggering event 'NewInstance' synchronously
[Test worker] DEBUG org.codehaus.griffon.runtime.core.event.AbstractEventRouter - Triggering event 'InitializeMVCGroup' synchronously
[Test worker] DEBUG org.codehaus.griffon.runtime.core.mvc.AbstractMVCGroupManager - Adding group integration:org.codehaus.griffon.runtime.core.mvc.DefaultMVCGroup@160630e1[integration:integration]
[Test worker] DEBUG org.codehaus.griffon.runtime.core.mvc.DefaultMVCGroupManager - Initializing each MVC member of group 'integration'
[Test worker] DEBUG org.codehaus.griffon.runtime.core.event.AbstractEventRouter - Triggering event 'CreateMVCGroup' synchronously
[Test worker] TRACE griffon.util.CompositeResourceBundle - Searching key=application.lifecycle.handler.disable
[Test worker] TRACE griffon.util.CompositeResourceBundle - Searching key=application
[Test worker] TRACE griffon.util.CompositeResourceBundle - Bundle griffon.util.ExpandableResourceBundle@9b1a755; key=application; value='{autoShutdown=true, title=integration, startupGroups=[integration]}'
[Test worker] DEBUG org.codehaus.griffon.runtime.core.event.AbstractEventRouter - Triggering event 'StartupEnd' synchronously
[Test worker] DEBUG org.codehaus.griffon.runtime.core.event.AbstractEventRouter - Triggering event 'ReadyStart' synchronously
[Test worker] TRACE griffon.util.CompositeResourceBundle - Searching key=application.lifecycle.handler.disable
[Test worker] TRACE griffon.util.CompositeResourceBundle - Searching key=application
[Test worker] TRACE griffon.util.CompositeResourceBundle - Bundle griffon.util.ExpandableResourceBundle@9b1a755; key=application; value='{autoShutdown=true, title=integration, startupGroups=[integration]}'
[Test worker] DEBUG org.codehaus.griffon.runtime.core.event.AbstractEventRouter - Triggering event 'ReadyEnd' synchronously
[Test worker] DEBUG org.codehaus.griffon.runtime.core.mvc.AbstractMVCGroupManager - Searching group integration
[Test worker] DEBUG org.codehaus.griffon.runtime.core.mvc.AbstractMVCGroupManager - Searching group simple
[Test worker] DEBUG org.codehaus.griffon.runtime.core.mvc.DefaultMVCGroupManager - Building MVC group 'simple' with name 'simple'
[Test worker] DEBUG org.codehaus.griffon.runtime.core.artifact.AbstractArtifactManager - Searching for griffonClass of integration.SimpleModel
[Test worker] DEBUG org.codehaus.griffon.runtime.core.artifact.AbstractArtifactManager - Searching for griffonClass of integration.SimpleView
[Test worker] DEBUG org.codehaus.griffon.runtime.core.artifact.AbstractArtifactManager - Searching for griffonClass of integration.SimpleController
[Test worker] DEBUG org.codehaus.griffon.runtime.core.artifact.AbstractArtifactManager - Searching for griffonClass of integration.SimpleModel
[Test worker] DEBUG org.codehaus.griffon.runtime.core.artifact.AbstractArtifactManager - Searching for griffonClass of integration.SimpleModel
[Test worker] DEBUG org.codehaus.griffon.runtime.core.event.AbstractEventRouter - Triggering event 'NewInstance' synchronously
[Test worker] DEBUG org.codehaus.griffon.runtime.core.artifact.AbstractArtifactManager - Searching for griffonClass of integration.SimpleView
[Test worker] DEBUG org.codehaus.griffon.runtime.core.artifact.AbstractArtifactManager - Searching for griffonClass of integration.SimpleView
[Test worker] DEBUG org.codehaus.griffon.runtime.core.event.AbstractEventRouter - Triggering event 'NewInstance' synchronously
[Test worker] DEBUG org.codehaus.griffon.runtime.core.artifact.AbstractArtifactManager - Searching for griffonClass of integration.SimpleController
[Test worker] DEBUG org.codehaus.griffon.runtime.core.artifact.AbstractArtifactManager - Searching for griffonClass of integration.SimpleController
[Test worker] DEBUG org.codehaus.griffon.runtime.core.event.AbstractEventRouter - Triggering event 'NewInstance' synchronously
[Test worker] DEBUG org.codehaus.griffon.runtime.core.artifact.AbstractArtifactManager - Searching for griffonClass of integration.SimpleController
[Test worker] DEBUG org.codehaus.griffon.runtime.core.event.AbstractEventRouter - Triggering event 'InitializeMVCGroup' synchronously
[Test worker] DEBUG org.codehaus.griffon.runtime.core.mvc.AbstractMVCGroupManager - Adding group simple:org.codehaus.griffon.runtime.core.mvc.DefaultMVCGroup@78dcb136[simple:simple]
[Test worker] DEBUG org.codehaus.griffon.runtime.core.mvc.DefaultMVCGroupManager - Initializing each MVC member of group 'simple'
[Test worker] DEBUG org.codehaus.griffon.runtime.core.event.AbstractEventRouter - Triggering event 'CreateMVCGroup' synchronously
[Test worker] DEBUG org.codehaus.griffon.runtime.core.mvc.AbstractMVCGroupManager - Searching group simple
[Test worker] DEBUG org.codehaus.griffon.runtime.core.mvc.DefaultMVCGroupManager - Group 'simple' points to org.codehaus.griffon.runtime.core.mvc.DefaultMVCGroup@78dcb136[simple:simple]
[Test worker] DEBUG org.codehaus.griffon.runtime.core.mvc.DefaultMVCGroupManager - Destroying MVC group identified by 'simple'
[Test worker] DEBUG org.codehaus.griffon.runtime.core.event.AbstractEventRouter - Removing listener integration.SimpleController@7def8849
[Test worker] DEBUG org.codehaus.griffon.runtime.core.event.AbstractEventRouter - Triggering event 'DestroyInstance' synchronously
[Test worker] DEBUG org.codehaus.griffon.runtime.core.event.AbstractEventRouter - Triggering event 'DestroyInstance' synchronously
[Test worker] DEBUG org.codehaus.griffon.runtime.core.event.AbstractEventRouter - Triggering event 'DestroyInstance' synchronously
[Test worker] DEBUG org.codehaus.griffon.runtime.core.mvc.AbstractMVCGroupManager - Removing group simple:org.codehaus.griffon.runtime.core.mvc.DefaultMVCGroup@78dcb136[simple:simple]
[Test worker] DEBUG org.codehaus.griffon.runtime.core.mvc.AbstractMVCGroupManager - Searching group simple
[Test worker] DEBUG org.codehaus.griffon.runtime.core.mvc.DefaultMVCGroupManager - Group 'simple' points to null
[Test worker] DEBUG org.codehaus.griffon.runtime.core.event.AbstractEventRouter - Triggering event 'DestroyMVCGroup' synchronously
[Test worker] DEBUG org.codehaus.griffon.runtime.core.mvc.AbstractMVCGroupManager - Searching group integration
[Test worker] DEBUG org.codehaus.griffon.runtime.core.mvc.AbstractMVCGroupManager - Searching group simple-1
[Test worker] DEBUG org.codehaus.griffon.runtime.core.mvc.DefaultMVCGroupManager - Building MVC group 'simple' with name 'simple-1'
[Test worker] DEBUG org.codehaus.griffon.runtime.core.artifact.AbstractArtifactManager - Searching for griffonClass of integration.SimpleModel
[Test worker] DEBUG org.codehaus.griffon.runtime.core.artifact.AbstractArtifactManager - Searching for griffonClass of integration.SimpleView
[Test worker] DEBUG org.codehaus.griffon.runtime.core.artifact.AbstractArtifactManager - Searching for griffonClass of integration.SimpleController
[Test worker] DEBUG org.codehaus.griffon.runtime.core.artifact.AbstractArtifactManager - Searching for griffonClass of integration.SimpleModel
[Test worker] DEBUG org.codehaus.griffon.runtime.core.artifact.AbstractArtifactManager - Searching for griffonClass of integration.SimpleModel
[Test worker] DEBUG org.codehaus.griffon.runtime.core.event.AbstractEventRouter - Triggering event 'NewInstance' synchronously
[Test worker] DEBUG org.codehaus.griffon.runtime.core.artifact.AbstractArtifactManager - Searching for griffonClass of integration.SimpleView
[Test worker] DEBUG org.codehaus.griffon.runtime.core.artifact.AbstractArtifactManager - Searching for griffonClass of integration.SimpleView
[Test worker] DEBUG org.codehaus.griffon.runtime.core.event.AbstractEventRouter - Triggering event 'NewInstance' synchronously
[Test worker] DEBUG org.codehaus.griffon.runtime.core.artifact.AbstractArtifactManager - Searching for griffonClass of integration.SimpleController
[Test worker] DEBUG org.codehaus.griffon.runtime.core.artifact.AbstractArtifactManager - Searching for griffonClass of integration.SimpleController
[Test worker] DEBUG org.codehaus.griffon.runtime.core.event.AbstractEventRouter - Triggering event 'NewInstance' synchronously
[Test worker] DEBUG org.codehaus.griffon.runtime.core.artifact.AbstractArtifactManager - Searching for griffonClass of integration.SimpleController
[Test worker] DEBUG org.codehaus.griffon.runtime.core.event.AbstractEventRouter - Triggering event 'InitializeMVCGroup' synchronously
[Test worker] DEBUG org.codehaus.griffon.runtime.core.mvc.AbstractMVCGroupManager - Adding group simple-1:org.codehaus.griffon.runtime.core.mvc.DefaultMVCGroup@3e335a25[simple:simple-1]
[Test worker] DEBUG org.codehaus.griffon.runtime.core.mvc.DefaultMVCGroupManager - Initializing each MVC member of group 'simple-1'
[Test worker] DEBUG org.codehaus.griffon.runtime.core.event.AbstractEventRouter - Triggering event 'CreateMVCGroup' synchronously
[Test worker] DEBUG org.codehaus.griffon.runtime.core.mvc.AbstractMVCGroupManager - Searching group simple-1
[Test worker] DEBUG org.codehaus.griffon.runtime.core.mvc.DefaultMVCGroupManager - Group 'simple-1' points to org.codehaus.griffon.runtime.core.mvc.DefaultMVCGroup@3e335a25[simple:simple-1]
[Test worker] DEBUG org.codehaus.griffon.runtime.core.mvc.DefaultMVCGroupManager - Destroying MVC group identified by 'simple-1'
[Test worker] DEBUG org.codehaus.griffon.runtime.core.event.AbstractEventRouter - Removing listener integration.SimpleController@5bbe9911
[Test worker] DEBUG org.codehaus.griffon.runtime.core.event.AbstractEventRouter - Triggering event 'DestroyInstance' synchronously
[Test worker] DEBUG org.codehaus.griffon.runtime.core.event.AbstractEventRouter - Triggering event 'DestroyInstance' synchronously
[Test worker] DEBUG org.codehaus.griffon.runtime.core.event.AbstractEventRouter - Triggering event 'DestroyInstance' synchronously
[Test worker] DEBUG org.codehaus.griffon.runtime.core.mvc.AbstractMVCGroupManager - Removing group simple-1:org.codehaus.griffon.runtime.core.mvc.DefaultMVCGroup@3e335a25[simple:simple-1]
[Test worker] DEBUG org.codehaus.griffon.runtime.core.mvc.AbstractMVCGroupManager - Searching group simple-1
[Test worker] DEBUG org.codehaus.griffon.runtime.core.mvc.DefaultMVCGroupManager - Group 'simple-1' points to null
[Test worker] DEBUG org.codehaus.griffon.runtime.core.event.AbstractEventRouter - Triggering event 'DestroyMVCGroup' synchronously
[Test worker] DEBUG org.codehaus.griffon.runtime.core.mvc.AbstractMVCGroupManager - Searching group integration
[Test worker] DEBUG org.codehaus.griffon.runtime.core.mvc.AbstractMVCGroupManager - Searching group simple-2
[Test worker] DEBUG org.codehaus.griffon.runtime.core.mvc.DefaultMVCGroupManager - Building MVC group 'simple' with name 'simple-2'
[Test worker] DEBUG org.codehaus.griffon.runtime.core.artifact.AbstractArtifactManager - Searching for griffonClass of integration.SimpleModel
[Test worker] DEBUG org.codehaus.griffon.runtime.core.artifact.AbstractArtifactManager - Searching for griffonClass of integration.SimpleView
[Test worker] DEBUG org.codehaus.griffon.runtime.core.artifact.AbstractArtifactManager - Searching for griffonClass of integration.SimpleController
[Test worker] DEBUG org.codehaus.griffon.runtime.core.artifact.AbstractArtifactManager - Searching for griffonClass of integration.SimpleModel
[Test worker] DEBUG org.codehaus.griffon.runtime.core.artifact.AbstractArtifactManager - Searching for griffonClass of integration.SimpleModel
[Test worker] DEBUG org.codehaus.griffon.runtime.core.event.AbstractEventRouter - Triggering event 'NewInstance' synchronously
[Test worker] DEBUG org.codehaus.griffon.runtime.core.artifact.AbstractArtifactManager - Searching for griffonClass of integration.SimpleView
[Test worker] DEBUG org.codehaus.griffon.runtime.core.artifact.AbstractArtifactManager - Searching for griffonClass of integration.SimpleView
[Test worker] DEBUG org.codehaus.griffon.runtime.core.event.AbstractEventRouter - Triggering event 'NewInstance' synchronously
[Test worker] DEBUG org.codehaus.griffon.runtime.core.artifact.AbstractArtifactManager - Searching for griffonClass of integration.SimpleController
[Test worker] DEBUG org.codehaus.griffon.runtime.core.artifact.AbstractArtifactManager - Searching for griffonClass of integration.SimpleController
[Test worker] DEBUG org.codehaus.griffon.runtime.core.event.AbstractEventRouter - Triggering event 'NewInstance' synchronously
[Test worker] DEBUG org.codehaus.griffon.runtime.core.artifact.AbstractArtifactManager - Searching for griffonClass of integration.SimpleController
[Test worker] DEBUG org.codehaus.griffon.runtime.core.event.AbstractEventRouter - Triggering event 'InitializeMVCGroup' synchronously
[Test worker] DEBUG org.codehaus.griffon.runtime.core.mvc.AbstractMVCGroupManager - Adding group simple-2:org.codehaus.griffon.runtime.core.mvc.DefaultMVCGroup@658ca735[simple:simple-2]
[Test worker] DEBUG org.codehaus.griffon.runtime.core.mvc.DefaultMVCGroupManager - Initializing each MVC member of group 'simple-2'
[Test worker] DEBUG org.codehaus.griffon.runtime.core.event.AbstractEventRouter - Triggering event 'CreateMVCGroup' synchronously
[Test worker] DEBUG org.codehaus.griffon.runtime.core.mvc.AbstractMVCGroupManager - Searching group simple-2
[Test worker] DEBUG org.codehaus.griffon.runtime.core.mvc.DefaultMVCGroupManager - Group 'simple-2' points to org.codehaus.griffon.runtime.core.mvc.DefaultMVCGroup@658ca735[simple:simple-2]
[Test worker] DEBUG org.codehaus.griffon.runtime.core.mvc.DefaultMVCGroupManager - Destroying MVC group identified by 'simple-2'
[Test worker] DEBUG org.codehaus.griffon.runtime.core.event.AbstractEventRouter - Removing listener integration.SimpleController@46873d5
[Test worker] DEBUG org.codehaus.griffon.runtime.core.event.AbstractEventRouter - Triggering event 'DestroyInstance' synchronously
[Test worker] DEBUG org.codehaus.griffon.runtime.core.event.AbstractEventRouter - Triggering event 'DestroyInstance' synchronously
[Test worker] DEBUG org.codehaus.griffon.runtime.core.event.AbstractEventRouter - Triggering event 'DestroyInstance' synchronously
[Test worker] DEBUG org.codehaus.griffon.runtime.core.mvc.AbstractMVCGroupManager - Removing group simple-2:org.codehaus.griffon.runtime.core.mvc.DefaultMVCGroup@658ca735[simple:simple-2]
[Test worker] DEBUG org.codehaus.griffon.runtime.core.mvc.AbstractMVCGroupManager - Searching group simple-2
[Test worker] DEBUG org.codehaus.griffon.runtime.core.mvc.DefaultMVCGroupManager - Group 'simple-2' points to null
[Test worker] DEBUG org.codehaus.griffon.runtime.core.event.AbstractEventRouter - Triggering event 'DestroyMVCGroup' synchronously
[Test worker] DEBUG org.codehaus.griffon.runtime.core.mvc.AbstractMVCGroupManager - Searching group integration
[Test worker] DEBUG org.codehaus.griffon.runtime.core.mvc.AbstractMVCGroupManager - Searching group simple
[Test worker] DEBUG org.codehaus.griffon.runtime.core.mvc.DefaultMVCGroupManager - Building MVC group 'simple' with name 'simple'
[Test worker] DEBUG org.codehaus.griffon.runtime.core.artifact.AbstractArtifactManager - Searching for griffonClass of integration.SimpleModel
[Test worker] DEBUG org.codehaus.griffon.runtime.core.artifact.AbstractArtifactManager - Searching for griffonClass of integration.SimpleView
[Test worker] DEBUG org.codehaus.griffon.runtime.core.artifact.AbstractArtifactManager - Searching for griffonClass of integration.SimpleController
[Test worker] DEBUG org.codehaus.griffon.runtime.core.artifact.AbstractArtifactManager - Searching for griffonClass of integration.SimpleModel
[Test worker] DEBUG org.codehaus.griffon.runtime.core.artifact.AbstractArtifactManager - Searching for griffonClass of integration.SimpleModel
[Test worker] DEBUG org.codehaus.griffon.runtime.core.event.AbstractEventRouter - Triggering event 'NewInstance' synchronously
[Test worker] DEBUG org.codehaus.griffon.runtime.core.artifact.AbstractArtifactManager - Searching for griffonClass of integration.SimpleView
[Test worker] DEBUG org.codehaus.griffon.runtime.core.artifact.AbstractArtifactManager - Searching for griffonClass of integration.SimpleView
[Test worker] DEBUG org.codehaus.griffon.runtime.core.event.AbstractEventRouter - Triggering event 'NewInstance' synchronously
[Test worker] DEBUG org.codehaus.griffon.runtime.core.artifact.AbstractArtifactManager - Searching for griffonClass of integration.SimpleController
[Test worker] DEBUG org.codehaus.griffon.runtime.core.artifact.AbstractArtifactManager - Searching for griffonClass of integration.SimpleController
[Test worker] DEBUG org.codehaus.griffon.runtime.core.event.AbstractEventRouter - Triggering event 'NewInstance' synchronously
[Test worker] DEBUG org.codehaus.griffon.runtime.core.artifact.AbstractArtifactManager - Searching for griffonClass of integration.SimpleController
[Test worker] DEBUG org.codehaus.griffon.runtime.core.event.AbstractEventRouter - Triggering event 'InitializeMVCGroup' synchronously
[Test worker] DEBUG org.codehaus.griffon.runtime.core.mvc.AbstractMVCGroupManager - Adding group simple:org.codehaus.griffon.runtime.core.mvc.DefaultMVCGroup@71507c5c[simple:simple]
[Test worker] DEBUG org.codehaus.griffon.runtime.core.mvc.DefaultMVCGroupManager - Initializing each MVC member of group 'simple'
[Test worker] DEBUG org.codehaus.griffon.runtime.core.event.AbstractEventRouter - Triggering event 'CreateMVCGroup' synchronously
[Test worker] DEBUG org.codehaus.griffon.runtime.core.mvc.AbstractMVCGroupManager - Searching group simple
[Test worker] DEBUG org.codehaus.griffon.runtime.core.mvc.DefaultMVCGroupManager - Group 'simple' points to org.codehaus.griffon.runtime.core.mvc.DefaultMVCGroup@71507c5c[simple:simple]
[Test worker] DEBUG org.codehaus.griffon.runtime.core.mvc.DefaultMVCGroupManager - Destroying MVC group identified by 'simple'
[Test worker] DEBUG org.codehaus.griffon.runtime.core.event.AbstractEventRouter - Removing listener integration.SimpleController@b4f06f0
[Test worker] DEBUG org.codehaus.griffon.runtime.core.event.AbstractEventRouter - Triggering event 'DestroyInstance' synchronously
[Test worker] DEBUG org.codehaus.griffon.runtime.core.event.AbstractEventRouter - Triggering event 'DestroyInstance' synchronously
[Test worker] DEBUG org.codehaus.griffon.runtime.core.event.AbstractEventRouter - Triggering event 'DestroyInstance' synchronously
[Test worker] DEBUG org.codehaus.griffon.runtime.core.mvc.AbstractMVCGroupManager - Removing group simple:org.codehaus.griffon.runtime.core.mvc.DefaultMVCGroup@71507c5c[simple:simple]
[Test worker] DEBUG org.codehaus.griffon.runtime.core.mvc.AbstractMVCGroupManager - Searching group simple
[Test worker] DEBUG org.codehaus.griffon.runtime.core.mvc.DefaultMVCGroupManager - Group 'simple' points to null
[Test worker] DEBUG org.codehaus.griffon.runtime.core.event.AbstractEventRouter - Triggering event 'DestroyMVCGroup' synchronously
[Test worker] DEBUG org.codehaus.griffon.runtime.core.mvc.AbstractMVCGroupManager - Searching group integration
[Test worker] DEBUG org.codehaus.griffon.runtime.core.mvc.AbstractMVCGroupManager - Searching group simple-2
[Test worker] DEBUG org.codehaus.griffon.runtime.core.mvc.DefaultMVCGroupManager - Building MVC group 'simple' with name 'simple-2'
[Test worker] DEBUG org.codehaus.griffon.runtime.core.artifact.AbstractArtifactManager - Searching for griffonClass of integration.SimpleModel
[Test worker] DEBUG org.codehaus.griffon.runtime.core.artifact.AbstractArtifactManager - Searching for griffonClass of integration.SimpleView
[Test worker] DEBUG org.codehaus.griffon.runtime.core.artifact.AbstractArtifactManager - Searching for griffonClass of integration.SimpleController
[Test worker] DEBUG org.codehaus.griffon.runtime.core.artifact.AbstractArtifactManager - Searching for griffonClass of integration.SimpleModel
[Test worker] DEBUG org.codehaus.griffon.runtime.core.artifact.AbstractArtifactManager - Searching for griffonClass of integration.SimpleModel
[Test worker] DEBUG org.codehaus.griffon.runtime.core.event.AbstractEventRouter - Triggering event 'NewInstance' synchronously
[Test worker] DEBUG org.codehaus.griffon.runtime.core.artifact.AbstractArtifactManager - Searching for griffonClass of integration.SimpleView
[Test worker] DEBUG org.codehaus.griffon.runtime.core.artifact.AbstractArtifactManager - Searching for griffonClass of integration.SimpleView
[Test worker] DEBUG org.codehaus.griffon.runtime.core.event.AbstractEventRouter - Triggering event 'NewInstance' synchronously
[Test worker] DEBUG org.codehaus.griffon.runtime.core.artifact.AbstractArtifactManager - Searching for griffonClass of integration.SimpleController
[Test worker] DEBUG org.codehaus.griffon.runtime.core.artifact.AbstractArtifactManager - Searching for griffonClass of integration.SimpleController
[Test worker] DEBUG org.codehaus.griffon.runtime.core.event.AbstractEventRouter - Triggering event 'NewInstance' synchronously
[Test worker] DEBUG org.codehaus.griffon.runtime.core.artifact.AbstractArtifactManager - Searching for griffonClass of integration.SimpleController
[Test worker] DEBUG org.codehaus.griffon.runtime.core.event.AbstractEventRouter - Triggering event 'InitializeMVCGroup' synchronously
[Test worker] DEBUG org.codehaus.griffon.runtime.core.mvc.AbstractMVCGroupManager - Adding group simple-2:org.codehaus.griffon.runtime.core.mvc.DefaultMVCGroup@44578632[simple:simple-2]
[Test worker] DEBUG org.codehaus.griffon.runtime.core.mvc.DefaultMVCGroupManager - Initializing each MVC member of group 'simple-2'
[Test worker] DEBUG org.codehaus.griffon.runtime.core.event.AbstractEventRouter - Triggering event 'CreateMVCGroup' synchronously
[Test worker] DEBUG org.codehaus.griffon.runtime.core.mvc.AbstractMVCGroupManager - Searching group simple-2
[Test worker] DEBUG org.codehaus.griffon.runtime.core.mvc.DefaultMVCGroupManager - Group 'simple-2' points to org.codehaus.griffon.runtime.core.mvc.DefaultMVCGroup@44578632[simple:simple-2]
[Test worker] DEBUG org.codehaus.griffon.runtime.core.mvc.DefaultMVCGroupManager - Destroying MVC group identified by 'simple-2'
[Test worker] DEBUG org.codehaus.griffon.runtime.core.event.AbstractEventRouter - Removing listener integration.SimpleController@2c4a560d
[Test worker] DEBUG org.codehaus.griffon.runtime.core.event.AbstractEventRouter - Triggering event 'DestroyInstance' synchronously
[Test worker] DEBUG org.codehaus.griffon.runtime.core.event.AbstractEventRouter - Triggering event 'DestroyInstance' synchronously
[Test worker] DEBUG org.codehaus.griffon.runtime.core.event.AbstractEventRouter - Triggering event 'DestroyInstance' synchronously
[Test worker] DEBUG org.codehaus.griffon.runtime.core.mvc.AbstractMVCGroupManager - Removing group simple-2:org.codehaus.griffon.runtime.core.mvc.DefaultMVCGroup@44578632[simple:simple-2]
[Test worker] DEBUG org.codehaus.griffon.runtime.core.mvc.AbstractMVCGroupManager - Searching group simple-2
[Test worker] DEBUG org.codehaus.griffon.runtime.core.mvc.DefaultMVCGroupManager - Group 'simple-2' points to null
[Test worker] DEBUG org.codehaus.griffon.runtime.core.event.AbstractEventRouter - Triggering event 'DestroyMVCGroup' synchronously
[Test worker] DEBUG org.codehaus.griffon.runtime.core.mvc.AbstractMVCGroupManager - Searching group integration
[Test worker] DEBUG org.codehaus.griffon.runtime.core.mvc.AbstractMVCGroupManager - Searching group simple
[Test worker] DEBUG org.codehaus.griffon.runtime.core.mvc.DefaultMVCGroupManager - Building MVC group 'simple' with name 'simple'
[Test worker] DEBUG org.codehaus.griffon.runtime.core.artifact.AbstractArtifactManager - Searching for griffonClass of integration.SimpleModel
[Test worker] DEBUG org.codehaus.griffon.runtime.core.artifact.AbstractArtifactManager - Searching for griffonClass of integration.SimpleView
[Test worker] DEBUG org.codehaus.griffon.runtime.core.artifact.AbstractArtifactManager - Searching for griffonClass of integration.SimpleController
[Test worker] DEBUG org.codehaus.griffon.runtime.core.artifact.AbstractArtifactManager - Searching for griffonClass of integration.SimpleModel
[Test worker] DEBUG org.codehaus.griffon.runtime.core.artifact.AbstractArtifactManager - Searching for griffonClass of integration.SimpleModel
[Test worker] DEBUG org.codehaus.griffon.runtime.core.event.AbstractEventRouter - Triggering event 'NewInstance' synchronously
[Test worker] DEBUG org.codehaus.griffon.runtime.core.artifact.AbstractArtifactManager - Searching for griffonClass of integration.SimpleView
[Test worker] DEBUG org.codehaus.griffon.runtime.core.artifact.AbstractArtifactManager - Searching for griffonClass of integration.SimpleView
[Test worker] DEBUG org.codehaus.griffon.runtime.core.event.AbstractEventRouter - Triggering event 'NewInstance' synchronously
[Test worker] DEBUG org.codehaus.griffon.runtime.core.artifact.AbstractArtifactManager - Searching for griffonClass of integration.SimpleController
[Test worker] DEBUG org.codehaus.griffon.runtime.core.artifact.AbstractArtifactManager - Searching for griffonClass of integration.SimpleController
[Test worker] DEBUG org.codehaus.griffon.runtime.core.event.AbstractEventRouter - Triggering event 'NewInstance' synchronously
[Test worker] DEBUG org.codehaus.griffon.runtime.core.artifact.AbstractArtifactManager - Searching for griffonClass of integration.SimpleController
[Test worker] DEBUG org.codehaus.griffon.runtime.core.event.AbstractEventRouter - Triggering event 'InitializeMVCGroup' synchronously
[Test worker] DEBUG org.codehaus.griffon.runtime.core.mvc.AbstractMVCGroupManager - Adding group simple:org.codehaus.griffon.runtime.core.mvc.DefaultMVCGroup@27f993d4[simple:simple]
[Test worker] DEBUG org.codehaus.griffon.runtime.core.mvc.DefaultMVCGroupManager - Initializing each MVC member of group 'simple'
[Test worker] DEBUG org.codehaus.griffon.runtime.core.event.AbstractEventRouter - Triggering event 'CreateMVCGroup' synchronously
[Test worker] DEBUG org.codehaus.griffon.runtime.core.mvc.AbstractMVCGroupManager - Searching group simple
[Test worker] DEBUG org.codehaus.griffon.runtime.core.mvc.DefaultMVCGroupManager - Group 'simple' points to org.codehaus.griffon.runtime.core.mvc.DefaultMVCGroup@27f993d4[simple:simple]
[Test worker] DEBUG org.codehaus.griffon.runtime.core.mvc.DefaultMVCGroupManager - Destroying MVC group identified by 'simple'
[Test worker] DEBUG org.codehaus.griffon.runtime.core.event.AbstractEventRouter - Removing listener integration.SimpleController@3c3abccc
[Test worker] DEBUG org.codehaus.griffon.runtime.core.event.AbstractEventRouter - Triggering event 'DestroyInstance' synchronously
[Test worker] DEBUG org.codehaus.griffon.runtime.core.event.AbstractEventRouter - Triggering event 'DestroyInstance' synchronously
[Test worker] DEBUG org.codehaus.griffon.runtime.core.event.AbstractEventRouter - Triggering event 'DestroyInstance' synchronously
[Test worker] DEBUG org.codehaus.griffon.runtime.core.mvc.AbstractMVCGroupManager - Removing group simple:org.codehaus.griffon.runtime.core.mvc.DefaultMVCGroup@27f993d4[simple:simple]
[Test worker] DEBUG org.codehaus.griffon.runtime.core.mvc.AbstractMVCGroupManager - Searching group simple
[Test worker] DEBUG org.codehaus.griffon.runtime.core.mvc.DefaultMVCGroupManager - Group 'simple' points to null
[Test worker] DEBUG org.codehaus.griffon.runtime.core.event.AbstractEventRouter - Triggering event 'DestroyMVCGroup' synchronously
[Test worker] DEBUG org.codehaus.griffon.runtime.core.mvc.AbstractMVCGroupManager - Searching group integration
[Test worker] DEBUG org.codehaus.griffon.runtime.core.mvc.AbstractMVCGroupManager - Searching group simple
[Test worker] DEBUG org.codehaus.griffon.runtime.core.mvc.DefaultMVCGroupManager - Building MVC group 'simple' with name 'simple'
[Test worker] DEBUG org.codehaus.griffon.runtime.core.artifact.AbstractArtifactManager - Searching for griffonClass of integration.SimpleModel
[Test worker] DEBUG org.codehaus.griffon.runtime.core.artifact.AbstractArtifactManager - Searching for griffonClass of integration.SimpleView
[Test worker] DEBUG org.codehaus.griffon.runtime.core.artifact.AbstractArtifactManager - Searching for griffonClass of integration.SimpleController
[Test worker] DEBUG org.codehaus.griffon.runtime.core.artifact.AbstractArtifactManager - Searching for griffonClass of integration.SimpleModel
[Test worker] DEBUG org.codehaus.griffon.runtime.core.artifact.AbstractArtifactManager - Searching for griffonClass of integration.SimpleModel
[Test worker] DEBUG org.codehaus.griffon.runtime.core.event.AbstractEventRouter - Triggering event 'NewInstance' synchronously
[Test worker] DEBUG org.codehaus.griffon.runtime.core.artifact.AbstractArtifactManager - Searching for griffonClass of integration.SimpleView
[Test worker] DEBUG org.codehaus.griffon.runtime.core.artifact.AbstractArtifactManager - Searching for griffonClass of integration.SimpleView
[Test worker] DEBUG org.codehaus.griffon.runtime.core.event.AbstractEventRouter - Triggering event 'NewInstance' synchronously
[Test worker] DEBUG org.codehaus.griffon.runtime.core.artifact.AbstractArtifactManager - Searching for griffonClass of integration.SimpleController
[Test worker] DEBUG org.codehaus.griffon.runtime.core.artifact.AbstractArtifactManager - Searching for griffonClass of integration.SimpleController
[Test worker] DEBUG org.codehaus.griffon.runtime.core.event.AbstractEventRouter - Triggering event 'NewInstance' synchronously
[Test worker] DEBUG org.codehaus.griffon.runtime.core.artifact.AbstractArtifactManager - Searching for griffonClass of integration.SimpleController
[Test worker] DEBUG org.codehaus.griffon.runtime.core.event.AbstractEventRouter - Triggering event 'InitializeMVCGroup' synchronously
[Test worker] DEBUG org.codehaus.griffon.runtime.core.mvc.AbstractMVCGroupManager - Adding group simple:org.codehaus.griffon.runtime.core.mvc.DefaultMVCGroup@799c22a[simple:simple]
[Test worker] DEBUG org.codehaus.griffon.runtime.core.mvc.DefaultMVCGroupManager - Initializing each MVC member of group 'simple'
[Test worker] DEBUG org.codehaus.griffon.runtime.core.event.AbstractEventRouter - Triggering event 'CreateMVCGroup' synchronously
[Test worker] DEBUG org.codehaus.griffon.runtime.core.mvc.AbstractMVCGroupManager - Searching group simple
[Test worker] DEBUG org.codehaus.griffon.runtime.core.mvc.DefaultMVCGroupManager - Group 'simple' points to org.codehaus.griffon.runtime.core.mvc.DefaultMVCGroup@799c22a[simple:simple]
[Test worker] DEBUG org.codehaus.griffon.runtime.core.mvc.DefaultMVCGroupManager - Destroying MVC group identified by 'simple'
[Test worker] DEBUG org.codehaus.griffon.runtime.core.event.AbstractEventRouter - Removing listener integration.SimpleController@7296c1fc
[Test worker] DEBUG org.codehaus.griffon.runtime.core.event.AbstractEventRouter - Triggering event 'DestroyInstance' synchronously
[Test worker] DEBUG org.codehaus.griffon.runtime.core.event.AbstractEventRouter - Triggering event 'DestroyInstance' synchronously
[Test worker] DEBUG org.codehaus.griffon.runtime.core.event.AbstractEventRouter - Triggering event 'DestroyInstance' synchronously
[Test worker] DEBUG org.codehaus.griffon.runtime.core.mvc.AbstractMVCGroupManager - Removing group simple:org.codehaus.griffon.runtime.core.mvc.DefaultMVCGroup@799c22a[simple:simple]
[Test worker] DEBUG org.codehaus.griffon.runtime.core.mvc.AbstractMVCGroupManager - Searching group simple
[Test worker] DEBUG org.codehaus.griffon.runtime.core.mvc.DefaultMVCGroupManager - Group 'simple' points to null
[Test worker] DEBUG org.codehaus.griffon.runtime.core.event.AbstractEventRouter - Triggering event 'DestroyMVCGroup' synchronously
[Test worker] DEBUG org.codehaus.griffon.runtime.core.mvc.AbstractMVCGroupManager - Searching group integration
[Test worker] DEBUG org.codehaus.griffon.runtime.core.mvc.AbstractMVCGroupManager - Searching group simple-1
[Test worker] DEBUG org.codehaus.griffon.runtime.core.mvc.DefaultMVCGroupManager - Building MVC group 'simple' with name 'simple-1'
[Test worker] DEBUG org.codehaus.griffon.runtime.core.artifact.AbstractArtifactManager - Searching for griffonClass of integration.SimpleModel
[Test worker] DEBUG org.codehaus.griffon.runtime.core.artifact.AbstractArtifactManager - Searching for griffonClass of integration.SimpleView
[Test worker] DEBUG org.codehaus.griffon.runtime.core.artifact.AbstractArtifactManager - Searching for griffonClass of integration.SimpleController
[Test worker] DEBUG org.codehaus.griffon.runtime.core.artifact.AbstractArtifactManager - Searching for griffonClass of integration.SimpleModel
[Test worker] DEBUG org.codehaus.griffon.runtime.core.artifact.AbstractArtifactManager - Searching for griffonClass of integration.SimpleModel
[Test worker] DEBUG org.codehaus.griffon.runtime.core.event.AbstractEventRouter - Triggering event 'NewInstance' synchronously
[Test worker] DEBUG org.codehaus.griffon.runtime.core.artifact.AbstractArtifactManager - Searching for griffonClass of integration.SimpleView
[Test worker] DEBUG org.codehaus.griffon.runtime.core.artifact.AbstractArtifactManager - Searching for griffonClass of integration.SimpleView
[Test worker] DEBUG org.codehaus.griffon.runtime.core.event.AbstractEventRouter - Triggering event 'NewInstance' synchronously
[Test worker] DEBUG org.codehaus.griffon.runtime.core.artifact.AbstractArtifactManager - Searching for griffonClass of integration.SimpleController
[Test worker] DEBUG org.codehaus.griffon.runtime.core.artifact.AbstractArtifactManager - Searching for griffonClass of integration.SimpleController
[Test worker] DEBUG org.codehaus.griffon.runtime.core.event.AbstractEventRouter - Triggering event 'NewInstance' synchronously
[Test worker] DEBUG org.codehaus.griffon.runtime.core.artifact.AbstractArtifactManager - Searching for griffonClass of integration.SimpleController
[Test worker] DEBUG org.codehaus.griffon.runtime.core.event.AbstractEventRouter - Triggering event 'InitializeMVCGroup' synchronously
[Test worker] DEBUG org.codehaus.griffon.runtime.core.mvc.AbstractMVCGroupManager - Adding group simple-1:org.codehaus.griffon.runtime.core.mvc.DefaultMVCGroup@43823f04[simple:simple-1]
[Test worker] DEBUG org.codehaus.griffon.runtime.core.mvc.DefaultMVCGroupManager - Initializing each MVC member of group 'simple-1'
[Test worker] DEBUG org.codehaus.griffon.runtime.core.event.AbstractEventRouter - Triggering event 'CreateMVCGroup' synchronously
[Test worker] DEBUG org.codehaus.griffon.runtime.core.mvc.AbstractMVCGroupManager - Searching group simple-1
[Test worker] DEBUG org.codehaus.griffon.runtime.core.mvc.DefaultMVCGroupManager - Group 'simple-1' points to org.codehaus.griffon.runtime.core.mvc.DefaultMVCGroup@43823f04[simple:simple-1]
[Test worker] DEBUG org.codehaus.griffon.runtime.core.mvc.DefaultMVCGroupManager - Destroying MVC group identified by 'simple-1'
[Test worker] DEBUG org.codehaus.griffon.runtime.core.event.AbstractEventRouter - Removing listener integration.SimpleController@518e0750
[Test worker] DEBUG org.codehaus.griffon.runtime.core.event.AbstractEventRouter - Triggering event 'DestroyInstance' synchronously
[Test worker] DEBUG org.codehaus.griffon.runtime.core.event.AbstractEventRouter - Triggering event 'DestroyInstance' synchronously
[Test worker] DEBUG org.codehaus.griffon.runtime.core.event.AbstractEventRouter - Triggering event 'DestroyInstance' synchronously
[Test worker] DEBUG org.codehaus.griffon.runtime.core.mvc.AbstractMVCGroupManager - Removing group simple-1:org.codehaus.griffon.runtime.core.mvc.DefaultMVCGroup@43823f04[simple:simple-1]
[Test worker] DEBUG org.codehaus.griffon.runtime.core.mvc.AbstractMVCGroupManager - Searching group simple-1
[Test worker] DEBUG org.codehaus.griffon.runtime.core.mvc.DefaultMVCGroupManager - Group 'simple-1' points to null
[Test worker] DEBUG org.codehaus.griffon.runtime.core.event.AbstractEventRouter - Triggering event 'DestroyMVCGroup' synchronously
[Test worker] DEBUG org.codehaus.griffon.runtime.core.mvc.AbstractMVCGroupManager - Searching group integration
[Test worker] DEBUG org.codehaus.griffon.runtime.core.mvc.AbstractMVCGroupManager - Searching group simple
[Test worker] DEBUG org.codehaus.griffon.runtime.core.mvc.DefaultMVCGroupManager - Building MVC group 'simple' with name 'simple'
[Test worker] DEBUG org.codehaus.griffon.runtime.core.artifact.AbstractArtifactManager - Searching for griffonClass of integration.SimpleModel
[Test worker] DEBUG org.codehaus.griffon.runtime.core.artifact.AbstractArtifactManager - Searching for griffonClass of integration.SimpleView
[Test worker] DEBUG org.codehaus.griffon.runtime.core.artifact.AbstractArtifactManager - Searching for griffonClass of integration.SimpleController
[Test worker] DEBUG org.codehaus.griffon.runtime.core.artifact.AbstractArtifactManager - Searching for griffonClass of integration.SimpleModel
[Test worker] DEBUG org.codehaus.griffon.runtime.core.artifact.AbstractArtifactManager - Searching for griffonClass of integration.SimpleModel
[Test worker] DEBUG org.codehaus.griffon.runtime.core.event.AbstractEventRouter - Triggering event 'NewInstance' synchronously
[Test worker] DEBUG org.codehaus.griffon.runtime.core.artifact.AbstractArtifactManager - Searching for griffonClass of integration.SimpleView
[Test worker] DEBUG org.codehaus.griffon.runtime.core.artifact.AbstractArtifactManager - Searching for griffonClass of integration.SimpleView
[Test worker] DEBUG org.codehaus.griffon.runtime.core.event.AbstractEventRouter - Triggering event 'NewInstance' synchronously
[Test worker] DEBUG org.codehaus.griffon.runtime.core.artifact.AbstractArtifactManager - Searching for griffonClass of integration.SimpleController
[Test worker] DEBUG org.codehaus.griffon.runtime.core.artifact.AbstractArtifactManager - Searching for griffonClass of integration.SimpleController
[Test worker] DEBUG org.codehaus.griffon.runtime.core.event.AbstractEventRouter - Triggering event 'NewInstance' synchronously
[Test worker] DEBUG org.codehaus.griffon.runtime.core.artifact.AbstractArtifactManager - Searching for griffonClass of integration.SimpleController
[Test worker] DEBUG org.codehaus.griffon.runtime.core.event.AbstractEventRouter - Triggering event 'InitializeMVCGroup' synchronously
[Test worker] DEBUG org.codehaus.griffon.runtime.core.mvc.AbstractMVCGroupManager - Adding group simple:org.codehaus.griffon.runtime.core.mvc.DefaultMVCGroup@431d07cd[simple:simple]
[Test worker] DEBUG org.codehaus.griffon.runtime.core.mvc.DefaultMVCGroupManager - Initializing each MVC member of group 'simple'
[Test worker] DEBUG org.codehaus.griffon.runtime.core.event.AbstractEventRouter - Triggering event 'CreateMVCGroup' synchronously
[Test worker] DEBUG org.codehaus.griffon.runtime.core.mvc.AbstractMVCGroupManager - Searching group simple
[Test worker] DEBUG org.codehaus.griffon.runtime.core.mvc.DefaultMVCGroupManager - Group 'simple' points to org.codehaus.griffon.runtime.core.mvc.DefaultMVCGroup@431d07cd[simple:simple]
[Test worker] DEBUG org.codehaus.griffon.runtime.core.mvc.DefaultMVCGroupManager - Destroying MVC group identified by 'simple'
[Test worker] DEBUG org.codehaus.griffon.runtime.core.event.AbstractEventRouter - Removing listener integration.SimpleController@7a9ca906
[Test worker] DEBUG org.codehaus.griffon.runtime.core.event.AbstractEventRouter - Triggering event 'DestroyInstance' synchronously
[Test worker] DEBUG org.codehaus.griffon.runtime.core.event.AbstractEventRouter - Triggering event 'DestroyInstance' synchronously
[Test worker] DEBUG org.codehaus.griffon.runtime.core.event.AbstractEventRouter - Triggering event 'DestroyInstance' synchronously
[Test worker] DEBUG org.codehaus.griffon.runtime.core.mvc.AbstractMVCGroupManager - Removing group simple:org.codehaus.griffon.runtime.core.mvc.DefaultMVCGroup@431d07cd[simple:simple]
[Test worker] DEBUG org.codehaus.griffon.runtime.core.mvc.AbstractMVCGroupManager - Searching group simple
[Test worker] DEBUG org.codehaus.griffon.runtime.core.mvc.DefaultMVCGroupManager - Group 'simple' points to null
[Test worker] DEBUG org.codehaus.griffon.runtime.core.event.AbstractEventRouter - Triggering event 'DestroyMVCGroup' synchronously
[Test worker] DEBUG org.codehaus.griffon.runtime.core.mvc.AbstractMVCGroupManager - Searching group integration
[Test worker] DEBUG org.codehaus.griffon.runtime.core.mvc.AbstractMVCGroupManager - Searching group simple
[Test worker] DEBUG org.codehaus.griffon.runtime.core.mvc.DefaultMVCGroupManager - Building MVC group 'simple' with name 'simple'
[Test worker] DEBUG org.codehaus.griffon.runtime.core.artifact.AbstractArtifactManager - Searching for griffonClass of integration.SimpleModel
[Test worker] DEBUG org.codehaus.griffon.runtime.core.artifact.AbstractArtifactManager - Searching for griffonClass of integration.SimpleView
[Test worker] DEBUG org.codehaus.griffon.runtime.core.artifact.AbstractArtifactManager - Searching for griffonClass of integration.SimpleController
[Test worker] DEBUG org.codehaus.griffon.runtime.core.artifact.AbstractArtifactManager - Searching for griffonClass of integration.SimpleModel
[Test worker] DEBUG org.codehaus.griffon.runtime.core.artifact.AbstractArtifactManager - Searching for griffonClass of integration.SimpleModel
[Test worker] DEBUG org.codehaus.griffon.runtime.core.event.AbstractEventRouter - Triggering event 'NewInstance' synchronously
[Test worker] DEBUG org.codehaus.griffon.runtime.core.artifact.AbstractArtifactManager - Searching for griffonClass of integration.SimpleView
[Test worker] DEBUG org.codehaus.griffon.runtime.core.artifact.AbstractArtifactManager - Searching for griffonClass of integration.SimpleView
[Test worker] DEBUG org.codehaus.griffon.runtime.core.event.AbstractEventRouter - Triggering event 'NewInstance' synchronously
[Test worker] DEBUG org.codehaus.griffon.runtime.core.artifact.AbstractArtifactManager - Searching for griffonClass of integration.SimpleController
[Test worker] DEBUG org.codehaus.griffon.runtime.core.artifact.AbstractArtifactManager - Searching for griffonClass of integration.SimpleController
[Test worker] DEBUG org.codehaus.griffon.runtime.core.event.AbstractEventRouter - Triggering event 'NewInstance' synchronously
[Test worker] DEBUG org.codehaus.griffon.runtime.core.artifact.AbstractArtifactManager - Searching for griffonClass of integration.SimpleController
[Test worker] DEBUG org.codehaus.griffon.runtime.core.event.AbstractEventRouter - Triggering event 'InitializeMVCGroup' synchronously
[Test worker] DEBUG org.codehaus.griffon.runtime.core.mvc.AbstractMVCGroupManager - Adding group simple:org.codehaus.griffon.runtime.core.mvc.DefaultMVCGroup@73d9f898[simple:simple]
[Test worker] DEBUG org.codehaus.griffon.runtime.core.mvc.DefaultMVCGroupManager - Initializing each MVC member of group 'simple'
[Test worker] DEBUG org.codehaus.griffon.runtime.core.event.AbstractEventRouter - Triggering event 'CreateMVCGroup' synchronously
[Test worker] DEBUG org.codehaus.griffon.runtime.core.mvc.AbstractMVCGroupManager - Searching group simple
[Test worker] DEBUG org.codehaus.griffon.runtime.core.mvc.DefaultMVCGroupManager - Group 'simple' points to org.codehaus.griffon.runtime.core.mvc.DefaultMVCGroup@73d9f898[simple:simple]
[Test worker] DEBUG org.codehaus.griffon.runtime.core.mvc.DefaultMVCGroupManager - Destroying MVC group identified by 'simple'
[Test worker] DEBUG org.codehaus.griffon.runtime.core.event.AbstractEventRouter - Removing listener integration.SimpleController@b1a6cc1
[Test worker] DEBUG org.codehaus.griffon.runtime.core.event.AbstractEventRouter - Triggering event 'DestroyInstance' synchronously
[Test worker] DEBUG org.codehaus.griffon.runtime.core.event.AbstractEventRouter - Triggering event 'DestroyInstance' synchronously
[Test worker] DEBUG org.codehaus.griffon.runtime.core.event.AbstractEventRouter - Triggering event 'DestroyInstance' synchronously
[Test worker] DEBUG org.codehaus.griffon.runtime.core.mvc.AbstractMVCGroupManager - Removing group simple:org.codehaus.griffon.runtime.core.mvc.DefaultMVCGroup@73d9f898[simple:simple]
[Test worker] DEBUG org.codehaus.griffon.runtime.core.mvc.AbstractMVCGroupManager - Searching group simple
[Test worker] DEBUG org.codehaus.griffon.runtime.core.mvc.DefaultMVCGroupManager - Group 'simple' points to null
[Test worker] DEBUG org.codehaus.griffon.runtime.core.event.AbstractEventRouter - Triggering event 'DestroyMVCGroup' synchronously
[Test worker] DEBUG org.codehaus.griffon.runtime.core.mvc.AbstractMVCGroupManager - Searching group integration
[Test worker] DEBUG org.codehaus.griffon.runtime.core.mvc.AbstractMVCGroupManager - Searching group simple-2
[Test worker] DEBUG org.codehaus.griffon.runtime.core.mvc.DefaultMVCGroupManager - Building MVC group 'simple' with name 'simple-2'
[Test worker] DEBUG org.codehaus.griffon.runtime.core.artifact.AbstractArtifactManager - Searching for griffonClass of integration.SimpleModel
[Test worker] DEBUG org.codehaus.griffon.runtime.core.artifact.AbstractArtifactManager - Searching for griffonClass of integration.SimpleView
[Test worker] DEBUG org.codehaus.griffon.runtime.core.artifact.AbstractArtifactManager - Searching for griffonClass of integration.SimpleController
[Test worker] DEBUG org.codehaus.griffon.runtime.core.artifact.AbstractArtifactManager - Searching for griffonClass of integration.SimpleModel
[Test worker] DEBUG org.codehaus.griffon.runtime.core.artifact.AbstractArtifactManager - Searching for griffonClass of integration.SimpleModel
[Test worker] DEBUG org.codehaus.griffon.runtime.core.event.AbstractEventRouter - Triggering event 'NewInstance' synchronously
[Test worker] DEBUG org.codehaus.griffon.runtime.core.artifact.AbstractArtifactManager - Searching for griffonClass of integration.SimpleView
[Test worker] DEBUG org.codehaus.griffon.runtime.core.artifact.AbstractArtifactManager - Searching for griffonClass of integration.SimpleView
[Test worker] DEBUG org.codehaus.griffon.runtime.core.event.AbstractEventRouter - Triggering event 'NewInstance' synchronously
[Test worker] DEBUG org.codehaus.griffon.runtime.core.artifact.AbstractArtifactManager - Searching for griffonClass of integration.SimpleController
[Test worker] DEBUG org.codehaus.griffon.runtime.core.artifact.AbstractArtifactManager - Searching for griffonClass of integration.SimpleController
[Test worker] DEBUG org.codehaus.griffon.runtime.core.event.AbstractEventRouter - Triggering event 'NewInstance' synchronously
[Test worker] DEBUG org.codehaus.griffon.runtime.core.artifact.AbstractArtifactManager - Searching for griffonClass of integration.SimpleController
[Test worker] DEBUG org.codehaus.griffon.runtime.core.event.AbstractEventRouter - Triggering event 'InitializeMVCGroup' synchronously
[Test worker] DEBUG org.codehaus.griffon.runtime.core.mvc.AbstractMVCGroupManager - Adding group simple-2:org.codehaus.griffon.runtime.core.mvc.DefaultMVCGroup@2ce9895d[simple:simple-2]
[Test worker] DEBUG org.codehaus.griffon.runtime.core.mvc.DefaultMVCGroupManager - Initializing each MVC member of group 'simple-2'
[Test worker] DEBUG org.codehaus.griffon.runtime.core.event.AbstractEventRouter - Triggering event 'CreateMVCGroup' synchronously
[Test worker] DEBUG org.codehaus.griffon.runtime.core.mvc.AbstractMVCGroupManager - Searching group simple-2
[Test worker] DEBUG org.codehaus.griffon.runtime.core.mvc.DefaultMVCGroupManager - Group 'simple-2' points to org.codehaus.griffon.runtime.core.mvc.DefaultMVCGroup@2ce9895d[simple:simple-2]
[Test worker] DEBUG org.codehaus.griffon.runtime.core.mvc.DefaultMVCGroupManager - Destroying MVC group identified by 'simple-2'
[Test worker] DEBUG org.codehaus.griffon.runtime.core.event.AbstractEventRouter - Removing listener integration.SimpleController@5835b0c9
[Test worker] DEBUG org.codehaus.griffon.runtime.core.event.AbstractEventRouter - Triggering event 'DestroyInstance' synchronously
[Test worker] DEBUG org.codehaus.griffon.runtime.core.event.AbstractEventRouter - Triggering event 'DestroyInstance' synchronously
[Test worker] DEBUG org.codehaus.griffon.runtime.core.event.AbstractEventRouter - Triggering event 'DestroyInstance' synchronously
[Test worker] DEBUG org.codehaus.griffon.runtime.core.mvc.AbstractMVCGroupManager - Removing group simple-2:org.codehaus.griffon.runtime.core.mvc.DefaultMVCGroup@2ce9895d[simple:simple-2]
[Test worker] DEBUG org.codehaus.griffon.runtime.core.mvc.AbstractMVCGroupManager - Searching group simple-2
[Test worker] DEBUG org.codehaus.griffon.runtime.core.mvc.DefaultMVCGroupManager - Group 'simple-2' points to null
[Test worker] DEBUG org.codehaus.griffon.runtime.core.event.AbstractEventRouter - Triggering event 'DestroyMVCGroup' synchronously
[Test worker] DEBUG org.codehaus.griffon.runtime.core.mvc.AbstractMVCGroupManager - Searching group integration
[Test worker] DEBUG org.codehaus.griffon.runtime.core.mvc.AbstractMVCGroupManager - Searching group simple-2
[Test worker] DEBUG org.codehaus.griffon.runtime.core.mvc.DefaultMVCGroupManager - Building MVC group 'simple' with name 'simple-2'
[Test worker] DEBUG org.codehaus.griffon.runtime.core.artifact.AbstractArtifactManager - Searching for griffonClass of integration.SimpleModel
[Test worker] DEBUG org.codehaus.griffon.runtime.core.artifact.AbstractArtifactManager - Searching for griffonClass of integration.SimpleView
[Test worker] DEBUG org.codehaus.griffon.runtime.core.artifact.AbstractArtifactManager - Searching for griffonClass of integration.SimpleController
[Test worker] DEBUG org.codehaus.griffon.runtime.core.artifact.AbstractArtifactManager - Searching for griffonClass of integration.SimpleModel
[Test worker] DEBUG org.codehaus.griffon.runtime.core.artifact.AbstractArtifactManager - Searching for griffonClass of integration.SimpleModel
[Test worker] DEBUG org.codehaus.griffon.runtime.core.event.AbstractEventRouter - Triggering event 'NewInstance' synchronously
[Test worker] DEBUG org.codehaus.griffon.runtime.core.artifact.AbstractArtifactManager - Searching for griffonClass of integration.SimpleView
[Test worker] DEBUG org.codehaus.griffon.runtime.core.artifact.AbstractArtifactManager - Searching for griffonClass of integration.SimpleView
[Test worker] DEBUG org.codehaus.griffon.runtime.core.event.AbstractEventRouter - Triggering event 'NewInstance' synchronously
[Test worker] DEBUG org.codehaus.griffon.runtime.core.artifact.AbstractArtifactManager - Searching for griffonClass of integration.SimpleController
[Test worker] DEBUG org.codehaus.griffon.runtime.core.artifact.AbstractArtifactManager - Searching for griffonClass of integration.SimpleController
[Test worker] DEBUG org.codehaus.griffon.runtime.core.event.AbstractEventRouter - Triggering event 'NewInstance' synchronously
[Test worker] DEBUG org.codehaus.griffon.runtime.core.artifact.AbstractArtifactManager - Searching for griffonClass of integration.SimpleController
[Test worker] DEBUG org.codehaus.griffon.runtime.core.event.AbstractEventRouter - Triggering event 'InitializeMVCGroup' synchronously
[Test worker] DEBUG org.codehaus.griffon.runtime.core.mvc.AbstractMVCGroupManager - Adding group simple-2:org.codehaus.griffon.runtime.core.mvc.DefaultMVCGroup@161b3e01[simple:simple-2]
[Test worker] DEBUG org.codehaus.griffon.runtime.core.mvc.DefaultMVCGroupManager - Initializing each MVC member of group 'simple-2'
[Test worker] DEBUG org.codehaus.griffon.runtime.core.event.AbstractEventRouter - Triggering event 'CreateMVCGroup' synchronously
[Test worker] DEBUG org.codehaus.griffon.runtime.core.mvc.AbstractMVCGroupManager - Searching group simple-2
[Test worker] DEBUG org.codehaus.griffon.runtime.core.mvc.DefaultMVCGroupManager - Group 'simple-2' points to org.codehaus.griffon.runtime.core.mvc.DefaultMVCGroup@161b3e01[simple:simple-2]
[Test worker] DEBUG org.codehaus.griffon.runtime.core.mvc.DefaultMVCGroupManager - Destroying MVC group identified by 'simple-2'
[Test worker] DEBUG org.codehaus.griffon.runtime.core.event.AbstractEventRouter - Removing listener integration.SimpleController@2daa8563
[Test worker] DEBUG org.codehaus.griffon.runtime.core.event.AbstractEventRouter - Triggering event 'DestroyInstance' synchronously
[Test worker] DEBUG org.codehaus.griffon.runtime.core.event.AbstractEventRouter - Triggering event 'DestroyInstance' synchronously
[Test worker] DEBUG org.codehaus.griffon.runtime.core.event.AbstractEventRouter - Triggering event 'DestroyInstance' synchronously
[Test worker] DEBUG org.codehaus.griffon.runtime.core.mvc.AbstractMVCGroupManager - Removing group simple-2:org.codehaus.griffon.runtime.core.mvc.DefaultMVCGroup@161b3e01[simple:simple-2]
[Test worker] DEBUG org.codehaus.griffon.runtime.core.mvc.AbstractMVCGroupManager - Searching group simple-2
[Test worker] DEBUG org.codehaus.griffon.runtime.core.mvc.DefaultMVCGroupManager - Group 'simple-2' points to null
[Test worker] DEBUG org.codehaus.griffon.runtime.core.event.AbstractEventRouter - Triggering event 'DestroyMVCGroup' synchronously
[Test worker] DEBUG org.codehaus.griffon.runtime.core.mvc.AbstractMVCGroupManager - Searching group integration
[Test worker] DEBUG org.codehaus.griffon.runtime.core.mvc.AbstractMVCGroupManager - Searching group simple
[Test worker] DEBUG org.codehaus.griffon.runtime.core.mvc.DefaultMVCGroupManager - Building MVC group 'simple' with name 'simple'
[Test worker] DEBUG org.codehaus.griffon.runtime.core.artifact.AbstractArtifactManager - Searching for griffonClass of integration.SimpleModel
[Test worker] DEBUG org.codehaus.griffon.runtime.core.artifact.AbstractArtifactManager - Searching for griffonClass of integration.SimpleView
[Test worker] DEBUG org.codehaus.griffon.runtime.core.artifact.AbstractArtifactManager - Searching for griffonClass of integration.SimpleController
[Test worker] DEBUG org.codehaus.griffon.runtime.core.artifact.AbstractArtifactManager - Searching for griffonClass of integration.SimpleModel
[Test worker] DEBUG org.codehaus.griffon.runtime.core.artifact.AbstractArtifactManager - Searching for griffonClass of integration.SimpleModel
[Test worker] DEBUG org.codehaus.griffon.runtime.core.event.AbstractEventRouter - Triggering event 'NewInstance' synchronously
[Test worker] DEBUG org.codehaus.griffon.runtime.core.artifact.AbstractArtifactManager - Searching for griffonClass of integration.SimpleView
[Test worker] DEBUG org.codehaus.griffon.runtime.core.artifact.AbstractArtifactManager - Searching for griffonClass of integration.SimpleView
[Test worker] DEBUG org.codehaus.griffon.runtime.core.event.AbstractEventRouter - Triggering event 'NewInstance' synchronously
[Test worker] DEBUG org.codehaus.griffon.runtime.core.artifact.AbstractArtifactManager - Searching for griffonClass of integration.SimpleController
[Test worker] DEBUG org.codehaus.griffon.runtime.core.artifact.AbstractArtifactManager - Searching for griffonClass of integration.SimpleController
[Test worker] DEBUG org.codehaus.griffon.runtime.core.event.AbstractEventRouter - Triggering event 'NewInstance' synchronously
[Test worker] DEBUG org.codehaus.griffon.runtime.core.artifact.AbstractArtifactManager - Searching for griffonClass of integration.SimpleController
[Test worker] DEBUG org.codehaus.griffon.runtime.core.event.AbstractEventRouter - Triggering event 'InitializeMVCGroup' synchronously
[Test worker] DEBUG org.codehaus.griffon.runtime.core.mvc.AbstractMVCGroupManager - Adding group simple:org.codehaus.griffon.runtime.core.mvc.DefaultMVCGroup@238d4e2[simple:simple]
[Test worker] DEBUG org.codehaus.griffon.runtime.core.mvc.DefaultMVCGroupManager - Initializing each MVC member of group 'simple'
[Test worker] DEBUG org.codehaus.griffon.runtime.core.event.AbstractEventRouter - Triggering event 'CreateMVCGroup' synchronously
[Test worker] DEBUG org.codehaus.griffon.runtime.core.mvc.AbstractMVCGroupManager - Searching group simple
[Test worker] DEBUG org.codehaus.griffon.runtime.core.mvc.DefaultMVCGroupManager - Group 'simple' points to org.codehaus.griffon.runtime.core.mvc.DefaultMVCGroup@238d4e2[simple:simple]
[Test worker] DEBUG org.codehaus.griffon.runtime.core.mvc.DefaultMVCGroupManager - Destroying MVC group identified by 'simple'
[Test worker] DEBUG org.codehaus.griffon.runtime.core.event.AbstractEventRouter - Removing listener integration.SimpleController@4e2b6226
[Test worker] DEBUG org.codehaus.griffon.runtime.core.event.AbstractEventRouter - Triggering event 'DestroyInstance' synchronously
[Test worker] DEBUG org.codehaus.griffon.runtime.core.event.AbstractEventRouter - Triggering event 'DestroyInstance' synchronously
[Test worker] DEBUG org.codehaus.griffon.runtime.core.event.AbstractEventRouter - Triggering event 'DestroyInstance' synchronously
[Test worker] DEBUG org.codehaus.griffon.runtime.core.mvc.AbstractMVCGroupManager - Removing group simple:org.codehaus.griffon.runtime.core.mvc.DefaultMVCGroup@238d4e2[simple:simple]
[Test worker] DEBUG org.codehaus.griffon.runtime.core.mvc.AbstractMVCGroupManager - Searching group simple
[Test worker] DEBUG org.codehaus.griffon.runtime.core.mvc.DefaultMVCGroupManager - Group 'simple' points to null
[Test worker] DEBUG org.codehaus.griffon.runtime.core.event.AbstractEventRouter - Triggering event 'DestroyMVCGroup' synchronously
[Test worker] DEBUG org.codehaus.griffon.runtime.core.mvc.AbstractMVCGroupManager - Searching group integration
[Test worker] DEBUG org.codehaus.griffon.runtime.core.mvc.AbstractMVCGroupManager - Searching group simple-1
[Test worker] DEBUG org.codehaus.griffon.runtime.core.mvc.DefaultMVCGroupManager - Building MVC group 'simple' with name 'simple-1'
[Test worker] DEBUG org.codehaus.griffon.runtime.core.artifact.AbstractArtifactManager - Searching for griffonClass of integration.SimpleModel
[Test worker] DEBUG org.codehaus.griffon.runtime.core.artifact.AbstractArtifactManager - Searching for griffonClass of integration.SimpleView
[Test worker] DEBUG org.codehaus.griffon.runtime.core.artifact.AbstractArtifactManager - Searching for griffonClass of integration.SimpleController
[Test worker] DEBUG org.codehaus.griffon.runtime.core.artifact.AbstractArtifactManager - Searching for griffonClass of integration.SimpleModel
[Test worker] DEBUG org.codehaus.griffon.runtime.core.artifact.AbstractArtifactManager - Searching for griffonClass of integration.SimpleModel
[Test worker] DEBUG org.codehaus.griffon.runtime.core.event.AbstractEventRouter - Triggering event 'NewInstance' synchronously
[Test worker] DEBUG org.codehaus.griffon.runtime.core.artifact.AbstractArtifactManager - Searching for griffonClass of integration.SimpleView
[Test worker] DEBUG org.codehaus.griffon.runtime.core.artifact.AbstractArtifactManager - Searching for griffonClass of integration.SimpleView
[Test worker] DEBUG org.codehaus.griffon.runtime.core.event.AbstractEventRouter - Triggering event 'NewInstance' synchronously
[Test worker] DEBUG org.codehaus.griffon.runtime.core.artifact.AbstractArtifactManager - Searching for griffonClass of integration.SimpleController
[Test worker] DEBUG org.codehaus.griffon.runtime.core.artifact.AbstractArtifactManager - Searching for griffonClass of integration.SimpleController
[Test worker] DEBUG org.codehaus.griffon.runtime.core.event.AbstractEventRouter - Triggering event 'NewInstance' synchronously
[Test worker] DEBUG org.codehaus.griffon.runtime.core.artifact.AbstractArtifactManager - Searching for griffonClass of integration.SimpleController
[Test worker] DEBUG org.codehaus.griffon.runtime.core.event.AbstractEventRouter - Triggering event 'InitializeMVCGroup' synchronously
[Test worker] DEBUG org.codehaus.griffon.runtime.core.mvc.AbstractMVCGroupManager - Adding group simple-1:org.codehaus.griffon.runtime.core.mvc.DefaultMVCGroup@57775197[simple:simple-1]
[Test worker] DEBUG org.codehaus.griffon.runtime.core.mvc.DefaultMVCGroupManager - Initializing each MVC member of group 'simple-1'
[Test worker] DEBUG org.codehaus.griffon.runtime.core.event.AbstractEventRouter - Triggering event 'CreateMVCGroup' synchronously
[Test worker] DEBUG org.codehaus.griffon.runtime.core.mvc.AbstractMVCGroupManager - Searching group simple-1
[Test worker] DEBUG org.codehaus.griffon.runtime.core.mvc.DefaultMVCGroupManager - Group 'simple-1' points to org.codehaus.griffon.runtime.core.mvc.DefaultMVCGroup@57775197[simple:simple-1]
[Test worker] DEBUG org.codehaus.griffon.runtime.core.mvc.DefaultMVCGroupManager - Destroying MVC group identified by 'simple-1'
[Test worker] DEBUG org.codehaus.griffon.runtime.core.event.AbstractEventRouter - Removing listener integration.SimpleController@97ab6cd
[Test worker] DEBUG org.codehaus.griffon.runtime.core.event.AbstractEventRouter - Triggering event 'DestroyInstance' synchronously
[Test worker] DEBUG org.codehaus.griffon.runtime.core.event.AbstractEventRouter - Triggering event 'DestroyInstance' synchronously
[Test worker] DEBUG org.codehaus.griffon.runtime.core.event.AbstractEventRouter - Triggering event 'DestroyInstance' synchronously
[Test worker] DEBUG org.codehaus.griffon.runtime.core.mvc.AbstractMVCGroupManager - Removing group simple-1:org.codehaus.griffon.runtime.core.mvc.DefaultMVCGroup@57775197[simple:simple-1]
[Test worker] DEBUG org.codehaus.griffon.runtime.core.mvc.AbstractMVCGroupManager - Searching group simple-1
[Test worker] DEBUG org.codehaus.griffon.runtime.core.mvc.DefaultMVCGroupManager - Group 'simple-1' points to null
[Test worker] DEBUG org.codehaus.griffon.runtime.core.event.AbstractEventRouter - Triggering event 'DestroyMVCGroup' synchronously
[Test worker] DEBUG org.codehaus.griffon.runtime.core.mvc.AbstractMVCGroupManager - Searching group integration
[Test worker] DEBUG org.codehaus.griffon.runtime.core.mvc.AbstractMVCGroupManager - Searching group simple
[Test worker] DEBUG org.codehaus.griffon.runtime.core.mvc.DefaultMVCGroupManager - Building MVC group 'simple' with name 'simple'
[Test worker] DEBUG org.codehaus.griffon.runtime.core.artifact.AbstractArtifactManager - Searching for griffonClass of integration.SimpleModel
[Test worker] DEBUG org.codehaus.griffon.runtime.core.artifact.AbstractArtifactManager - Searching for griffonClass of integration.SimpleView
[Test worker] DEBUG org.codehaus.griffon.runtime.core.artifact.AbstractArtifactManager - Searching for griffonClass of integration.SimpleController
[Test worker] DEBUG org.codehaus.griffon.runtime.core.artifact.AbstractArtifactManager - Searching for griffonClass of integration.SimpleModel
[Test worker] DEBUG org.codehaus.griffon.runtime.core.artifact.AbstractArtifactManager - Searching for griffonClass of integration.SimpleModel
[Test worker] DEBUG org.codehaus.griffon.runtime.core.event.AbstractEventRouter - Triggering event 'NewInstance' synchronously
[Test worker] DEBUG org.codehaus.griffon.runtime.core.artifact.AbstractArtifactManager - Searching for griffonClass of integration.SimpleView
[Test worker] DEBUG org.codehaus.griffon.runtime.core.artifact.AbstractArtifactManager - Searching for griffonClass of integration.SimpleView
[Test worker] DEBUG org.codehaus.griffon.runtime.core.event.AbstractEventRouter - Triggering event 'NewInstance' synchronously
[Test worker] DEBUG org.codehaus.griffon.runtime.core.artifact.AbstractArtifactManager - Searching for griffonClass of integration.SimpleController
[Test worker] DEBUG org.codehaus.griffon.runtime.core.artifact.AbstractArtifactManager - Searching for griffonClass of integration.SimpleController
[Test worker] DEBUG org.codehaus.griffon.runtime.core.event.AbstractEventRouter - Triggering event 'NewInstance' synchronously
[Test worker] DEBUG org.codehaus.griffon.runtime.core.artifact.AbstractArtifactManager - Searching for griffonClass of integration.SimpleController
[Test worker] DEBUG org.codehaus.griffon.runtime.core.event.AbstractEventRouter - Triggering event 'InitializeMVCGroup' synchronously
[Test worker] DEBUG org.codehaus.griffon.runtime.core.mvc.AbstractMVCGroupManager - Adding group simple:org.codehaus.griffon.runtime.core.mvc.DefaultMVCGroup@71631ce8[simple:simple]
[Test worker] DEBUG org.codehaus.griffon.runtime.core.mvc.DefaultMVCGroupManager - Initializing each MVC member of group 'simple'
[Test worker] DEBUG org.codehaus.griffon.runtime.core.event.AbstractEventRouter - Triggering event 'CreateMVCGroup' synchronously
[Test worker] DEBUG org.codehaus.griffon.runtime.core.mvc.AbstractMVCGroupManager - Searching group simple
[Test worker] DEBUG org.codehaus.griffon.runtime.core.mvc.DefaultMVCGroupManager - Group 'simple' points to org.codehaus.griffon.runtime.core.mvc.DefaultMVCGroup@71631ce8[simple:simple]
[Test worker] DEBUG org.codehaus.griffon.runtime.core.mvc.DefaultMVCGroupManager - Destroying MVC group identified by 'simple'
[Test worker] DEBUG org.codehaus.griffon.runtime.core.event.AbstractEventRouter - Removing listener integration.SimpleController@1e6abc19
[Test worker] DEBUG org.codehaus.griffon.runtime.core.event.AbstractEventRouter - Triggering event 'DestroyInstance' synchronously
[Test worker] DEBUG org.codehaus.griffon.runtime.core.event.AbstractEventRouter - Triggering event 'DestroyInstance' synchronously
[Test worker] DEBUG org.codehaus.griffon.runtime.core.event.AbstractEventRouter - Triggering event 'DestroyInstance' synchronously
[Test worker] DEBUG org.codehaus.griffon.runtime.core.mvc.AbstractMVCGroupManager - Removing group simple:org.codehaus.griffon.runtime.core.mvc.DefaultMVCGroup@71631ce8[simple:simple]
[Test worker] DEBUG org.codehaus.griffon.runtime.core.mvc.AbstractMVCGroupManager - Searching group simple
[Test worker] DEBUG org.codehaus.griffon.runtime.core.mvc.DefaultMVCGroupManager - Group 'simple' points to null
[Test worker] DEBUG org.codehaus.griffon.runtime.core.event.AbstractEventRouter - Triggering event 'DestroyMVCGroup' synchronously
[Test worker] DEBUG org.codehaus.griffon.runtime.core.mvc.AbstractMVCGroupManager - Searching group integration
[Test worker] DEBUG org.codehaus.griffon.runtime.core.mvc.AbstractMVCGroupManager - Searching group simple
[Test worker] DEBUG org.codehaus.griffon.runtime.core.mvc.DefaultMVCGroupManager - Building MVC group 'simple' with name 'simple'
[Test worker] DEBUG org.codehaus.griffon.runtime.core.artifact.AbstractArtifactManager - Searching for griffonClass of integration.SimpleModel
[Test worker] DEBUG org.codehaus.griffon.runtime.core.artifact.AbstractArtifactManager - Searching for griffonClass of integration.SimpleView
[Test worker] DEBUG org.codehaus.griffon.runtime.core.artifact.AbstractArtifactManager - Searching for griffonClass of integration.SimpleController
[Test worker] DEBUG org.codehaus.griffon.runtime.core.artifact.AbstractArtifactManager - Searching for griffonClass of integration.SimpleModel
[Test worker] DEBUG org.codehaus.griffon.runtime.core.artifact.AbstractArtifactManager - Searching for griffonClass of integration.SimpleModel
[Test worker] DEBUG org.codehaus.griffon.runtime.core.event.AbstractEventRouter - Triggering event 'NewInstance' synchronously
[Test worker] DEBUG org.codehaus.griffon.runtime.core.artifact.AbstractArtifactManager - Searching for griffonClass of integration.SimpleView
[Test worker] DEBUG org.codehaus.griffon.runtime.core.artifact.AbstractArtifactManager - Searching for griffonClass of integration.SimpleView
[Test worker] DEBUG org.codehaus.griffon.runtime.core.event.AbstractEventRouter - Triggering event 'NewInstance' synchronously
[Test worker] DEBUG org.codehaus.griffon.runtime.core.artifact.AbstractArtifactManager - Searching for griffonClass of integration.SimpleController
[Test worker] DEBUG org.codehaus.griffon.runtime.core.artifact.AbstractArtifactManager - Searching for griffonClass of integration.SimpleController
[Test worker] DEBUG org.codehaus.griffon.runtime.core.event.AbstractEventRouter - Triggering event 'NewInstance' synchronously
[Test worker] DEBUG org.codehaus.griffon.runtime.core.artifact.AbstractArtifactManager - Searching for griffonClass of integration.SimpleController
[Test worker] DEBUG org.codehaus.griffon.runtime.core.event.AbstractEventRouter - Triggering event 'InitializeMVCGroup' synchronously
[Test worker] DEBUG org.codehaus.griffon.runtime.core.mvc.AbstractMVCGroupManager - Adding group simple:org.codehaus.griffon.runtime.core.mvc.DefaultMVCGroup@73a6e816[simple:simple]
[Test worker] DEBUG org.codehaus.griffon.runtime.core.mvc.DefaultMVCGroupManager - Initializing each MVC member of group 'simple'
[Test worker] DEBUG org.codehaus.griffon.runtime.core.event.AbstractEventRouter - Triggering event 'CreateMVCGroup' synchronously
[Test worker] DEBUG org.codehaus.griffon.runtime.core.mvc.AbstractMVCGroupManager - Searching group simple
[Test worker] DEBUG org.codehaus.griffon.runtime.core.mvc.DefaultMVCGroupManager - Group 'simple' points to org.codehaus.griffon.runtime.core.mvc.DefaultMVCGroup@73a6e816[simple:simple]
[Test worker] DEBUG org.codehaus.griffon.runtime.core.mvc.DefaultMVCGroupManager - Destroying MVC group identified by 'simple'
[Test worker] DEBUG org.codehaus.griffon.runtime.core.event.AbstractEventRouter - Removing listener integration.SimpleController@33f46b27
[Test worker] DEBUG org.codehaus.griffon.runtime.core.event.AbstractEventRouter - Triggering event 'DestroyInstance' synchronously
[Test worker] DEBUG org.codehaus.griffon.runtime.core.event.AbstractEventRouter - Triggering event 'DestroyInstance' synchronously
[Test worker] DEBUG org.codehaus.griffon.runtime.core.event.AbstractEventRouter - Triggering event 'DestroyInstance' synchronously
[Test worker] DEBUG org.codehaus.griffon.runtime.core.mvc.AbstractMVCGroupManager - Removing group simple:org.codehaus.griffon.runtime.core.mvc.DefaultMVCGroup@73a6e816[simple:simple]
[Test worker] DEBUG org.codehaus.griffon.runtime.core.mvc.AbstractMVCGroupManager - Searching group simple
[Test worker] DEBUG org.codehaus.griffon.runtime.core.mvc.DefaultMVCGroupManager - Group 'simple' points to null
[Test worker] DEBUG org.codehaus.griffon.runtime.core.event.AbstractEventRouter - Triggering event 'DestroyMVCGroup' synchronously
[Test worker] DEBUG org.codehaus.griffon.runtime.core.mvc.AbstractMVCGroupManager - Searching group integration
[Test worker] DEBUG org.codehaus.griffon.runtime.core.mvc.AbstractMVCGroupManager - Searching group simple-2
[Test worker] DEBUG org.codehaus.griffon.runtime.core.mvc.DefaultMVCGroupManager - Building MVC group 'simple' with name 'simple-2'
[Test worker] DEBUG org.codehaus.griffon.runtime.core.artifact.AbstractArtifactManager - Searching for griffonClass of integration.SimpleModel
[Test worker] DEBUG org.codehaus.griffon.runtime.core.artifact.AbstractArtifactManager - Searching for griffonClass of integration.SimpleView
[Test worker] DEBUG org.codehaus.griffon.runtime.core.artifact.AbstractArtifactManager - Searching for griffonClass of integration.SimpleController
[Test worker] DEBUG org.codehaus.griffon.runtime.core.artifact.AbstractArtifactManager - Searching for griffonClass of integration.SimpleModel
[Test worker] DEBUG org.codehaus.griffon.runtime.core.artifact.AbstractArtifactManager - Searching for griffonClass of integration.SimpleModel
[Test worker] DEBUG org.codehaus.griffon.runtime.core.event.AbstractEventRouter - Triggering event 'NewInstance' synchronously
[Test worker] DEBUG org.codehaus.griffon.runtime.core.artifact.AbstractArtifactManager - Searching for griffonClass of integration.SimpleView
[Test worker] DEBUG org.codehaus.griffon.runtime.core.artifact.AbstractArtifactManager - Searching for griffonClass of integration.SimpleView
[Test worker] DEBUG org.codehaus.griffon.runtime.core.event.AbstractEventRouter - Triggering event 'NewInstance' synchronously
[Test worker] DEBUG org.codehaus.griffon.runtime.core.artifact.AbstractArtifactManager - Searching for griffonClass of integration.SimpleController
[Test worker] DEBUG org.codehaus.griffon.runtime.core.artifact.AbstractArtifactManager - Searching for griffonClass of integration.SimpleController
[Test worker] DEBUG org.codehaus.griffon.runtime.core.event.AbstractEventRouter - Triggering event 'NewInstance' synchronously
[Test worker] DEBUG org.codehaus.griffon.runtime.core.artifact.AbstractArtifactManager - Searching for griffonClass of integration.SimpleController
[Test worker] DEBUG org.codehaus.griffon.runtime.core.event.AbstractEventRouter - Triggering event 'InitializeMVCGroup' synchronously
[Test worker] DEBUG org.codehaus.griffon.runtime.core.mvc.AbstractMVCGroupManager - Adding group simple-2:org.codehaus.griffon.runtime.core.mvc.DefaultMVCGroup@14dc51c8[simple:simple-2]
[Test worker] DEBUG org.codehaus.griffon.runtime.core.mvc.DefaultMVCGroupManager - Initializing each MVC member of group 'simple-2'
[Test worker] DEBUG org.codehaus.griffon.runtime.core.event.AbstractEventRouter - Triggering event 'CreateMVCGroup' synchronously
[Test worker] DEBUG org.codehaus.griffon.runtime.core.mvc.AbstractMVCGroupManager - Searching group simple-2
[Test worker] DEBUG org.codehaus.griffon.runtime.core.mvc.DefaultMVCGroupManager - Group 'simple-2' points to org.codehaus.griffon.runtime.core.mvc.DefaultMVCGroup@14dc51c8[simple:simple-2]
[Test worker] DEBUG org.codehaus.griffon.runtime.core.mvc.DefaultMVCGroupManager - Destroying MVC group identified by 'simple-2'
[Test worker] DEBUG org.codehaus.griffon.runtime.core.event.AbstractEventRouter - Removing listener integration.SimpleController@2b86a583
[Test worker] DEBUG org.codehaus.griffon.runtime.core.event.AbstractEventRouter - Triggering event 'DestroyInstance' synchronously
[Test worker] DEBUG org.codehaus.griffon.runtime.core.event.AbstractEventRouter - Triggering event 'DestroyInstance' synchronously
[Test worker] DEBUG org.codehaus.griffon.runtime.core.event.AbstractEventRouter - Triggering event 'DestroyInstance' synchronously
[Test worker] DEBUG org.codehaus.griffon.runtime.core.mvc.AbstractMVCGroupManager - Removing group simple-2:org.codehaus.griffon.runtime.core.mvc.DefaultMVCGroup@14dc51c8[simple:simple-2]
[Test worker] DEBUG org.codehaus.griffon.runtime.core.mvc.AbstractMVCGroupManager - Searching group simple-2
[Test worker] DEBUG org.codehaus.griffon.runtime.core.mvc.DefaultMVCGroupManager - Group 'simple-2' points to null
[Test worker] DEBUG org.codehaus.griffon.runtime.core.event.AbstractEventRouter - Triggering event 'DestroyMVCGroup' synchronously
[Test worker] DEBUG org.codehaus.griffon.runtime.core.mvc.AbstractMVCGroupManager - Searching group integration
[Test worker] DEBUG org.codehaus.griffon.runtime.core.mvc.AbstractMVCGroupManager - Searching group simple-2
[Test worker] DEBUG org.codehaus.griffon.runtime.core.mvc.DefaultMVCGroupManager - Building MVC group 'simple' with name 'simple-2'
[Test worker] DEBUG org.codehaus.griffon.runtime.core.artifact.AbstractArtifactManager - Searching for griffonClass of integration.SimpleModel
[Test worker] DEBUG org.codehaus.griffon.runtime.core.artifact.AbstractArtifactManager - Searching for griffonClass of integration.SimpleView
[Test worker] DEBUG org.codehaus.griffon.runtime.core.artifact.AbstractArtifactManager - Searching for griffonClass of integration.SimpleController
[Test worker] DEBUG org.codehaus.griffon.runtime.core.artifact.AbstractArtifactManager - Searching for griffonClass of integration.SimpleModel
[Test worker] DEBUG org.codehaus.griffon.runtime.core.artifact.AbstractArtifactManager - Searching for griffonClass of integration.SimpleModel
[Test worker] DEBUG org.codehaus.griffon.runtime.core.event.AbstractEventRouter - Triggering event 'NewInstance' synchronously
[Test worker] DEBUG org.codehaus.griffon.runtime.core.artifact.AbstractArtifactManager - Searching for griffonClass of integration.SimpleView
[Test worker] DEBUG org.codehaus.griffon.runtime.core.artifact.AbstractArtifactManager - Searching for griffonClass of integration.SimpleView
[Test worker] DEBUG org.codehaus.griffon.runtime.core.event.AbstractEventRouter - Triggering event 'NewInstance' synchronously
[Test worker] DEBUG org.codehaus.griffon.runtime.core.artifact.AbstractArtifactManager - Searching for griffonClass of integration.SimpleController
[Test worker] DEBUG org.codehaus.griffon.runtime.core.artifact.AbstractArtifactManager - Searching for griffonClass of integration.SimpleController
[Test worker] DEBUG org.codehaus.griffon.runtime.core.event.AbstractEventRouter - Triggering event 'NewInstance' synchronously
[Test worker] DEBUG org.codehaus.griffon.runtime.core.artifact.AbstractArtifactManager - Searching for griffonClass of integration.SimpleController
[Test worker] DEBUG org.codehaus.griffon.runtime.core.event.AbstractEventRouter - Triggering event 'InitializeMVCGroup' synchronously
[Test worker] DEBUG org.codehaus.griffon.runtime.core.mvc.AbstractMVCGroupManager - Adding group simple-2:org.codehaus.griffon.runtime.core.mvc.DefaultMVCGroup@6bf42165[simple:simple-2]
[Test worker] DEBUG org.codehaus.griffon.runtime.core.mvc.DefaultMVCGroupManager - Initializing each MVC member of group 'simple-2'
[Test worker] DEBUG org.codehaus.griffon.runtime.core.event.AbstractEventRouter - Triggering event 'CreateMVCGroup' synchronously
[Test worker] DEBUG org.codehaus.griffon.runtime.core.mvc.AbstractMVCGroupManager - Searching group simple-2
[Test worker] DEBUG org.codehaus.griffon.runtime.core.mvc.DefaultMVCGroupManager - Group 'simple-2' points to org.codehaus.griffon.runtime.core.mvc.DefaultMVCGroup@6bf42165[simple:simple-2]
[Test worker] DEBUG org.codehaus.griffon.runtime.core.mvc.DefaultMVCGroupManager - Destroying MVC group identified by 'simple-2'
[Test worker] DEBUG org.codehaus.griffon.runtime.core.event.AbstractEventRouter - Removing listener integration.SimpleController@3b6edf06
[Test worker] DEBUG org.codehaus.griffon.runtime.core.event.AbstractEventRouter - Triggering event 'DestroyInstance' synchronously
[Test worker] DEBUG org.codehaus.griffon.runtime.core.event.AbstractEventRouter - Triggering event 'DestroyInstance' synchronously
[Test worker] DEBUG org.codehaus.griffon.runtime.core.event.AbstractEventRouter - Triggering event 'DestroyInstance' synchronously
[Test worker] DEBUG org.codehaus.griffon.runtime.core.mvc.AbstractMVCGroupManager - Removing group simple-2:org.codehaus.griffon.runtime.core.mvc.DefaultMVCGroup@6bf42165[simple:simple-2]
[Test worker] DEBUG org.codehaus.griffon.runtime.core.mvc.AbstractMVCGroupManager - Searching group simple-2
[Test worker] DEBUG org.codehaus.griffon.runtime.core.mvc.DefaultMVCGroupManager - Group 'simple-2' points to null
[Test worker] DEBUG org.codehaus.griffon.runtime.core.event.AbstractEventRouter - Triggering event 'DestroyMVCGroup' synchronously
[Test worker] DEBUG org.codehaus.griffon.runtime.core.mvc.AbstractMVCGroupManager - Searching group integration
[Test worker] DEBUG org.codehaus.griffon.runtime.core.mvc.AbstractMVCGroupManager - Searching group simple
[Test worker] DEBUG org.codehaus.griffon.runtime.core.mvc.DefaultMVCGroupManager - Building MVC group 'simple' with name 'simple'
[Test worker] DEBUG org.codehaus.griffon.runtime.core.artifact.AbstractArtifactManager - Searching for griffonClass of integration.SimpleModel
[Test worker] DEBUG org.codehaus.griffon.runtime.core.artifact.AbstractArtifactManager - Searching for griffonClass of integration.SimpleView
[Test worker] DEBUG org.codehaus.griffon.runtime.core.artifact.AbstractArtifactManager - Searching for griffonClass of integration.SimpleController
[Test worker] DEBUG org.codehaus.griffon.runtime.core.artifact.AbstractArtifactManager - Searching for griffonClass of integration.SimpleModel
[Test worker] DEBUG org.codehaus.griffon.runtime.core.artifact.AbstractArtifactManager - Searching for griffonClass of integration.SimpleModel
[Test worker] DEBUG org.codehaus.griffon.runtime.core.event.AbstractEventRouter - Triggering event 'NewInstance' synchronously
[Test worker] DEBUG org.codehaus.griffon.runtime.core.artifact.AbstractArtifactManager - Searching for griffonClass of integration.SimpleView
[Test worker] DEBUG org.codehaus.griffon.runtime.core.artifact.AbstractArtifactManager - Searching for griffonClass of integration.SimpleView
[Test worker] DEBUG org.codehaus.griffon.runtime.core.event.AbstractEventRouter - Triggering event 'NewInstance' synchronously
[Test worker] DEBUG org.codehaus.griffon.runtime.core.artifact.AbstractArtifactManager - Searching for griffonClass of integration.SimpleController
[Test worker] DEBUG org.codehaus.griffon.runtime.core.artifact.AbstractArtifactManager - Searching for griffonClass of integration.SimpleController
[Test worker] DEBUG org.codehaus.griffon.runtime.core.event.AbstractEventRouter - Triggering event 'NewInstance' synchronously
[Test worker] DEBUG org.codehaus.griffon.runtime.core.artifact.AbstractArtifactManager - Searching for griffonClass of integration.SimpleController
[Test worker] DEBUG org.codehaus.griffon.runtime.core.event.AbstractEventRouter - Triggering event 'InitializeMVCGroup' synchronously
[Test worker] DEBUG org.codehaus.griffon.runtime.core.mvc.AbstractMVCGroupManager - Adding group simple:org.codehaus.griffon.runtime.core.mvc.DefaultMVCGroup@578a872d[simple:simple]
[Test worker] DEBUG org.codehaus.griffon.runtime.core.mvc.DefaultMVCGroupManager - Initializing each MVC member of group 'simple'
[Test worker] DEBUG org.codehaus.griffon.runtime.core.event.AbstractEventRouter - Triggering event 'CreateMVCGroup' synchronously
[Test worker] DEBUG org.codehaus.griffon.runtime.core.mvc.AbstractMVCGroupManager - Searching group integration
[Test worker] DEBUG org.codehaus.griffon.runtime.core.mvc.AbstractMVCGroupManager - Searching group simple
[Test worker] DEBUG org.codehaus.griffon.runtime.core.mvc.DefaultMVCGroupManager - Group 'simple' points to org.codehaus.griffon.runtime.core.mvc.DefaultMVCGroup@578a872d[simple:simple]
[Test worker] DEBUG org.codehaus.griffon.runtime.core.mvc.DefaultMVCGroupManager - Destroying MVC group identified by 'simple'
[Test worker] DEBUG org.codehaus.griffon.runtime.core.event.AbstractEventRouter - Removing listener integration.SimpleController@19252c78
[Test worker] DEBUG org.codehaus.griffon.runtime.core.event.AbstractEventRouter - Triggering event 'DestroyInstance' synchronously
[Test worker] DEBUG org.codehaus.griffon.runtime.core.event.AbstractEventRouter - Triggering event 'DestroyInstance' synchronously
[Test worker] DEBUG org.codehaus.griffon.runtime.core.event.AbstractEventRouter - Triggering event 'DestroyInstance' synchronously
[Test worker] DEBUG org.codehaus.griffon.runtime.core.mvc.AbstractMVCGroupManager - Removing group simple:org.codehaus.griffon.runtime.core.mvc.DefaultMVCGroup@578a872d[simple:simple]
[Test worker] DEBUG org.codehaus.griffon.runtime.core.mvc.AbstractMVCGroupManager - Searching group simple
[Test worker] DEBUG org.codehaus.griffon.runtime.core.mvc.DefaultMVCGroupManager - Group 'simple' points to null
[Test worker] DEBUG org.codehaus.griffon.runtime.core.event.AbstractEventRouter - Triggering event 'DestroyMVCGroup' synchronously
[Test worker] DEBUG org.codehaus.griffon.runtime.core.mvc.AbstractMVCGroupManager - Searching group simple
[Test worker] DEBUG org.codehaus.griffon.runtime.core.mvc.AbstractMVCGroupManager - Searching group integration
[Test worker] DEBUG org.codehaus.griffon.runtime.core.mvc.AbstractMVCGroupManager - Searching group integration
[Test worker] DEBUG org.codehaus.griffon.runtime.core.mvc.AbstractMVCGroupManager - Searching group integration
[Test worker] DEBUG org.codehaus.griffon.runtime.core.mvc.AbstractMVCGroupManager - Searching group integration
[Test worker] DEBUG org.codehaus.griffon.runtime.core.mvc.AbstractMVCGroupManager - Searching group integration
[Test worker] DEBUG org.codehaus.griffon.runtime.core.event.AbstractEventRouter - Triggering event 'ShutdownRequested' synchronously
[Test worker] INFO integration.TestGriffonApplication - Shutdown is in process
[Test worker] DEBUG integration.TestGriffonApplication - Shutdown stage 1: notify all event listeners
[Test worker] DEBUG org.codehaus.griffon.runtime.core.event.AbstractEventRouter - Adding listener org.codehaus.griffon.runtime.core.AbstractGriffonApplication$1 on ShutdownStart
[Test worker] DEBUG org.codehaus.griffon.runtime.core.event.AbstractEventRouter - Triggering event 'ShutdownStart' synchronously
[Test worker] DEBUG integration.TestGriffonApplication - Shutdown stage 2: notify all shutdown handlers
[Test worker] DEBUG integration.TestGriffonApplication - Shutdown stage 3: destroy all MVC groups
[Test worker] DEBUG org.codehaus.griffon.runtime.core.mvc.AbstractMVCGroupManager - Searching group integration
[Test worker] DEBUG org.codehaus.griffon.runtime.core.mvc.DefaultMVCGroupManager - Group 'integration' points to org.codehaus.griffon.runtime.core.mvc.DefaultMVCGroup@160630e1[integration:integration]
[Test worker] DEBUG org.codehaus.griffon.runtime.core.mvc.DefaultMVCGroupManager - Destroying MVC group identified by 'integration'
[Test worker] DEBUG org.codehaus.griffon.runtime.core.event.AbstractEventRouter - Removing listener integration.IntegrationController@74c85c2a
[Test worker] DEBUG org.codehaus.griffon.runtime.core.event.AbstractEventRouter - Triggering event 'DestroyInstance' synchronously
[Test worker] DEBUG org.codehaus.griffon.runtime.core.event.AbstractEventRouter - Triggering event 'DestroyInstance' synchronously
[Test worker] DEBUG org.codehaus.griffon.runtime.core.event.AbstractEventRouter - Triggering event 'DestroyInstance' synchronously
[Test worker] DEBUG org.codehaus.griffon.runtime.core.mvc.AbstractMVCGroupManager - Removing group integration:org.codehaus.griffon.runtime.core.mvc.DefaultMVCGroup@160630e1[integration:integration]
[Test worker] DEBUG org.codehaus.griffon.runtime.core.mvc.AbstractMVCGroupManager - Searching group integration
[Test worker] DEBUG org.codehaus.griffon.runtime.core.mvc.DefaultMVCGroupManager - Group 'integration' points to null
[Test worker] DEBUG org.codehaus.griffon.runtime.core.event.AbstractEventRouter - Triggering event 'DestroyMVCGroup' synchronously
[Test worker] DEBUG integration.TestGriffonApplication - Shutdown stage 4: execute Shutdown script
[Test worker] TRACE griffon.util.CompositeResourceBundle - Searching key=application.lifecycle.handler.disable
[Test worker] TRACE griffon.util.CompositeResourceBundle - Searching key=application
[Test worker] TRACE griffon.util.CompositeResourceBundle - Bundle griffon.util.ExpandableResourceBundle@9b1a755; key=application; value='{autoShutdown=true, title=integration, startupGroups=[integration]}'
]]></system-err>
</testsuite>
