<?xml version="1.0" encoding="UTF-8"?>
<testsuite name="griffon.util.GriffonNameUtilsTests" tests="8" failures="0" errors="0" timestamp="2014-02-18T20:59:04" hostname="testing-worker-linux-9-1-26937-linux-3-19139712" time="0.107">
  <properties/>
  <testcase name="testGetShortName" classname="griffon.util.GriffonNameUtilsTests" time="0.02"/>
  <testcase name="testGetGetterName" classname="griffon.util.GriffonNameUtilsTests" time="0.003"/>
  <testcase name="testGetPropertyName" classname="griffon.util.GriffonNameUtilsTests" time="0.003"/>
  <testcase name="testGetClassName" classname="griffon.util.GriffonNameUtilsTests" time="0.061"/>
  <testcase name="testUncapitalize" classname="griffon.util.GriffonNameUtilsTests" time="0.003"/>
  <testcase name="testGetSetterName" classname="griffon.util.GriffonNameUtilsTests" time="0.003"/>
  <testcase name="testCapitalize" classname="griffon.util.GriffonNameUtilsTests" time="0.004"/>
  <testcase name="testGetPropertyNameRepresentation" classname="griffon.util.GriffonNameUtilsTests" time="0.003"/>
  <system-out><![CDATA[]]></system-out>
  <system-err><![CDATA[]]></system-err>
</testsuite>
