<?xml version="1.0" encoding="UTF-8"?>
<testsuite name="org.codehaus.griffon.runtime.core.AbstractUIThreadHandlerSpec" tests="5" failures="0" errors="0" timestamp="2014-02-18T20:59:12" hostname="testing-worker-linux-9-1-26937-linux-3-19139712" time="0.368">
  <properties/>
  <testcase name="Execute runnable inside UI sync" classname="org.codehaus.griffon.runtime.core.AbstractUIThreadHandlerSpec" time="0.267"/>
  <testcase name="Execute runnable inside UI async" classname="org.codehaus.griffon.runtime.core.AbstractUIThreadHandlerSpec" time="0.01"/>
  <testcase name="Execute runnable outside UI" classname="org.codehaus.griffon.runtime.core.AbstractUIThreadHandlerSpec" time="0.011"/>
  <testcase name="Execute future" classname="org.codehaus.griffon.runtime.core.AbstractUIThreadHandlerSpec" time="0.054"/>
  <testcase name="Execute future with ExecutorService" classname="org.codehaus.griffon.runtime.core.AbstractUIThreadHandlerSpec" time="0.018"/>
  <system-out><![CDATA[]]></system-out>
  <system-err><![CDATA[]]></system-err>
</testsuite>
