<?xml version="1.0" encoding="UTF-8"?>
<testsuite name="griffon.core.editors.DoublePropertyEditorSpec" tests="13" failures="0" errors="0" timestamp="2014-02-22T19:12:34" hostname="testing-worker-linux-6-1-10096-linux-6-19406446" time="0.028">
  <properties/>
  <testcase name="Double literal 'null' with format 'null' should be equal to null" classname="griffon.core.editors.DoublePropertyEditorSpec" time="0.006"/>
  <testcase name="Double literal '' with format 'null' should be equal to null" classname="griffon.core.editors.DoublePropertyEditorSpec" time="0.0"/>
  <testcase name="Double literal '0.1' with format 'null' should be equal to 0.1" classname="griffon.core.editors.DoublePropertyEditorSpec" time="0.001"/>
  <testcase name="Double literal '10%' with format 'percent' should be equal to 0.1" classname="griffon.core.editors.DoublePropertyEditorSpec" time="0.003"/>
  <testcase name="Double literal '$0.10' with format 'currency' should be equal to 0.1" classname="griffon.core.editors.DoublePropertyEditorSpec" time="0.001"/>
  <testcase name="Double literal '0.1' with format 'null' should be equal to 0.1" classname="griffon.core.editors.DoublePropertyEditorSpec" time="0.0"/>
  <testcase name="Invalid double literal 'garbage'" classname="griffon.core.editors.DoublePropertyEditorSpec" time="0.001"/>
  <testcase name="Invalid double literal '1, 2, 3'" classname="griffon.core.editors.DoublePropertyEditorSpec" time="0.0"/>
  <testcase name="Invalid double literal '[]'" classname="griffon.core.editors.DoublePropertyEditorSpec" time="0.001"/>
  <testcase name="Invalid double literal '[1, 2, 3]'" classname="griffon.core.editors.DoublePropertyEditorSpec" time="0.0"/>
  <testcase name="Invalid double literal '[:]'" classname="griffon.core.editors.DoublePropertyEditorSpec" time="0.001"/>
  <testcase name="Invalid double literal '[key:value]'" classname="griffon.core.editors.DoublePropertyEditorSpec" time="0.001"/>
  <testcase name="Invalid double literal 'java.lang.Object@64074bf8'" classname="griffon.core.editors.DoublePropertyEditorSpec" time="0.0"/>
  <system-out><![CDATA[]]></system-out>
  <system-err><![CDATA[]]></system-err>
</testsuite>
