<?xml version="1.0" encoding="UTF-8"?>
<testsuite name="griffon.util.AnnotationUtilsSpec" tests="16" failures="0" errors="0" timestamp="2014-02-18T20:59:05" hostname="testing-worker-linux-9-1-26937-linux-3-19139712" time="0.217">
  <properties/>
  <testcase name="Test setup of interface javax.inject.Named annotation" classname="griffon.util.AnnotationUtilsSpec" time="0.022"/>
  <testcase name="Test setup of interface griffon.inject.Typed annotation" classname="griffon.util.AnnotationUtilsSpec" time="0.011"/>
  <testcase name="Test setup of interface griffon.inject.BindTo annotation" classname="griffon.util.AnnotationUtilsSpec" time="0.011"/>
  <testcase name="Find out if class java.lang.Object is annotated wit @javax.inject.Named" classname="griffon.util.AnnotationUtilsSpec" time="0.001"/>
  <testcase name="Find out if java.lang.Object@3a4e1c6f is annotated wit @javax.inject.Named" classname="griffon.util.AnnotationUtilsSpec" time="0.001"/>
  <testcase name="Find out if class griffon.util.AnnotationUtilsSpec$Bean is annotated wit @javax.inject.Named" classname="griffon.util.AnnotationUtilsSpec" time="0.012"/>
  <testcase name="Find out if griffon.util.AnnotationUtilsSpec$Bean@82015f2 is annotated wit @javax.inject.Named" classname="griffon.util.AnnotationUtilsSpec" time="0.0"/>
  <testcase name="Find out if class griffon.util.AnnotationUtilsSpec$Bean is annotated wit @griffon.inject.Typed" classname="griffon.util.AnnotationUtilsSpec" time="0.0"/>
  <testcase name="Find out if griffon.util.AnnotationUtilsSpec$Bean@7280c708 is annotated wit @griffon.inject.Typed" classname="griffon.util.AnnotationUtilsSpec" time="0.0"/>
  <testcase name="Enforce that class java.lang.Object is annotated with @javax.inject.Named" classname="griffon.util.AnnotationUtilsSpec" time="0.004"/>
  <testcase name="Enforce that java.lang.Object@6812eb6f is annotated with @javax.inject.Named" classname="griffon.util.AnnotationUtilsSpec" time="0.004"/>
  <testcase name="Enforce that class griffon.util.AnnotationUtilsSpec$Bean is annotated with @griffon.inject.Typed" classname="griffon.util.AnnotationUtilsSpec" time="0.001"/>
  <testcase name="Enforce that griffon.util.AnnotationUtilsSpec$Bean@fa1567b is annotated with @griffon.inject.Typed" classname="griffon.util.AnnotationUtilsSpec" time="0.001"/>
  <testcase name="Instances are mapped by their names" classname="griffon.util.AnnotationUtilsSpec" time="0.06"/>
  <testcase name="Instances are sorted by their dependencies" classname="griffon.util.AnnotationUtilsSpec" time="0.009"/>
  <testcase name="Cyclic dependencies yield empty result" classname="griffon.util.AnnotationUtilsSpec" time="0.043"/>
  <system-out><![CDATA[]]></system-out>
  <system-err><![CDATA[[Test worker] WARN griffon.util.AnnotationUtils -   unresolved bean dependencies detected
[Test worker] WARN griffon.util.AnnotationUtils -   continuing with original bean order
[Test worker] WARN griffon.util.AnnotationUtils -   bean cycle2 
[Test worker] WARN griffon.util.AnnotationUtils -     depends on cycle1
[Test worker] WARN griffon.util.AnnotationUtils -   bean cycle1 
[Test worker] WARN griffon.util.AnnotationUtils -     depends on cycle2
]]></system-err>
</testsuite>
