<?xml version="1.0" encoding="UTF-8"?>
<testsuite name="griffon.util.TypeUtilsTest" tests="35" failures="0" errors="0" timestamp="2014-02-22T19:12:36" hostname="testing-worker-linux-6-1-10096-linux-6-19406446" time="0.055">
  <properties/>
  <testcase name="convertNumbersIntoWrapperBigDecimal" classname="griffon.util.TypeUtilsTest" time="0.001"/>
  <testcase name="convertNumbersIntoPrimitiveByte" classname="griffon.util.TypeUtilsTest" time="0.001"/>
  <testcase name="convertNumbersIntoPrimitiveLong" classname="griffon.util.TypeUtilsTest" time="0.0"/>
  <testcase name="setEquality" classname="griffon.util.TypeUtilsTest" time="0.001"/>
  <testcase name="convertNumbersIntoWrapperBigInteger" classname="griffon.util.TypeUtilsTest" time="0.0"/>
  <testcase name="convertNumbersIntoWrapperByte" classname="griffon.util.TypeUtilsTest" time="0.001"/>
  <testcase name="convertNumbersIntoWrapperLong" classname="griffon.util.TypeUtilsTest" time="0.001"/>
  <testcase name="castToNumberWithDefaultCantHandleNonNumberValues" classname="griffon.util.TypeUtilsTest" time="0.0"/>
  <testcase name="convertNumbersIntoWrapperDouble" classname="griffon.util.TypeUtilsTest" time="0.001"/>
  <testcase name="convertNumbersIntoPrimitiveFloat" classname="griffon.util.TypeUtilsTest" time="0.001"/>
  <testcase name="convertNumbersIntoPrimitiveShort" classname="griffon.util.TypeUtilsTest" time="0.0"/>
  <testcase name="castToDouble" classname="griffon.util.TypeUtilsTest" time="0.001"/>
  <testcase name="castToBoolean" classname="griffon.util.TypeUtilsTest" time="0.0"/>
  <testcase name="castToByte" classname="griffon.util.TypeUtilsTest" time="0.0"/>
  <testcase name="castToChar" classname="griffon.util.TypeUtilsTest" time="0.0"/>
  <testcase name="castToLong" classname="griffon.util.TypeUtilsTest" time="0.0"/>
  <testcase name="convertNumbersIntoWrapperInteger" classname="griffon.util.TypeUtilsTest" time="0.001"/>
  <testcase name="arrayEquality" classname="griffon.util.TypeUtilsTest" time="0.001"/>
  <testcase name="convertBooleans" classname="griffon.util.TypeUtilsTest" time="0.001"/>
  <testcase name="castToFloat" classname="griffon.util.TypeUtilsTest" time="0.0"/>
  <testcase name="castToShort" classname="griffon.util.TypeUtilsTest" time="0.0"/>
  <testcase name="objectEquality" classname="griffon.util.TypeUtilsTest" time="0.0"/>
  <testcase name="convertNumbersIntoPrimitiveDouble" classname="griffon.util.TypeUtilsTest" time="0.001"/>
  <testcase name="mapEquality" classname="griffon.util.TypeUtilsTest" time="0.0"/>
  <testcase name="convertNumbersIntoWrapperFloat" classname="griffon.util.TypeUtilsTest" time="0.001"/>
  <testcase name="convertNumbersIntoWrapperShort" classname="griffon.util.TypeUtilsTest" time="0.0"/>
  <testcase name="equality" classname="griffon.util.TypeUtilsTest" time="0.001"/>
  <testcase name="convertValue" classname="griffon.util.TypeUtilsTest" time="0.005"/>
  <testcase name="convertNumbersIntoPrimitiveInteger" classname="griffon.util.TypeUtilsTest" time="0.001"/>
  <testcase name="castToBigDecimal" classname="griffon.util.TypeUtilsTest" time="0.0"/>
  <testcase name="castToInt" classname="griffon.util.TypeUtilsTest" time="0.0"/>
  <testcase name="castToNumberCantHandleNonNumberValues" classname="griffon.util.TypeUtilsTest" time="0.0"/>
  <testcase name="castToBigInteger" classname="griffon.util.TypeUtilsTest" time="0.0"/>
  <testcase name="listEquality" classname="griffon.util.TypeUtilsTest" time="0.001"/>
  <testcase name="convertCharacters" classname="griffon.util.TypeUtilsTest" time="0.0"/>
  <system-out><![CDATA[]]></system-out>
  <system-err><![CDATA[[Test worker] TRACE griffon.core.editors.PropertyEditorResolver - Searching PropertyEditor for java.net.URI
[Test worker] TRACE griffon.core.editors.PropertyEditorResolver - PropertyEditor for java.net.URI is griffon.core.editors.URIPropertyEditor
[Test worker] TRACE griffon.core.editors.PropertyEditorResolver - Searching PropertyEditor for java.net.URI
[Test worker] TRACE griffon.core.editors.PropertyEditorResolver - PropertyEditor for java.net.URI is griffon.core.editors.URIPropertyEditor
[Test worker] TRACE griffon.core.editors.PropertyEditorResolver - Searching PropertyEditor for griffon.util.TypeUtils
]]></system-err>
</testsuite>
