<?xml version="1.0" encoding="UTF-8"?>
<testsuite name="org.codehaus.griffon.runtime.core.DefaultConfigurationTest" tests="26" failures="0" errors="0" timestamp="2014-02-18T20:59:12" hostname="testing-worker-linux-9-1-26937-linux-3-19139712" time="0.174">
  <properties/>
  <testcase name="Calling configuration.get(key.string, STRING) gives string as result" classname="org.codehaus.griffon.runtime.core.DefaultConfigurationTest" time="0.051"/>
  <testcase name="Calling configuration.getAt(key.string, STRING) gives string as result" classname="org.codehaus.griffon.runtime.core.DefaultConfigurationTest" time="0.003"/>
  <testcase name="Calling configuration.getAsString(key.string2, null) gives null as result" classname="org.codehaus.griffon.runtime.core.DefaultConfigurationTest" time="0.002"/>
  <testcase name="Calling configuration.getAsString(key.string, STRING) gives string as result" classname="org.codehaus.griffon.runtime.core.DefaultConfigurationTest" time="0.002"/>
  <testcase name="Calling configuration.getAsBoolean(key.boolean2, null) gives false as result" classname="org.codehaus.griffon.runtime.core.DefaultConfigurationTest" time="0.002"/>
  <testcase name="Calling configuration.getAsBoolean(key.boolean, false) gives true as result" classname="org.codehaus.griffon.runtime.core.DefaultConfigurationTest" time="0.002"/>
  <testcase name="Calling configuration.getAsBoolean(key.boolean.string, false) gives true as result" classname="org.codehaus.griffon.runtime.core.DefaultConfigurationTest" time="0.002"/>
  <testcase name="Calling configuration.getAsInt(key.int2, null) gives 0 as result" classname="org.codehaus.griffon.runtime.core.DefaultConfigurationTest" time="0.003"/>
  <testcase name="Calling configuration.getAsInt(key.int, -1) gives 42 as result" classname="org.codehaus.griffon.runtime.core.DefaultConfigurationTest" time="0.003"/>
  <testcase name="Calling configuration.getAsInt(key.int.string, -1) gives 21 as result" classname="org.codehaus.griffon.runtime.core.DefaultConfigurationTest" time="0.002"/>
  <testcase name="Calling configuration.getAsLong(key.long2, null) gives 0 as result" classname="org.codehaus.griffon.runtime.core.DefaultConfigurationTest" time="0.003"/>
  <testcase name="Calling configuration.getAsLong(key.long, -1) gives 64 as result" classname="org.codehaus.griffon.runtime.core.DefaultConfigurationTest" time="0.003"/>
  <testcase name="Calling configuration.getAsLong(key.long.string, -1) gives 32 as result" classname="org.codehaus.griffon.runtime.core.DefaultConfigurationTest" time="0.003"/>
  <testcase name="Calling configuration.getAsFloat(key.float2, null) gives 0.0 as result" classname="org.codehaus.griffon.runtime.core.DefaultConfigurationTest" time="0.002"/>
  <testcase name="Calling configuration.getAsFloat(key.float, -1.0) gives 3.1416 as result" classname="org.codehaus.griffon.runtime.core.DefaultConfigurationTest" time="0.002"/>
  <testcase name="Calling configuration.getAsFloat(key.float.string, -1.0) gives 6.2832 as result" classname="org.codehaus.griffon.runtime.core.DefaultConfigurationTest" time="0.006"/>
  <testcase name="Calling configuration.getAsDouble(key.double2, null) gives 0.0 as result" classname="org.codehaus.griffon.runtime.core.DefaultConfigurationTest" time="0.003"/>
  <testcase name="Calling configuration.getAsDouble(key.double, -1.0) gives 3.1416 as result" classname="org.codehaus.griffon.runtime.core.DefaultConfigurationTest" time="0.002"/>
  <testcase name="Calling configuration.getAsDouble(key.double.string, -1.0) gives 6.2832 as result" classname="org.codehaus.griffon.runtime.core.DefaultConfigurationTest" time="0.003"/>
  <testcase name="Calling configuration.getAsString(key.string.unknown, UNKNOWN) gives UNKNOWN as result" classname="org.codehaus.griffon.runtime.core.DefaultConfigurationTest" time="0.002"/>
  <testcase name="Calling configuration.getAsBoolean(key.boolean.unknown, true) gives true as result" classname="org.codehaus.griffon.runtime.core.DefaultConfigurationTest" time="0.002"/>
  <testcase name="Calling configuration.getAsInt(key.int.unknown, 2147483647) gives 2147483647 as result" classname="org.codehaus.griffon.runtime.core.DefaultConfigurationTest" time="0.002"/>
  <testcase name="Calling configuration.getAsLong(key.long.unknown, 9223372036854775807) gives 9223372036854775807 as result" classname="org.codehaus.griffon.runtime.core.DefaultConfigurationTest" time="0.003"/>
  <testcase name="Calling configuration.getAsFloat(key.float.unknown, 3.4028235E38) gives 3.4028235E38 as result" classname="org.codehaus.griffon.runtime.core.DefaultConfigurationTest" time="0.002"/>
  <testcase name="Calling configuration.getAsDouble(key.double.unknown, 1.7976931348623157E308) gives 1.7976931348623157E308 as result" classname="org.codehaus.griffon.runtime.core.DefaultConfigurationTest" time="0.002"/>
  <testcase name="Can resolved nested keys from sample application configuration" classname="org.codehaus.griffon.runtime.core.DefaultConfigurationTest" time="0.015"/>
  <system-out><![CDATA[]]></system-out>
  <system-err><![CDATA[]]></system-err>
</testsuite>
