<?xml version="1.0" encoding="UTF-8"?>
<testsuite name="griffon.core.env.RunModeTests" tests="3" failures="0" errors="0" timestamp="2014-02-18T20:59:08" hostname="testing-worker-linux-9-1-26937-linux-3-19139712" time="0.028">
  <properties/>
  <testcase name="testGetCurrent" classname="griffon.core.env.RunModeTests" time="0.016"/>
  <testcase name="testIsSystemSet" classname="griffon.core.env.RunModeTests" time="0.005"/>
  <testcase name="testGetRunMode" classname="griffon.core.env.RunModeTests" time="0.004"/>
  <system-out><![CDATA[]]></system-out>
  <system-err><![CDATA[]]></system-err>
</testsuite>
