<?xml version="1.0" encoding="UTF-8"?>
<testsuite name="griffon.core.editors.EnumPropertyEditorSpec" tests="11" failures="0" errors="0" timestamp="2014-02-22T19:12:34" hostname="testing-worker-linux-6-1-10096-linux-6-19406446" time="0.016">
  <properties/>
  <testcase name="Enum literal 'null' should be equal to null" classname="griffon.core.editors.EnumPropertyEditorSpec" time="0.001"/>
  <testcase name="Enum literal '' should be equal to null" classname="griffon.core.editors.EnumPropertyEditorSpec" time="0.0"/>
  <testcase name="Enum literal ' ' should be equal to null" classname="griffon.core.editors.EnumPropertyEditorSpec" time="0.001"/>
  <testcase name="Enum literal 'ZERO' should be equal to ZERO" classname="griffon.core.editors.EnumPropertyEditorSpec" time="0.0"/>
  <testcase name="Enum literal 'ONE' should be equal to ONE" classname="griffon.core.editors.EnumPropertyEditorSpec" time="0.001"/>
  <testcase name="Invalid enum literal 'garbage'" classname="griffon.core.editors.EnumPropertyEditorSpec" time="0.001"/>
  <testcase name="Invalid enum literal '[]'" classname="griffon.core.editors.EnumPropertyEditorSpec" time="0.0"/>
  <testcase name="Invalid enum literal '[1, 2, 3]'" classname="griffon.core.editors.EnumPropertyEditorSpec" time="0.001"/>
  <testcase name="Invalid enum literal '[:]'" classname="griffon.core.editors.EnumPropertyEditorSpec" time="0.0"/>
  <testcase name="Invalid enum literal '[key:value]'" classname="griffon.core.editors.EnumPropertyEditorSpec" time="0.001"/>
  <testcase name="Invalid enum literal 'java.lang.Object@6b3f7bb2'" classname="griffon.core.editors.EnumPropertyEditorSpec" time="0.0"/>
  <system-out><![CDATA[]]></system-out>
  <system-err><![CDATA[]]></system-err>
</testsuite>
