<?xml version="1.0" encoding="UTF-8"?>
<testsuite name="griffon.core.editors.CalendarPropertyEditorSpec" tests="18" failures="0" errors="0" timestamp="2014-02-18T20:59:06" hostname="testing-worker-linux-9-1-26937-linux-3-19139712" time="0.084">
  <properties/>
  <testcase name="Calendar literal 'null' with format 'null' should be equal to null" classname="griffon.core.editors.CalendarPropertyEditorSpec" time="0.012"/>
  <testcase name="Calendar literal '' with format 'null' should be equal to null" classname="griffon.core.editors.CalendarPropertyEditorSpec" time="0.001"/>
  <testcase name="Calendar literal '1/1/70 12:00 AM' with format 'null' should be equal to java.util.GregorianCalendar[time=0,areFieldsSet=true,areAllFieldsSet=true,lenient=true,zone=sun.util.calendar.ZoneInfo[id=&quot;Etc/UTC&quot;,offset=0,dstSavings=0,useDaylight=false,transitions=0,lastRule=null],firstDayOfWeek=1,minimalDaysInFirstWeek=1,ERA=1,YEAR=1970,MONTH=0,WEEK_OF_YEAR=1,WEEK_OF_MONTH=1,DAY_OF_MONTH=1,DAY_OF_YEAR=1,DAY_OF_WEEK=5,DAY_OF_WEEK_IN_MONTH=1,AM_PM=0,HOUR=0,HOUR_OF_DAY=0,MINUTE=0,SECOND=0,MILLISECOND=0,ZONE_OFFSET=0,DST_OFFSET=0]" classname="griffon.core.editors.CalendarPropertyEditorSpec" time="0.007"/>
  <testcase name="Calendar literal '0' with format 'null' should be equal to java.util.GregorianCalendar[time=0,areFieldsSet=true,areAllFieldsSet=true,lenient=true,zone=sun.util.calendar.ZoneInfo[id=&quot;Etc/UTC&quot;,offset=0,dstSavings=0,useDaylight=false,transitions=0,lastRule=null],firstDayOfWeek=1,minimalDaysInFirstWeek=1,ERA=1,YEAR=1970,MONTH=0,WEEK_OF_YEAR=1,WEEK_OF_MONTH=1,DAY_OF_MONTH=1,DAY_OF_YEAR=1,DAY_OF_WEEK=5,DAY_OF_WEEK_IN_MONTH=1,AM_PM=0,HOUR=0,HOUR_OF_DAY=0,MINUTE=0,SECOND=0,MILLISECOND=0,ZONE_OFFSET=0,DST_OFFSET=0]" classname="griffon.core.editors.CalendarPropertyEditorSpec" time="0.003"/>
  <testcase name="Calendar literal '0' with format 'null' should be equal to java.util.GregorianCalendar[time=0,areFieldsSet=true,areAllFieldsSet=true,lenient=true,zone=sun.util.calendar.ZoneInfo[id=&quot;Etc/UTC&quot;,offset=0,dstSavings=0,useDaylight=false,transitions=0,lastRule=null],firstDayOfWeek=1,minimalDaysInFirstWeek=1,ERA=1,YEAR=1970,MONTH=0,WEEK_OF_YEAR=1,WEEK_OF_MONTH=1,DAY_OF_MONTH=1,DAY_OF_YEAR=1,DAY_OF_WEEK=5,DAY_OF_WEEK_IN_MONTH=1,AM_PM=0,HOUR=0,HOUR_OF_DAY=0,MINUTE=0,SECOND=0,MILLISECOND=0,ZONE_OFFSET=0,DST_OFFSET=0]" classname="griffon.core.editors.CalendarPropertyEditorSpec" time="0.002"/>
  <testcase name="Calendar literal 'Thu Jan 01 00:00:00 UTC 1970' with format 'null' should be equal to java.util.GregorianCalendar[time=0,areFieldsSet=true,areAllFieldsSet=true,lenient=true,zone=sun.util.calendar.ZoneInfo[id=&quot;Etc/UTC&quot;,offset=0,dstSavings=0,useDaylight=false,transitions=0,lastRule=null],firstDayOfWeek=1,minimalDaysInFirstWeek=1,ERA=1,YEAR=1970,MONTH=0,WEEK_OF_YEAR=1,WEEK_OF_MONTH=1,DAY_OF_MONTH=1,DAY_OF_YEAR=1,DAY_OF_WEEK=5,DAY_OF_WEEK_IN_MONTH=1,AM_PM=0,HOUR=0,HOUR_OF_DAY=0,MINUTE=0,SECOND=0,MILLISECOND=0,ZONE_OFFSET=0,DST_OFFSET=0]" classname="griffon.core.editors.CalendarPropertyEditorSpec" time="0.002"/>
  <testcase name="Calendar literal 'java.util.GregorianCalendar[time=0,areFieldsSet=true,areAllFieldsSet=true,lenient=true,zone=sun.util.calendar.ZoneInfo[id=&quot;Etc/UTC&quot;,offset=0,dstSavings=0,useDaylight=false,transitions=0,lastRule=null],firstDayOfWeek=1,minimalDaysInFirstWeek=1,ERA=1,YEAR=1970,MONTH=0,WEEK_OF_YEAR=1,WEEK_OF_MONTH=1,DAY_OF_MONTH=1,DAY_OF_YEAR=1,DAY_OF_WEEK=5,DAY_OF_WEEK_IN_MONTH=1,AM_PM=0,HOUR=0,HOUR_OF_DAY=0,MINUTE=0,SECOND=0,MILLISECOND=0,ZONE_OFFSET=0,DST_OFFSET=0]' with format 'null' should be equal to java.util.GregorianCalendar[time=0,areFieldsSet=true,areAllFieldsSet=true,lenient=true,zone=sun.util.calendar.ZoneInfo[id=&quot;Etc/UTC&quot;,offset=0,dstSavings=0,useDaylight=false,transitions=0,lastRule=null],firstDayOfWeek=1,minimalDaysInFirstWeek=1,ERA=1,YEAR=1970,MONTH=0,WEEK_OF_YEAR=1,WEEK_OF_MONTH=1,DAY_OF_MONTH=1,DAY_OF_YEAR=1,DAY_OF_WEEK=5,DAY_OF_WEEK_IN_MONTH=1,AM_PM=0,HOUR=0,HOUR_OF_DAY=0,MINUTE=0,SECOND=0,MILLISECOND=0,ZONE_OFFSET=0,DST_OFFSET=0]" classname="griffon.core.editors.CalendarPropertyEditorSpec" time="0.001"/>
  <testcase name="Calendar literal '' with format 'yyyy-MM-dd HH:mm:ss' should be equal to null" classname="griffon.core.editors.CalendarPropertyEditorSpec" time="0.004"/>
  <testcase name="Calendar literal '1970-01-01 00:00:00' with format 'yyyy-MM-dd HH:mm:ss' should be equal to java.util.GregorianCalendar[time=0,areFieldsSet=true,areAllFieldsSet=true,lenient=true,zone=sun.util.calendar.ZoneInfo[id=&quot;Etc/UTC&quot;,offset=0,dstSavings=0,useDaylight=false,transitions=0,lastRule=null],firstDayOfWeek=1,minimalDaysInFirstWeek=1,ERA=1,YEAR=1970,MONTH=0,WEEK_OF_YEAR=1,WEEK_OF_MONTH=1,DAY_OF_MONTH=1,DAY_OF_YEAR=1,DAY_OF_WEEK=5,DAY_OF_WEEK_IN_MONTH=1,AM_PM=0,HOUR=0,HOUR_OF_DAY=0,MINUTE=0,SECOND=0,MILLISECOND=0,ZONE_OFFSET=0,DST_OFFSET=0]" classname="griffon.core.editors.CalendarPropertyEditorSpec" time="0.003"/>
  <testcase name="Calendar literal '0' with format 'yyyy-MM-dd HH:mm:ss' should be equal to java.util.GregorianCalendar[time=0,areFieldsSet=true,areAllFieldsSet=true,lenient=true,zone=sun.util.calendar.ZoneInfo[id=&quot;Etc/UTC&quot;,offset=0,dstSavings=0,useDaylight=false,transitions=0,lastRule=null],firstDayOfWeek=1,minimalDaysInFirstWeek=1,ERA=1,YEAR=1970,MONTH=0,WEEK_OF_YEAR=1,WEEK_OF_MONTH=1,DAY_OF_MONTH=1,DAY_OF_YEAR=1,DAY_OF_WEEK=5,DAY_OF_WEEK_IN_MONTH=1,AM_PM=0,HOUR=0,HOUR_OF_DAY=0,MINUTE=0,SECOND=0,MILLISECOND=0,ZONE_OFFSET=0,DST_OFFSET=0]" classname="griffon.core.editors.CalendarPropertyEditorSpec" time="0.002"/>
  <testcase name="Calendar literal 'Thu Jan 01 00:00:00 UTC 1970' with format 'yyyy-MM-dd HH:mm:ss' should be equal to java.util.GregorianCalendar[time=0,areFieldsSet=true,areAllFieldsSet=true,lenient=true,zone=sun.util.calendar.ZoneInfo[id=&quot;Etc/UTC&quot;,offset=0,dstSavings=0,useDaylight=false,transitions=0,lastRule=null],firstDayOfWeek=1,minimalDaysInFirstWeek=1,ERA=1,YEAR=1970,MONTH=0,WEEK_OF_YEAR=1,WEEK_OF_MONTH=1,DAY_OF_MONTH=1,DAY_OF_YEAR=1,DAY_OF_WEEK=5,DAY_OF_WEEK_IN_MONTH=1,AM_PM=0,HOUR=0,HOUR_OF_DAY=0,MINUTE=0,SECOND=0,MILLISECOND=0,ZONE_OFFSET=0,DST_OFFSET=0]" classname="griffon.core.editors.CalendarPropertyEditorSpec" time="0.002"/>
  <testcase name="Calendar literal 'java.util.GregorianCalendar[time=0,areFieldsSet=true,areAllFieldsSet=true,lenient=true,zone=sun.util.calendar.ZoneInfo[id=&quot;Etc/UTC&quot;,offset=0,dstSavings=0,useDaylight=false,transitions=0,lastRule=null],firstDayOfWeek=1,minimalDaysInFirstWeek=1,ERA=1,YEAR=1970,MONTH=0,WEEK_OF_YEAR=1,WEEK_OF_MONTH=1,DAY_OF_MONTH=1,DAY_OF_YEAR=1,DAY_OF_WEEK=5,DAY_OF_WEEK_IN_MONTH=1,AM_PM=0,HOUR=0,HOUR_OF_DAY=0,MINUTE=0,SECOND=0,MILLISECOND=0,ZONE_OFFSET=0,DST_OFFSET=0]' with format 'yyyy-MM-dd HH:mm:ss' should be equal to java.util.GregorianCalendar[time=0,areFieldsSet=true,areAllFieldsSet=true,lenient=true,zone=sun.util.calendar.ZoneInfo[id=&quot;Etc/UTC&quot;,offset=0,dstSavings=0,useDaylight=false,transitions=0,lastRule=null],firstDayOfWeek=1,minimalDaysInFirstWeek=1,ERA=1,YEAR=1970,MONTH=0,WEEK_OF_YEAR=1,WEEK_OF_MONTH=1,DAY_OF_MONTH=1,DAY_OF_YEAR=1,DAY_OF_WEEK=5,DAY_OF_WEEK_IN_MONTH=1,AM_PM=0,HOUR=0,HOUR_OF_DAY=0,MINUTE=0,SECOND=0,MILLISECOND=0,ZONE_OFFSET=0,DST_OFFSET=0]" classname="griffon.core.editors.CalendarPropertyEditorSpec" time="0.002"/>
  <testcase name="Invalid calendar literal 'garbage'" classname="griffon.core.editors.CalendarPropertyEditorSpec" time="0.002"/>
  <testcase name="Invalid calendar literal '[]'" classname="griffon.core.editors.CalendarPropertyEditorSpec" time="0.0"/>
  <testcase name="Invalid calendar literal '[1, 2, 3]'" classname="griffon.core.editors.CalendarPropertyEditorSpec" time="0.001"/>
  <testcase name="Invalid calendar literal '[:]'" classname="griffon.core.editors.CalendarPropertyEditorSpec" time="0.002"/>
  <testcase name="Invalid calendar literal '[key:value]'" classname="griffon.core.editors.CalendarPropertyEditorSpec" time="0.0"/>
  <testcase name="Invalid calendar literal 'java.lang.Object@6a58ab94'" classname="griffon.core.editors.CalendarPropertyEditorSpec" time="0.001"/>
  <system-out><![CDATA[]]></system-out>
  <system-err><![CDATA[]]></system-err>
</testsuite>
