<?xml version="1.0" encoding="UTF-8"?>
<testsuite name="griffon.core.env.RunModeTests" tests="3" failures="0" errors="0" timestamp="2014-02-22T19:12:35" hostname="testing-worker-linux-6-1-10096-linux-6-19406446" time="0.02">
  <properties/>
  <testcase name="testGetCurrent" classname="griffon.core.env.RunModeTests" time="0.013"/>
  <testcase name="testIsSystemSet" classname="griffon.core.env.RunModeTests" time="0.004"/>
  <testcase name="testGetRunMode" classname="griffon.core.env.RunModeTests" time="0.003"/>
  <system-out><![CDATA[]]></system-out>
  <system-err><![CDATA[]]></system-err>
</testsuite>
