<?xml version="1.0" encoding="UTF-8"?>
<testsuite name="griffon.core.formatters.BooleanFormatterSpec" tests="27" failures="0" errors="0" timestamp="2014-02-18T20:59:07" hostname="testing-worker-linux-9-1-26937-linux-3-19139712" time="0.076">
  <properties/>
  <testcase name="Boolean 'false' produces literal 'false'" classname="griffon.core.formatters.BooleanFormatterSpec" time="0.007"/>
  <testcase name="Boolean 'true' produces literal 'true'" classname="griffon.core.formatters.BooleanFormatterSpec" time="0.001"/>
  <testcase name="Boolean 'null' produces 'null'" classname="griffon.core.formatters.BooleanFormatterSpec" time="0.003"/>
  <testcase name="Boolean 'null' produces ''" classname="griffon.core.formatters.BooleanFormatterSpec" time="0.001"/>
  <testcase name="Boolean 'false' produces 'false'" classname="griffon.core.formatters.BooleanFormatterSpec" time="0.0"/>
  <testcase name="Boolean 'true' produces 'true'" classname="griffon.core.formatters.BooleanFormatterSpec" time="0.001"/>
  <testcase name="Boolean 'false' produces 'no'" classname="griffon.core.formatters.BooleanFormatterSpec" time="0.0"/>
  <testcase name="Boolean 'true' produces 'yes'" classname="griffon.core.formatters.BooleanFormatterSpec" time="0.0"/>
  <testcase name="Boolean 'false' produces 'off'" classname="griffon.core.formatters.BooleanFormatterSpec" time="0.001"/>
  <testcase name="Boolean 'true' produces 'on'" classname="griffon.core.formatters.BooleanFormatterSpec" time="0.001"/>
  <testcase name="Boolean 'null' with pattern 'null' produces literal 'null'" classname="griffon.core.formatters.BooleanFormatterSpec" time="0.004"/>
  <testcase name="Boolean 'false' with pattern 'null' produces literal 'false'" classname="griffon.core.formatters.BooleanFormatterSpec" time="0.001"/>
  <testcase name="Boolean 'true' with pattern 'null' produces literal 'true'" classname="griffon.core.formatters.BooleanFormatterSpec" time="0.001"/>
  <testcase name="Boolean 'null' with pattern 'boolean' produces literal 'null'" classname="griffon.core.formatters.BooleanFormatterSpec" time="0.008"/>
  <testcase name="Boolean 'false' with pattern 'boolean' produces literal 'false'" classname="griffon.core.formatters.BooleanFormatterSpec" time="0.001"/>
  <testcase name="Boolean 'true' with pattern 'boolean' produces literal 'true'" classname="griffon.core.formatters.BooleanFormatterSpec" time="0.001"/>
  <testcase name="Boolean 'null' with pattern 'query' produces literal 'null'" classname="griffon.core.formatters.BooleanFormatterSpec" time="0.001"/>
  <testcase name="Boolean 'false' with pattern 'query' produces literal 'no'" classname="griffon.core.formatters.BooleanFormatterSpec" time="0.001"/>
  <testcase name="Boolean 'true' with pattern 'query' produces literal 'yes'" classname="griffon.core.formatters.BooleanFormatterSpec" time="0.0"/>
  <testcase name="Boolean 'null' with pattern 'switch' produces literal 'null'" classname="griffon.core.formatters.BooleanFormatterSpec" time="0.001"/>
  <testcase name="Boolean 'false' with pattern 'switch' produces literal 'off'" classname="griffon.core.formatters.BooleanFormatterSpec" time="0.001"/>
  <testcase name="Boolean 'true' with pattern 'switch' produces literal 'on'" classname="griffon.core.formatters.BooleanFormatterSpec" time="0.001"/>
  <testcase name="Parse error for pattern 'boolean' with literal 'abc'" classname="griffon.core.formatters.BooleanFormatterSpec" time="0.001"/>
  <testcase name="Parse error for pattern 'query' with literal 'abc'" classname="griffon.core.formatters.BooleanFormatterSpec" time="0.0"/>
  <testcase name="Parse error for pattern 'switch' with literal 'abc'" classname="griffon.core.formatters.BooleanFormatterSpec" time="0.0"/>
  <testcase name="Illegal pattern 'garbage'" classname="griffon.core.formatters.BooleanFormatterSpec" time="0.001"/>
  <testcase name="Illegal literal 'garbage'" classname="griffon.core.formatters.BooleanFormatterSpec" time="0.001"/>
  <system-out><![CDATA[]]></system-out>
  <system-err><![CDATA[]]></system-err>
</testsuite>
