<?xml version="1.0" encoding="UTF-8"?>
<testsuite name="org.codehaus.griffon.runtime.core.i18n.DefaultMessageSourceTests" tests="8" failures="0" errors="0" timestamp="2014-02-18T20:59:16" hostname="testing-worker-linux-9-1-26937-linux-3-19139712" time="0.246">
  <properties/>
  <testcase name="exerciseAllExceptionThrowingMethods" classname="org.codehaus.griffon.runtime.core.i18n.DefaultMessageSourceTests" time="0.093"/>
  <testcase name="resolveMessageValueWithReferencedKey" classname="org.codehaus.griffon.runtime.core.i18n.DefaultMessageSourceTests" time="0.003"/>
  <testcase name="invalidKeysInResourceBundle" classname="org.codehaus.griffon.runtime.core.i18n.DefaultMessageSourceTests" time="0.005"/>
  <testcase name="getMessageFromCustomMessageSource" classname="org.codehaus.griffon.runtime.core.i18n.DefaultMessageSourceTests" time="0.03"/>
  <testcase name="exerciseAllMethodsWithDefaultMessage" classname="org.codehaus.griffon.runtime.core.i18n.DefaultMessageSourceTests" time="0.015"/>
  <testcase name="getAllMessagesFromResourceBundle" classname="org.codehaus.griffon.runtime.core.i18n.DefaultMessageSourceTests" time="0.003"/>
  <testcase name="exerciseFormatMessage" classname="org.codehaus.griffon.runtime.core.i18n.DefaultMessageSourceTests" time="0.086"/>
  <testcase name="testGetAllMessagesByProperties" classname="org.codehaus.griffon.runtime.core.i18n.DefaultMessageSourceTests" time="0.005"/>
  <system-out><![CDATA[]]></system-out>
  <system-err><![CDATA[]]></system-err>
</testsuite>
