<?xml version="1.0" encoding="UTF-8"?>
<testsuite name="sample.pivot.groovy.SampleControllerTest" tests="2" failures="0" errors="0" timestamp="2014-02-18T21:14:14" hostname="testing-worker-linux-9-1-26937-linux-3-19139712" time="7.033">
  <properties/>
  <testcase name="executeSayHelloActionWithInput" classname="sample.pivot.groovy.SampleControllerTest" time="6.456"/>
  <testcase name="executeSayHelloActionWithNoInput" classname="sample.pivot.groovy.SampleControllerTest" time="0.576"/>
  <system-out><![CDATA[]]></system-out>
  <system-err><![CDATA[Feb 18, 2014 9:14:15 PM java.util.prefs.FileSystemPreferences$1 run
INFO: Created user preferences directory.
[AWT-EventQueue-0] INFO org.codehaus.griffon.runtime.core.DefaultApplicationBootstrapper - Griffon 2.0.0-SNAPSHOT
[AWT-EventQueue-0] INFO org.codehaus.griffon.runtime.core.DefaultApplicationBootstrapper - Build: 2014-02-18T20:56:22.462+0000
[AWT-EventQueue-0] INFO org.codehaus.griffon.runtime.core.DefaultApplicationBootstrapper - JVM: 1.7.0_51 (Oracle Corporation 24.51-b03)
[AWT-EventQueue-0] INFO org.codehaus.griffon.runtime.core.DefaultApplicationBootstrapper - OS: Linux 2.6.32-042stab079.5 amd64
[AWT-EventQueue-0] DEBUG org.codehaus.griffon.runtime.core.DefaultApplicationBootstrapper - Creating module bindings
[AWT-EventQueue-0] DEBUG griffon.util.AnnotationUtils - Current module order is [core, application, groovy, pivot-builder, pivot, testApplicationBootstrapper$InnerClasses, testApplicationBootstrapper$Fields]
[AWT-EventQueue-0] TRACE griffon.util.AnnotationUtils - Processing module 'core'
[AWT-EventQueue-0] TRACE griffon.util.AnnotationUtils -   depends on '[]'
[AWT-EventQueue-0] TRACE griffon.util.AnnotationUtils -   adding module 'core', since all dependencies have been added
[AWT-EventQueue-0] TRACE griffon.util.AnnotationUtils - Processing module 'application'
[AWT-EventQueue-0] TRACE griffon.util.AnnotationUtils -   depends on '[]'
[AWT-EventQueue-0] TRACE griffon.util.AnnotationUtils -   adding module 'application', since all dependencies have been added
[AWT-EventQueue-0] TRACE griffon.util.AnnotationUtils - Processing module 'groovy'
[AWT-EventQueue-0] TRACE griffon.util.AnnotationUtils -   depends on '[]'
[AWT-EventQueue-0] TRACE griffon.util.AnnotationUtils -   adding module 'groovy', since all dependencies have been added
[AWT-EventQueue-0] TRACE griffon.util.AnnotationUtils - Processing module 'pivot-builder'
[AWT-EventQueue-0] TRACE griffon.util.AnnotationUtils -   depends on '[pivot]'
[AWT-EventQueue-0] TRACE griffon.util.AnnotationUtils -   checking module 'pivot-builder' dependencies (1)
[AWT-EventQueue-0] TRACE griffon.util.AnnotationUtils -   checking module 'pivot-builder' dependencies: 
[AWT-EventQueue-0] TRACE griffon.util.AnnotationUtils -   skipped module 'pivot-builder', since dependency 'pivot' not yet added
[AWT-EventQueue-0] TRACE griffon.util.AnnotationUtils - Processing module 'pivot'
[AWT-EventQueue-0] TRACE griffon.util.AnnotationUtils -   depends on '[]'
[AWT-EventQueue-0] TRACE griffon.util.AnnotationUtils -   adding module 'pivot', since all dependencies have been added
[AWT-EventQueue-0] TRACE griffon.util.AnnotationUtils - Processing module 'testApplicationBootstrapper$InnerClasses'
[AWT-EventQueue-0] TRACE griffon.util.AnnotationUtils -   depends on '[]'
[AWT-EventQueue-0] TRACE griffon.util.AnnotationUtils -   adding module 'testApplicationBootstrapper$InnerClasses', since all dependencies have been added
[AWT-EventQueue-0] TRACE griffon.util.AnnotationUtils - Processing module 'testApplicationBootstrapper$Fields'
[AWT-EventQueue-0] TRACE griffon.util.AnnotationUtils -   depends on '[]'
[AWT-EventQueue-0] TRACE griffon.util.AnnotationUtils -   adding module 'testApplicationBootstrapper$Fields', since all dependencies have been added
[AWT-EventQueue-0] DEBUG griffon.util.AnnotationUtils - Current module order is [core, application, groovy, pivot-builder, pivot, testApplicationBootstrapper$InnerClasses, testApplicationBootstrapper$Fields]
[AWT-EventQueue-0] TRACE griffon.util.AnnotationUtils - Processing module 'pivot-builder'
[AWT-EventQueue-0] TRACE griffon.util.AnnotationUtils -   depends on '[pivot]'
[AWT-EventQueue-0] TRACE griffon.util.AnnotationUtils -   checking module 'pivot-builder' dependencies (1)
[AWT-EventQueue-0] TRACE griffon.util.AnnotationUtils -   checking module 'pivot-builder' dependencies: 
[AWT-EventQueue-0] TRACE griffon.util.AnnotationUtils -   module 'pivot-builder' dependency 'pivot' already added
[AWT-EventQueue-0] TRACE griffon.util.AnnotationUtils -   adding module 'pivot-builder', since all dependencies have been added
[AWT-EventQueue-0] TRACE griffon.util.AnnotationUtils - module dependency ordering complete
[AWT-EventQueue-0] DEBUG griffon.util.AnnotationUtils - computed module order is [core, application, groovy, pivot, testApplicationBootstrapper$InnerClasses, testApplicationBootstrapper$Fields, pivot-builder]
[AWT-EventQueue-0] DEBUG org.codehaus.griffon.runtime.core.DefaultApplicationBootstrapper - Loading module bindings from core:org.codehaus.griffon.runtime.core.DefaultApplicationModule@633063a1
[AWT-EventQueue-0] DEBUG org.codehaus.griffon.runtime.core.DefaultApplicationBootstrapper - Loading module bindings from application:sample.pivot.groovy.ApplicationModule@7ddd11e6
[AWT-EventQueue-0] DEBUG org.codehaus.griffon.runtime.core.DefaultApplicationBootstrapper - Loading module bindings from groovy:org.codehaus.griffon.runtime.groovy.GroovyModule@3cc25398
[AWT-EventQueue-0] DEBUG org.codehaus.griffon.runtime.core.DefaultApplicationBootstrapper - Loading module bindings from pivot:org.codehaus.griffon.runtime.pivot.PivotModule@79fe3f51
[AWT-EventQueue-0] DEBUG org.codehaus.griffon.runtime.core.DefaultApplicationBootstrapper - Loading module bindings from testApplicationBootstrapper$InnerClasses:org.codehaus.griffon.runtime.core.TestApplicationBootstrapper$InnerClassesModule@22ef1d69
[AWT-EventQueue-0] DEBUG org.codehaus.griffon.runtime.core.DefaultApplicationBootstrapper - Loading module bindings from testApplicationBootstrapper$Fields:org.codehaus.griffon.runtime.core.TestApplicationBootstrapper$FieldsModule@73ea6a
[AWT-EventQueue-0] DEBUG org.codehaus.griffon.runtime.core.DefaultApplicationBootstrapper - Loading module bindings from pivot-builder:org.codehaus.griffon.runtime.pivot.PivotBuilderModule@3a22d561
[AWT-EventQueue-0] TRACE org.codehaus.griffon.runtime.core.DefaultApplicationBootstrapper - InstanceBinding[source=griffon.core.GriffonApplication, instance=org.codehaus.griffon.runtime.pivot.TestDesktopPivotApplication@71b0c171, singleton=true]
[AWT-EventQueue-0] TRACE org.codehaus.griffon.runtime.core.DefaultApplicationBootstrapper - InstanceBinding[source=org.apache.pivot.wtk.Display, instance=org.apache.pivot.wtk.Display, singleton=true]
[AWT-EventQueue-0] TRACE org.codehaus.griffon.runtime.core.DefaultApplicationBootstrapper - TargetBinding[source=griffon.core.ApplicationClassLoader, target=org.codehaus.griffon.runtime.core.DefaultApplicationClassLoader, singleton=true]
[AWT-EventQueue-0] TRACE org.codehaus.griffon.runtime.core.DefaultApplicationBootstrapper - TargetBinding[source=griffon.core.ApplicationConfigurer, target=org.codehaus.griffon.runtime.core.DefaultApplicationConfigurer, singleton=true]
[AWT-EventQueue-0] TRACE org.codehaus.griffon.runtime.core.DefaultApplicationBootstrapper - TargetBinding[source=griffon.core.resources.ResourceHandler, target=org.codehaus.griffon.runtime.core.resources.DefaultResourceHandler, singleton=true]
[AWT-EventQueue-0] TRACE org.codehaus.griffon.runtime.core.DefaultApplicationBootstrapper - TargetBinding[source=griffon.util.CompositeResourceBundleBuilder, target=org.codehaus.griffon.runtime.groovy.util.GroovyAwareCompositeResourceBundleBuilder, singleton=true]
[AWT-EventQueue-0] TRACE org.codehaus.griffon.runtime.core.DefaultApplicationBootstrapper - ProviderBinding[source=java.util.ResourceBundle, classifier=@javax.inject.Named(value=applicationResourceBundle), provider=org.codehaus.griffon.runtime.util.ResourceBundleProvider@b6c1c07, singleton=true]
[AWT-EventQueue-0] TRACE org.codehaus.griffon.runtime.core.DefaultApplicationBootstrapper - TargetBinding[source=griffon.core.Configuration, target=org.codehaus.griffon.runtime.core.DefaultConfiguration, singleton=true]
[AWT-EventQueue-0] TRACE org.codehaus.griffon.runtime.core.DefaultApplicationBootstrapper - TargetBinding[source=griffon.core.ExecutorServiceManager, target=org.codehaus.griffon.runtime.core.DefaultExecutorServiceManager, singleton=true]
[AWT-EventQueue-0] TRACE org.codehaus.griffon.runtime.core.DefaultApplicationBootstrapper - TargetBinding[source=griffon.core.event.EventRouter, classifier=@javax.inject.Named(value=applicationEventRouter), target=org.codehaus.griffon.runtime.core.event.DefaultEventRouter, singleton=true]
[AWT-EventQueue-0] TRACE org.codehaus.griffon.runtime.core.DefaultApplicationBootstrapper - TargetBinding[source=griffon.core.event.EventRouter, target=org.codehaus.griffon.runtime.core.event.DefaultEventRouter, singleton=false]
[AWT-EventQueue-0] TRACE org.codehaus.griffon.runtime.core.DefaultApplicationBootstrapper - ProviderBinding[source=griffon.core.resources.ResourceResolver, classifier=@javax.inject.Named(value=applicationResourceResolver), provider=org.codehaus.griffon.runtime.core.resources.ResourceResolverProvider@66a4156c, singleton=true]
[AWT-EventQueue-0] TRACE org.codehaus.griffon.runtime.core.DefaultApplicationBootstrapper - ProviderBinding[source=griffon.core.i18n.MessageSource, classifier=@javax.inject.Named(value=applicationMessageSource), provider=org.codehaus.griffon.runtime.core.i18n.MessageSourceProvider@1e7a9a19, singleton=true]
[AWT-EventQueue-0] TRACE org.codehaus.griffon.runtime.core.DefaultApplicationBootstrapper - TargetBinding[source=griffon.core.resources.ResourceInjector, classifier=@javax.inject.Named(value=applicationResourceInjector), target=org.codehaus.griffon.runtime.core.resources.DefaultApplicationResourceInjector, singleton=true]
[AWT-EventQueue-0] TRACE org.codehaus.griffon.runtime.core.DefaultApplicationBootstrapper - TargetBinding[source=griffon.core.threading.UIThreadManager, target=org.codehaus.griffon.runtime.pivot.PivotUIThreadManager, singleton=true]
[AWT-EventQueue-0] TRACE org.codehaus.griffon.runtime.core.DefaultApplicationBootstrapper - TargetBinding[source=griffon.core.mvc.MVCGroupManager, target=org.codehaus.griffon.runtime.groovy.mvc.GroovyAwareMVCGroupManager, singleton=true]
[AWT-EventQueue-0] TRACE org.codehaus.griffon.runtime.core.DefaultApplicationBootstrapper - ProviderBinding[source=griffon.core.LifecycleHandler, classifier=@javax.inject.Named(value=Initialize), provider=org.codehaus.griffon.runtime.core.LifecycleHandlerProvider@31aeef1, singleton=true]
[AWT-EventQueue-0] TRACE org.codehaus.griffon.runtime.core.DefaultApplicationBootstrapper - ProviderBinding[source=griffon.core.LifecycleHandler, classifier=@javax.inject.Named(value=Startup), provider=org.codehaus.griffon.runtime.core.LifecycleHandlerProvider@5d3d11ce, singleton=true]
[AWT-EventQueue-0] TRACE org.codehaus.griffon.runtime.core.DefaultApplicationBootstrapper - ProviderBinding[source=griffon.core.LifecycleHandler, classifier=@javax.inject.Named(value=Ready), provider=org.codehaus.griffon.runtime.core.LifecycleHandlerProvider@545c1b34, singleton=true]
[AWT-EventQueue-0] TRACE org.codehaus.griffon.runtime.core.DefaultApplicationBootstrapper - ProviderBinding[source=griffon.core.LifecycleHandler, classifier=@javax.inject.Named(value=Shutdown), provider=org.codehaus.griffon.runtime.core.LifecycleHandlerProvider@6afe1e30, singleton=true]
[AWT-EventQueue-0] TRACE org.codehaus.griffon.runtime.core.DefaultApplicationBootstrapper - ProviderBinding[source=griffon.core.LifecycleHandler, classifier=@javax.inject.Named(value=Stop), provider=org.codehaus.griffon.runtime.core.LifecycleHandlerProvider@51701830, singleton=true]
[AWT-EventQueue-0] TRACE org.codehaus.griffon.runtime.core.DefaultApplicationBootstrapper - TargetBinding[source=griffon.core.view.WindowManager, target=org.codehaus.griffon.runtime.pivot.DefaultPivotWindowManager, singleton=true]
[AWT-EventQueue-0] TRACE org.codehaus.griffon.runtime.core.DefaultApplicationBootstrapper - TargetBinding[source=griffon.core.controller.ActionManager, target=org.codehaus.griffon.runtime.pivot.controller.PivotActionManager, singleton=true]
[AWT-EventQueue-0] TRACE org.codehaus.griffon.runtime.core.DefaultApplicationBootstrapper - TargetBinding[source=griffon.core.artifact.ArtifactManager, target=org.codehaus.griffon.runtime.core.artifact.DefaultArtifactManager, singleton=true]
[AWT-EventQueue-0] TRACE org.codehaus.griffon.runtime.core.DefaultApplicationBootstrapper - TargetBinding[source=griffon.core.artifact.ArtifactHandler, classifier=@griffon.inject.Typed(value=interface griffon.core.artifact.GriffonModel), target=org.codehaus.griffon.runtime.core.artifact.ModelArtifactHandler, singleton=true]
[AWT-EventQueue-0] TRACE org.codehaus.griffon.runtime.core.DefaultApplicationBootstrapper - TargetBinding[source=griffon.core.artifact.ArtifactHandler, classifier=@griffon.inject.Typed(value=interface griffon.core.artifact.GriffonView), target=org.codehaus.griffon.runtime.core.artifact.ViewArtifactHandler, singleton=true]
[AWT-EventQueue-0] TRACE org.codehaus.griffon.runtime.core.DefaultApplicationBootstrapper - TargetBinding[source=griffon.core.artifact.ArtifactHandler, classifier=@griffon.inject.Typed(value=interface griffon.core.artifact.GriffonController), target=org.codehaus.griffon.runtime.core.artifact.ControllerArtifactHandler, singleton=true]
[AWT-EventQueue-0] TRACE org.codehaus.griffon.runtime.core.DefaultApplicationBootstrapper - TargetBinding[source=griffon.core.artifact.ArtifactHandler, classifier=@griffon.inject.Typed(value=interface griffon.core.artifact.GriffonService), target=org.codehaus.griffon.runtime.core.artifact.ServiceArtifactHandler, singleton=true]
[AWT-EventQueue-0] TRACE org.codehaus.griffon.runtime.core.DefaultApplicationBootstrapper - ProviderTypeBinding[source=griffon.core.PlatformHandler, providerType=class org.codehaus.griffon.runtime.core.PlatformHandlerProvider, singleton=true]
[AWT-EventQueue-0] TRACE org.codehaus.griffon.runtime.core.DefaultApplicationBootstrapper - TargetBinding[source=griffon.core.addon.AddonManager, target=org.codehaus.griffon.runtime.core.addon.DefaultAddonManager, singleton=true]
[AWT-EventQueue-0] TRACE org.codehaus.griffon.runtime.core.DefaultApplicationBootstrapper - TargetBinding[source=griffon.core.event.EventHandler, target=org.codehaus.griffon.runtime.core.event.DefaultEventHandler, singleton=true]
[AWT-EventQueue-0] TRACE org.codehaus.griffon.runtime.core.DefaultApplicationBootstrapper - TargetBinding[source=griffon.core.GriffonExceptionHandler, target=griffon.core.GriffonExceptionHandler, singleton=true]
[AWT-EventQueue-0] TRACE org.codehaus.griffon.runtime.core.DefaultApplicationBootstrapper - ProviderTypeBinding[source=griffon.util.ConfigReader, providerType=class griffon.util.ConfigReader$Provider, singleton=true]
[AWT-EventQueue-0] TRACE org.codehaus.griffon.runtime.core.DefaultApplicationBootstrapper - TargetBinding[source=griffon.core.addon.GriffonAddon, classifier=@javax.inject.Named(value=groovy), target=org.codehaus.griffon.runtime.groovy.GroovyAddon, singleton=true]
[AWT-EventQueue-0] TRACE org.codehaus.griffon.runtime.core.DefaultApplicationBootstrapper - TargetBinding[source=griffon.util.BuilderCustomizer, classifier=@javax.inject.Named(value=core), target=griffon.builder.core.CoreBuilderCustomizer, singleton=true]
[AWT-EventQueue-0] TRACE org.codehaus.griffon.runtime.core.DefaultApplicationBootstrapper - TargetBinding[source=griffon.pivot.PivotWindowDisplayHandler, classifier=@javax.inject.Named(value=defaultWindowDisplayHandler), target=org.codehaus.griffon.runtime.pivot.DefaultPivotWindowDisplayHandler, singleton=true]
[AWT-EventQueue-0] TRACE org.codehaus.griffon.runtime.core.DefaultApplicationBootstrapper - TargetBinding[source=griffon.pivot.PivotWindowDisplayHandler, classifier=@javax.inject.Named(value=windowDisplayHandler), target=org.codehaus.griffon.runtime.pivot.ConfigurablePivotWindowDisplayHandler, singleton=true]
[AWT-EventQueue-0] TRACE org.codehaus.griffon.runtime.core.DefaultApplicationBootstrapper - TargetBinding[source=griffon.util.BuilderCustomizer, classifier=@javax.inject.Named(value=pivot), target=griffon.builder.pivot.PivotBuilderCustomizer, singleton=true]
[AWT-EventQueue-0] DEBUG org.codehaus.griffon.runtime.core.DefaultApplicationBootstrapper - Creating application injector
[AWT-EventQueue-0] DEBUG org.codehaus.griffon.runtime.core.DefaultApplicationBootstrapper - Injector will be created by org.codehaus.griffon.runtime.injection.GuiceInjectorFactory@46f94b51
[AWT-EventQueue-0] TRACE griffon.util.CompositeResourceBundle - Searching key=application
[AWT-EventQueue-0] TRACE griffon.util.CompositeResourceBundle - Bundle griffon.util.ExpandableResourceBundle@5e6f6eb8; key=application; value='{autoShutdown=true, title=Pivot + Groovy, startupGroups=[sample]}'
[AWT-EventQueue-0] TRACE griffon.util.CompositeResourceBundle - Searching key=application.autoShutdown
[AWT-EventQueue-0] TRACE griffon.util.CompositeResourceBundle - Bundle griffon.util.ExpandableResourceBundle@5e6f6eb8; key=application.autoShutdown; value='true'
[AWT-EventQueue-0] TRACE griffon.util.CompositeResourceBundle - Searching key=application.title
[AWT-EventQueue-0] TRACE griffon.util.CompositeResourceBundle - Bundle griffon.util.ExpandableResourceBundle@5e6f6eb8; key=application.title; value='Pivot + Groovy'
[AWT-EventQueue-0] TRACE griffon.util.CompositeResourceBundle - Searching key=application.startupGroups
[AWT-EventQueue-0] TRACE griffon.util.CompositeResourceBundle - Bundle griffon.util.ExpandableResourceBundle@5e6f6eb8; key=application.startupGroups; value='[sample]'
[AWT-EventQueue-0] TRACE griffon.util.CompositeResourceBundle - Searching key=mvcGroups
[AWT-EventQueue-0] TRACE griffon.util.CompositeResourceBundle - Bundle griffon.util.ExpandableResourceBundle@5e6f6eb8; key=mvcGroups; value='{sample={controller=sample.pivot.groovy.SampleController, view=sample.pivot.groovy.SampleView}}'
[AWT-EventQueue-0] TRACE griffon.util.CompositeResourceBundle - Searching key=mvcGroups.sample.controller
[AWT-EventQueue-0] TRACE griffon.util.CompositeResourceBundle - Bundle griffon.util.ExpandableResourceBundle@5e6f6eb8; key=mvcGroups.sample.controller; value='sample.pivot.groovy.SampleController'
[AWT-EventQueue-0] TRACE griffon.util.CompositeResourceBundle - Searching key=mvcGroups.sample.view
[AWT-EventQueue-0] TRACE griffon.util.CompositeResourceBundle - Bundle griffon.util.ExpandableResourceBundle@5e6f6eb8; key=mvcGroups.sample.view; value='sample.pivot.groovy.SampleView'
[AWT-EventQueue-0] DEBUG org.codehaus.griffon.runtime.core.event.AbstractEventRouter - Adding listener org.codehaus.griffon.runtime.core.MVCGroupExceptionHandler on UncaughtMVCGroupConfigurationException
[AWT-EventQueue-0] DEBUG org.codehaus.griffon.runtime.core.event.AbstractEventRouter - Adding listener org.codehaus.griffon.runtime.core.MVCGroupExceptionHandler on UncaughtMVCGroupInstantiationException
[AWT-EventQueue-0] DEBUG org.codehaus.griffon.runtime.core.event.AbstractEventRouter - Triggering event 'BootstrapStart' synchronously
[AWT-EventQueue-0] DEBUG griffon.util.ServiceLoaderUtils - Reading java.beans.PropertyEditor definitions from file:/home/travis/build/aalmiray/griffon2/samples/sample-pivot-groovy/build/instrumented_classes/META-INF/editors/java.beans.PropertyEditor
[AWT-EventQueue-0] DEBUG org.codehaus.griffon.runtime.core.DefaultApplicationConfigurer - Registering griffon.pivot.editors.ColorPropertyEditor as editor for java.awt.Color
[AWT-EventQueue-0] DEBUG org.codehaus.griffon.runtime.core.DefaultApplicationConfigurer - Registering griffon.pivot.editors.BoundsPropertyEditor as editor for org.apache.pivot.wtk.Bounds
[AWT-EventQueue-0] DEBUG org.codehaus.griffon.runtime.core.DefaultApplicationConfigurer - Registering griffon.pivot.editors.DimensionsPropertyEditor as editor for org.apache.pivot.wtk.Dimensions
[AWT-EventQueue-0] DEBUG org.codehaus.griffon.runtime.core.DefaultApplicationConfigurer - Registering griffon.pivot.editors.InsetsPropertyEditor as editor for org.apache.pivot.wtk.Insets
[AWT-EventQueue-0] DEBUG org.codehaus.griffon.runtime.core.DefaultApplicationConfigurer - Registering griffon.pivot.editors.PointPropertyEditor as editor for org.apache.pivot.wtk.Point
[AWT-EventQueue-0] DEBUG griffon.util.ServiceLoaderUtils - Reading java.beans.PropertyEditor definitions from jar:file:/home/travis/build/aalmiray/griffon2/subprojects/griffon-core/build/libs/griffon-core-2.0.0-SNAPSHOT.jar!/META-INF/editors/java.beans.PropertyEditor
[AWT-EventQueue-0] DEBUG org.codehaus.griffon.runtime.core.DefaultApplicationConfigurer - Registering griffon.core.editors.StringPropertyEditor as editor for java.lang.String
[AWT-EventQueue-0] DEBUG org.codehaus.griffon.runtime.core.DefaultApplicationConfigurer - Registering griffon.core.editors.FilePropertyEditor as editor for java.io.File
[AWT-EventQueue-0] DEBUG org.codehaus.griffon.runtime.core.DefaultApplicationConfigurer - Registering griffon.core.editors.URLPropertyEditor as editor for java.net.URL
[AWT-EventQueue-0] DEBUG org.codehaus.griffon.runtime.core.DefaultApplicationConfigurer - Registering griffon.core.editors.URIPropertyEditor as editor for java.net.URI
[AWT-EventQueue-0] DEBUG org.codehaus.griffon.runtime.core.DefaultApplicationConfigurer - Registering griffon.core.editors.BigDecimalPropertyEditor as editor for java.math.BigDecimal
[AWT-EventQueue-0] DEBUG org.codehaus.griffon.runtime.core.DefaultApplicationConfigurer - Registering griffon.core.editors.BigIntegerPropertyEditor as editor for java.math.BigInteger
[AWT-EventQueue-0] DEBUG org.codehaus.griffon.runtime.core.DefaultApplicationConfigurer - Registering griffon.core.editors.BooleanPropertyEditor as editor for java.lang.Boolean
[AWT-EventQueue-0] DEBUG org.codehaus.griffon.runtime.core.DefaultApplicationConfigurer - Registering griffon.core.editors.BytePropertyEditor as editor for java.lang.Byte
[AWT-EventQueue-0] DEBUG org.codehaus.griffon.runtime.core.DefaultApplicationConfigurer - Registering griffon.core.editors.ShortPropertyEditor as editor for java.lang.Short
[AWT-EventQueue-0] DEBUG org.codehaus.griffon.runtime.core.DefaultApplicationConfigurer - Registering griffon.core.editors.IntegerPropertyEditor as editor for java.lang.Integer
[AWT-EventQueue-0] DEBUG org.codehaus.griffon.runtime.core.DefaultApplicationConfigurer - Registering griffon.core.editors.LongPropertyEditor as editor for java.lang.Long
[AWT-EventQueue-0] DEBUG org.codehaus.griffon.runtime.core.DefaultApplicationConfigurer - Registering griffon.core.editors.FloatPropertyEditor as editor for java.lang.Float
[AWT-EventQueue-0] DEBUG org.codehaus.griffon.runtime.core.DefaultApplicationConfigurer - Registering griffon.core.editors.DoublePropertyEditor as editor for java.lang.Double
[AWT-EventQueue-0] DEBUG org.codehaus.griffon.runtime.core.DefaultApplicationConfigurer - Registering griffon.core.editors.CalendarPropertyEditor as editor for java.util.Calendar
[AWT-EventQueue-0] DEBUG org.codehaus.griffon.runtime.core.DefaultApplicationConfigurer - Registering griffon.core.editors.DatePropertyEditor as editor for java.util.Date
[AWT-EventQueue-0] DEBUG griffon.util.ServiceLoaderUtils - Reading java.beans.PropertyEditor definitions from jar:file:/home/travis/build/aalmiray/griffon2/subprojects/griffon-pivot/build/libs/griffon-pivot-2.0.0-SNAPSHOT.jar!/META-INF/editors/java.beans.PropertyEditor
[AWT-EventQueue-0] DEBUG org.codehaus.griffon.runtime.core.DefaultApplicationConfigurer - Registering griffon.pivot.editors.ColorPropertyEditor as editor for java.awt.Color
[AWT-EventQueue-0] DEBUG org.codehaus.griffon.runtime.core.DefaultApplicationConfigurer - Registering griffon.pivot.editors.BoundsPropertyEditor as editor for org.apache.pivot.wtk.Bounds
[AWT-EventQueue-0] DEBUG org.codehaus.griffon.runtime.core.DefaultApplicationConfigurer - Registering griffon.pivot.editors.DimensionsPropertyEditor as editor for org.apache.pivot.wtk.Dimensions
[AWT-EventQueue-0] DEBUG org.codehaus.griffon.runtime.core.DefaultApplicationConfigurer - Registering griffon.pivot.editors.InsetsPropertyEditor as editor for org.apache.pivot.wtk.Insets
[AWT-EventQueue-0] DEBUG org.codehaus.griffon.runtime.core.DefaultApplicationConfigurer - Registering griffon.pivot.editors.PointPropertyEditor as editor for org.apache.pivot.wtk.Point
[AWT-EventQueue-0] DEBUG org.codehaus.griffon.runtime.core.DefaultApplicationConfigurer - Registering griffon.core.editors.BooleanPropertyEditor as editor for boolean
[AWT-EventQueue-0] DEBUG org.codehaus.griffon.runtime.core.DefaultApplicationConfigurer - Registering griffon.core.editors.BytePropertyEditor as editor for byte
[AWT-EventQueue-0] DEBUG org.codehaus.griffon.runtime.core.DefaultApplicationConfigurer - Registering griffon.core.editors.ShortPropertyEditor as editor for short
[AWT-EventQueue-0] DEBUG org.codehaus.griffon.runtime.core.DefaultApplicationConfigurer - Registering griffon.core.editors.IntegerPropertyEditor as editor for int
[AWT-EventQueue-0] DEBUG org.codehaus.griffon.runtime.core.DefaultApplicationConfigurer - Registering griffon.core.editors.LongPropertyEditor as editor for long
[AWT-EventQueue-0] DEBUG org.codehaus.griffon.runtime.core.DefaultApplicationConfigurer - Registering griffon.core.editors.FloatPropertyEditor as editor for float
[AWT-EventQueue-0] DEBUG org.codehaus.griffon.runtime.core.DefaultApplicationConfigurer - Registering griffon.core.editors.DoublePropertyEditor as editor for double
[AWT-EventQueue-0] DEBUG org.codehaus.griffon.runtime.core.event.AbstractEventRouter - Adding listener org.codehaus.griffon.runtime.core.DefaultApplicationConfigurer$2 on NewInstance
[AWT-EventQueue-0] TRACE griffon.util.CompositeResourceBundle - Searching key=application.lifecycle.handler.disable
[AWT-EventQueue-0] TRACE griffon.util.CompositeResourceBundle - Searching key=application
[AWT-EventQueue-0] TRACE griffon.util.CompositeResourceBundle - Bundle griffon.util.ExpandableResourceBundle@5e6f6eb8; key=application; value='{autoShutdown=true, title=Pivot + Groovy, startupGroups=[sample]}'
[AWT-EventQueue-0] TRACE griffon.util.CompositeResourceBundle - Searching key=platform.handler.linux64
[AWT-EventQueue-0] TRACE griffon.util.CompositeResourceBundle - Searching key=platform
[AWT-EventQueue-0] DEBUG org.codehaus.griffon.runtime.core.PlatformHandlerProvider - Using org.codehaus.griffon.runtime.core.DefaultPlatformHandler as PlatformHandler
[AWT-EventQueue-0] DEBUG org.codehaus.griffon.runtime.core.addon.AbstractAddonManager - Loading addons [START]
[AWT-EventQueue-0] DEBUG griffon.util.AnnotationUtils - Current addon order is [groovy]
[AWT-EventQueue-0] TRACE griffon.util.AnnotationUtils - Processing addon 'groovy'
[AWT-EventQueue-0] TRACE griffon.util.AnnotationUtils -   depends on '[]'
[AWT-EventQueue-0] TRACE griffon.util.AnnotationUtils -   adding addon 'groovy', since all dependencies have been added
[AWT-EventQueue-0] TRACE griffon.util.AnnotationUtils - addon dependency ordering complete
[AWT-EventQueue-0] DEBUG griffon.util.AnnotationUtils - computed addon order is [groovy]
[AWT-EventQueue-0] DEBUG org.codehaus.griffon.runtime.core.event.AbstractEventRouter - Triggering event 'LoadAddonsStart' synchronously
[AWT-EventQueue-0] DEBUG org.codehaus.griffon.runtime.core.addon.AbstractAddonManager - Loading addon groovy with class org.codehaus.griffon.runtime.groovy.GroovyAddon
[AWT-EventQueue-0] DEBUG org.codehaus.griffon.runtime.core.event.AbstractEventRouter - Triggering event 'LoadAddonStart' synchronously
[AWT-EventQueue-0] DEBUG org.codehaus.griffon.runtime.core.event.AbstractEventRouter - Adding listener org.codehaus.griffon.runtime.groovy.GroovyAddon@276c9124
[AWT-EventQueue-0] DEBUG org.codehaus.griffon.runtime.core.event.AbstractEventRouter - Triggering event 'LoadAddonEnd' synchronously
[AWT-EventQueue-0] DEBUG org.codehaus.griffon.runtime.core.addon.AbstractAddonManager - Loaded addon groovy
[AWT-EventQueue-0] DEBUG org.codehaus.griffon.runtime.core.addon.AbstractAddonManager - Loading addons [END]
[AWT-EventQueue-0] DEBUG org.codehaus.griffon.runtime.core.event.AbstractEventRouter - Triggering event 'LoadAddonsEnd' synchronously
[AWT-EventQueue-0] TRACE griffon.util.CompositeResourceBundle - Searching key=mvcGroups
[AWT-EventQueue-0] TRACE griffon.util.CompositeResourceBundle - Bundle griffon.util.ExpandableResourceBundle@5e6f6eb8; key=mvcGroups; value='{sample={controller=sample.pivot.groovy.SampleController, view=sample.pivot.groovy.SampleView}}'
[AWT-EventQueue-0] DEBUG org.codehaus.griffon.runtime.core.DefaultApplicationConfigurer - Adding MVC group sample
[AWT-EventQueue-0] DEBUG org.codehaus.griffon.runtime.core.event.AbstractEventRouter - Adding listener org.codehaus.griffon.runtime.core.DefaultApplicationConfigurer$3 on NewInstance
[AWT-EventQueue-0] TRACE griffon.util.CompositeResourceBundle - Searching key=griffon.controller.action.interceptor.order
[AWT-EventQueue-0] TRACE griffon.util.CompositeResourceBundle - Searching key=griffon
[AWT-EventQueue-0] DEBUG griffon.util.AnnotationUtils - computed interceptor order is []
[AWT-EventQueue-0] DEBUG org.codehaus.griffon.runtime.core.artifact.AbstractArtifactManager - Registering artifact handler for type 'model': org.codehaus.griffon.runtime.core.artifact.ModelArtifactHandler@4ec2c12c
[AWT-EventQueue-0] DEBUG org.codehaus.griffon.runtime.core.artifact.AbstractArtifactManager - Registering artifact handler for type 'view': org.codehaus.griffon.runtime.core.artifact.ViewArtifactHandler@54185819
[AWT-EventQueue-0] DEBUG org.codehaus.griffon.runtime.core.artifact.AbstractArtifactManager - Registering artifact handler for type 'controller': org.codehaus.griffon.runtime.core.artifact.ControllerArtifactHandler@a3ffc71
[AWT-EventQueue-0] DEBUG org.codehaus.griffon.runtime.core.artifact.AbstractArtifactManager - Registering artifact handler for type 'service': org.codehaus.griffon.runtime.core.artifact.ServiceArtifactHandler@6ed663f8
[AWT-EventQueue-0] DEBUG griffon.util.ServiceLoaderUtils - Reading griffon.core.artifact.GriffonService definitions from file:/home/travis/build/aalmiray/griffon2/samples/sample-pivot-groovy/build/instrumented_classes/META-INF/griffon/griffon.core.artifact.GriffonService
[AWT-EventQueue-0] DEBUG griffon.util.ServiceLoaderUtils - Reading griffon.core.artifact.GriffonController definitions from file:/home/travis/build/aalmiray/griffon2/samples/sample-pivot-groovy/build/instrumented_classes/META-INF/griffon/griffon.core.artifact.GriffonController
[AWT-EventQueue-0] DEBUG griffon.util.ServiceLoaderUtils - Reading griffon.core.artifact.GriffonView definitions from file:/home/travis/build/aalmiray/griffon2/samples/sample-pivot-groovy/build/instrumented_classes/META-INF/griffon/griffon.core.artifact.GriffonView
[AWT-EventQueue-0] DEBUG org.codehaus.griffon.runtime.core.artifact.DefaultArtifactManager - Artifacts of type 'service' = 1
[AWT-EventQueue-0] DEBUG org.codehaus.griffon.runtime.core.artifact.DefaultArtifactManager - Artifacts of type 'controller' = 1
[AWT-EventQueue-0] DEBUG org.codehaus.griffon.runtime.core.artifact.DefaultArtifactManager - Artifacts of type 'view' = 1
[AWT-EventQueue-0] TRACE org.codehaus.griffon.runtime.core.artifact.AbstractArtifactManager - InstanceBinding[source=griffon.core.artifact.GriffonClass, classifier=@griffon.inject.Typed(value=class sample.pivot.groovy.SampleService), instance=Artifact[service] > Sample, singleton=true]
[AWT-EventQueue-0] TRACE org.codehaus.griffon.runtime.core.artifact.AbstractArtifactManager - TargetBinding[source=sample.pivot.groovy.SampleService, target=sample.pivot.groovy.SampleService, singleton=true]
[AWT-EventQueue-0] TRACE org.codehaus.griffon.runtime.core.artifact.AbstractArtifactManager - InstanceBinding[source=griffon.core.artifact.GriffonClass, classifier=@griffon.inject.Typed(value=class sample.pivot.groovy.SampleController), instance=Artifact[controller] > Sample, singleton=true]
[AWT-EventQueue-0] TRACE org.codehaus.griffon.runtime.core.artifact.AbstractArtifactManager - TargetBinding[source=sample.pivot.groovy.SampleController, target=sample.pivot.groovy.SampleController, singleton=false]
[AWT-EventQueue-0] TRACE org.codehaus.griffon.runtime.core.artifact.AbstractArtifactManager - InstanceBinding[source=griffon.core.artifact.GriffonClass, classifier=@griffon.inject.Typed(value=class sample.pivot.groovy.SampleView), instance=Artifact[view] > Sample, singleton=true]
[AWT-EventQueue-0] TRACE org.codehaus.griffon.runtime.core.artifact.AbstractArtifactManager - TargetBinding[source=sample.pivot.groovy.SampleView, target=sample.pivot.groovy.SampleView, singleton=false]
[AWT-EventQueue-0] DEBUG org.codehaus.griffon.runtime.core.event.AbstractEventRouter - Triggering event 'BootstrapEnd' synchronously
[Test worker] DEBUG org.codehaus.griffon.runtime.core.artifact.AbstractArtifactManager - Searching for griffonClass of sample.pivot.groovy.SampleController
[Test worker] DEBUG org.codehaus.griffon.runtime.core.event.AbstractEventRouter - Triggering event 'NewInstance' synchronously
[Test worker] DEBUG org.codehaus.griffon.runtime.core.event.AbstractEventRouter - Triggering event 'NewInstance' synchronously
[Test worker] DEBUG org.codehaus.griffon.runtime.core.artifact.AbstractArtifactManager - Searching for griffonClass of sample.pivot.groovy.SampleController
[Test worker] TRACE griffon.util.CompositeResourceBundle - Searching key=sample.pivot.groovy.SampleController.action.SayHello.name
[Test worker] TRACE griffon.util.CompositeResourceBundle - Searching key=application.action.SayHello.name
[Test worker] TRACE org.codehaus.griffon.runtime.core.controller.AbstractActionManager - sample.pivot.groovy.SampleController.action.SayHello.name = Say Hello
[Test worker] TRACE griffon.util.CompositeResourceBundle - Searching key=sample.pivot.groovy.SampleController.action.SayHello.description
[Test worker] TRACE griffon.util.CompositeResourceBundle - Searching key=application.action.SayHello.description
[Test worker] TRACE griffon.util.CompositeResourceBundle - Searching key=sample.pivot.groovy.SampleController.action.SayHello.enabled
[Test worker] TRACE griffon.util.CompositeResourceBundle - Searching key=application.action.SayHello.enabled
[Test worker] TRACE org.codehaus.griffon.runtime.pivot.controller.PivotActionManager - sample.pivot.groovy.SampleController.action.SayHello.enabled = true
[Test worker] TRACE org.codehaus.griffon.runtime.core.controller.AbstractActionManager - Action for sample.pivot.groovy.SampleController.sayHello stored as sayHello
[Test worker] TRACE griffon.util.CompositeResourceBundle - Searching key=griffon.disable.threading.injection
[Test worker] TRACE griffon.util.CompositeResourceBundle - Searching key=griffon
[Test worker] DEBUG org.codehaus.griffon.runtime.core.controller.AbstractActionManager - Executing sample.pivot.groovy.SampleController.sayHello with policy OUTSIDE_UITHREAD
[Test worker] DEBUG org.codehaus.griffon.runtime.core.controller.AbstractActionManager - Executing 0 interceptors for sample.pivot.groovy.SampleController.sayHello
[Test worker] TRACE org.codehaus.griffon.runtime.core.controller.AbstractActionManager - Status before execution of sample.pivot.groovy.SampleController.sayHello is OK
[Test worker] TRACE griffon.util.CompositeResourceBundle - Searching key=greeting.parameterized
[Test worker] TRACE griffon.util.CompositeResourceBundle - Bundle griffon.util.ExpandableResourceBundle@378d68a9; key=greeting.parameterized; value='Hello {0}'
[Test worker] TRACE org.codehaus.griffon.runtime.core.controller.AbstractActionManager - Status after execution of sample.pivot.groovy.SampleController.sayHello is OK
[Test worker] DEBUG org.codehaus.griffon.runtime.core.event.AbstractEventRouter - Triggering event 'ShutdownRequested' synchronously
[Test worker] INFO org.codehaus.griffon.runtime.pivot.TestDesktopPivotApplication - Shutdown is in process
[Test worker] DEBUG org.codehaus.griffon.runtime.pivot.TestDesktopPivotApplication - Shutdown stage 1: notify all event listeners
[Test worker] DEBUG org.codehaus.griffon.runtime.core.event.AbstractEventRouter - Adding listener org.codehaus.griffon.runtime.core.AbstractGriffonApplication$1 on ShutdownStart
[Test worker] DEBUG org.codehaus.griffon.runtime.core.event.AbstractEventRouter - Triggering event 'ShutdownStart' synchronously
[Test worker] DEBUG org.codehaus.griffon.runtime.pivot.TestDesktopPivotApplication - Shutdown stage 2: notify all shutdown handlers
[Test worker] DEBUG org.codehaus.griffon.runtime.pivot.TestDesktopPivotApplication - Shutdown stage 3: destroy all MVC groups
[Test worker] DEBUG org.codehaus.griffon.runtime.pivot.TestDesktopPivotApplication - Shutdown stage 4: execute Shutdown script
[Test worker] TRACE griffon.util.CompositeResourceBundle - Searching key=application.lifecycle.handler.disable
[Test worker] TRACE griffon.util.CompositeResourceBundle - Searching key=application
[Test worker] TRACE griffon.util.CompositeResourceBundle - Bundle griffon.util.ExpandableResourceBundle@5e6f6eb8; key=application; value='{autoShutdown=true, title=Pivot + Groovy, startupGroups=[sample]}'
[AWT-EventQueue-0] INFO org.codehaus.griffon.runtime.core.DefaultApplicationBootstrapper - Griffon 2.0.0-SNAPSHOT
[AWT-EventQueue-0] INFO org.codehaus.griffon.runtime.core.DefaultApplicationBootstrapper - Build: 2014-02-18T20:56:22.462+0000
[AWT-EventQueue-0] INFO org.codehaus.griffon.runtime.core.DefaultApplicationBootstrapper - JVM: 1.7.0_51 (Oracle Corporation 24.51-b03)
[AWT-EventQueue-0] INFO org.codehaus.griffon.runtime.core.DefaultApplicationBootstrapper - OS: Linux 2.6.32-042stab079.5 amd64
[AWT-EventQueue-0] DEBUG org.codehaus.griffon.runtime.core.DefaultApplicationBootstrapper - Creating module bindings
[AWT-EventQueue-0] DEBUG griffon.util.AnnotationUtils - Current module order is [core, application, groovy, pivot-builder, pivot, testApplicationBootstrapper$InnerClasses, testApplicationBootstrapper$Fields]
[AWT-EventQueue-0] TRACE griffon.util.AnnotationUtils - Processing module 'core'
[AWT-EventQueue-0] TRACE griffon.util.AnnotationUtils -   depends on '[]'
[AWT-EventQueue-0] TRACE griffon.util.AnnotationUtils -   adding module 'core', since all dependencies have been added
[AWT-EventQueue-0] TRACE griffon.util.AnnotationUtils - Processing module 'application'
[AWT-EventQueue-0] TRACE griffon.util.AnnotationUtils -   depends on '[]'
[AWT-EventQueue-0] TRACE griffon.util.AnnotationUtils -   adding module 'application', since all dependencies have been added
[AWT-EventQueue-0] TRACE griffon.util.AnnotationUtils - Processing module 'groovy'
[AWT-EventQueue-0] TRACE griffon.util.AnnotationUtils -   depends on '[]'
[AWT-EventQueue-0] TRACE griffon.util.AnnotationUtils -   adding module 'groovy', since all dependencies have been added
[AWT-EventQueue-0] TRACE griffon.util.AnnotationUtils - Processing module 'pivot-builder'
[AWT-EventQueue-0] TRACE griffon.util.AnnotationUtils -   depends on '[pivot]'
[AWT-EventQueue-0] TRACE griffon.util.AnnotationUtils -   checking module 'pivot-builder' dependencies (1)
[AWT-EventQueue-0] TRACE griffon.util.AnnotationUtils -   checking module 'pivot-builder' dependencies: 
[AWT-EventQueue-0] TRACE griffon.util.AnnotationUtils -   skipped module 'pivot-builder', since dependency 'pivot' not yet added
[AWT-EventQueue-0] TRACE griffon.util.AnnotationUtils - Processing module 'pivot'
[AWT-EventQueue-0] TRACE griffon.util.AnnotationUtils -   depends on '[]'
[AWT-EventQueue-0] TRACE griffon.util.AnnotationUtils -   adding module 'pivot', since all dependencies have been added
[AWT-EventQueue-0] TRACE griffon.util.AnnotationUtils - Processing module 'testApplicationBootstrapper$InnerClasses'
[AWT-EventQueue-0] TRACE griffon.util.AnnotationUtils -   depends on '[]'
[AWT-EventQueue-0] TRACE griffon.util.AnnotationUtils -   adding module 'testApplicationBootstrapper$InnerClasses', since all dependencies have been added
[AWT-EventQueue-0] TRACE griffon.util.AnnotationUtils - Processing module 'testApplicationBootstrapper$Fields'
[AWT-EventQueue-0] TRACE griffon.util.AnnotationUtils -   depends on '[]'
[AWT-EventQueue-0] TRACE griffon.util.AnnotationUtils -   adding module 'testApplicationBootstrapper$Fields', since all dependencies have been added
[AWT-EventQueue-0] DEBUG griffon.util.AnnotationUtils - Current module order is [core, application, groovy, pivot-builder, pivot, testApplicationBootstrapper$InnerClasses, testApplicationBootstrapper$Fields]
[AWT-EventQueue-0] TRACE griffon.util.AnnotationUtils - Processing module 'pivot-builder'
[AWT-EventQueue-0] TRACE griffon.util.AnnotationUtils -   depends on '[pivot]'
[AWT-EventQueue-0] TRACE griffon.util.AnnotationUtils -   checking module 'pivot-builder' dependencies (1)
[AWT-EventQueue-0] TRACE griffon.util.AnnotationUtils -   checking module 'pivot-builder' dependencies: 
[AWT-EventQueue-0] TRACE griffon.util.AnnotationUtils -   module 'pivot-builder' dependency 'pivot' already added
[AWT-EventQueue-0] TRACE griffon.util.AnnotationUtils -   adding module 'pivot-builder', since all dependencies have been added
[AWT-EventQueue-0] TRACE griffon.util.AnnotationUtils - module dependency ordering complete
[AWT-EventQueue-0] DEBUG griffon.util.AnnotationUtils - computed module order is [core, application, groovy, pivot, testApplicationBootstrapper$InnerClasses, testApplicationBootstrapper$Fields, pivot-builder]
[AWT-EventQueue-0] DEBUG org.codehaus.griffon.runtime.core.DefaultApplicationBootstrapper - Loading module bindings from core:org.codehaus.griffon.runtime.core.DefaultApplicationModule@1679739b
[AWT-EventQueue-0] DEBUG org.codehaus.griffon.runtime.core.DefaultApplicationBootstrapper - Loading module bindings from application:sample.pivot.groovy.ApplicationModule@7f94d0a3
[AWT-EventQueue-0] DEBUG org.codehaus.griffon.runtime.core.DefaultApplicationBootstrapper - Loading module bindings from groovy:org.codehaus.griffon.runtime.groovy.GroovyModule@30dbec5
[AWT-EventQueue-0] DEBUG org.codehaus.griffon.runtime.core.DefaultApplicationBootstrapper - Loading module bindings from pivot:org.codehaus.griffon.runtime.pivot.PivotModule@7b677913
[AWT-EventQueue-0] DEBUG org.codehaus.griffon.runtime.core.DefaultApplicationBootstrapper - Loading module bindings from testApplicationBootstrapper$InnerClasses:org.codehaus.griffon.runtime.core.TestApplicationBootstrapper$InnerClassesModule@463e0db0
[AWT-EventQueue-0] DEBUG org.codehaus.griffon.runtime.core.DefaultApplicationBootstrapper - Loading module bindings from testApplicationBootstrapper$Fields:org.codehaus.griffon.runtime.core.TestApplicationBootstrapper$FieldsModule@13f4c1d7
[AWT-EventQueue-0] DEBUG org.codehaus.griffon.runtime.core.DefaultApplicationBootstrapper - Loading module bindings from pivot-builder:org.codehaus.griffon.runtime.pivot.PivotBuilderModule@29e2147d
[AWT-EventQueue-0] TRACE org.codehaus.griffon.runtime.core.DefaultApplicationBootstrapper - InstanceBinding[source=griffon.core.GriffonApplication, instance=org.codehaus.griffon.runtime.pivot.TestDesktopPivotApplication@b68031b, singleton=true]
[AWT-EventQueue-0] TRACE org.codehaus.griffon.runtime.core.DefaultApplicationBootstrapper - InstanceBinding[source=org.apache.pivot.wtk.Display, instance=org.apache.pivot.wtk.Display, singleton=true]
[AWT-EventQueue-0] TRACE org.codehaus.griffon.runtime.core.DefaultApplicationBootstrapper - TargetBinding[source=griffon.core.ApplicationClassLoader, target=org.codehaus.griffon.runtime.core.DefaultApplicationClassLoader, singleton=true]
[AWT-EventQueue-0] TRACE org.codehaus.griffon.runtime.core.DefaultApplicationBootstrapper - TargetBinding[source=griffon.core.ApplicationConfigurer, target=org.codehaus.griffon.runtime.core.DefaultApplicationConfigurer, singleton=true]
[AWT-EventQueue-0] TRACE org.codehaus.griffon.runtime.core.DefaultApplicationBootstrapper - TargetBinding[source=griffon.core.resources.ResourceHandler, target=org.codehaus.griffon.runtime.core.resources.DefaultResourceHandler, singleton=true]
[AWT-EventQueue-0] TRACE org.codehaus.griffon.runtime.core.DefaultApplicationBootstrapper - TargetBinding[source=griffon.util.CompositeResourceBundleBuilder, target=org.codehaus.griffon.runtime.groovy.util.GroovyAwareCompositeResourceBundleBuilder, singleton=true]
[AWT-EventQueue-0] TRACE org.codehaus.griffon.runtime.core.DefaultApplicationBootstrapper - ProviderBinding[source=java.util.ResourceBundle, classifier=@javax.inject.Named(value=applicationResourceBundle), provider=org.codehaus.griffon.runtime.util.ResourceBundleProvider@59a3e776, singleton=true]
[AWT-EventQueue-0] TRACE org.codehaus.griffon.runtime.core.DefaultApplicationBootstrapper - TargetBinding[source=griffon.core.Configuration, target=org.codehaus.griffon.runtime.core.DefaultConfiguration, singleton=true]
[AWT-EventQueue-0] TRACE org.codehaus.griffon.runtime.core.DefaultApplicationBootstrapper - TargetBinding[source=griffon.core.ExecutorServiceManager, target=org.codehaus.griffon.runtime.core.DefaultExecutorServiceManager, singleton=true]
[AWT-EventQueue-0] TRACE org.codehaus.griffon.runtime.core.DefaultApplicationBootstrapper - TargetBinding[source=griffon.core.event.EventRouter, classifier=@javax.inject.Named(value=applicationEventRouter), target=org.codehaus.griffon.runtime.core.event.DefaultEventRouter, singleton=true]
[AWT-EventQueue-0] TRACE org.codehaus.griffon.runtime.core.DefaultApplicationBootstrapper - TargetBinding[source=griffon.core.event.EventRouter, target=org.codehaus.griffon.runtime.core.event.DefaultEventRouter, singleton=false]
[AWT-EventQueue-0] TRACE org.codehaus.griffon.runtime.core.DefaultApplicationBootstrapper - ProviderBinding[source=griffon.core.resources.ResourceResolver, classifier=@javax.inject.Named(value=applicationResourceResolver), provider=org.codehaus.griffon.runtime.core.resources.ResourceResolverProvider@17b121f4, singleton=true]
[AWT-EventQueue-0] TRACE org.codehaus.griffon.runtime.core.DefaultApplicationBootstrapper - ProviderBinding[source=griffon.core.i18n.MessageSource, classifier=@javax.inject.Named(value=applicationMessageSource), provider=org.codehaus.griffon.runtime.core.i18n.MessageSourceProvider@6e2c2652, singleton=true]
[AWT-EventQueue-0] TRACE org.codehaus.griffon.runtime.core.DefaultApplicationBootstrapper - TargetBinding[source=griffon.core.resources.ResourceInjector, classifier=@javax.inject.Named(value=applicationResourceInjector), target=org.codehaus.griffon.runtime.core.resources.DefaultApplicationResourceInjector, singleton=true]
[AWT-EventQueue-0] TRACE org.codehaus.griffon.runtime.core.DefaultApplicationBootstrapper - TargetBinding[source=griffon.core.threading.UIThreadManager, target=org.codehaus.griffon.runtime.pivot.PivotUIThreadManager, singleton=true]
[AWT-EventQueue-0] TRACE org.codehaus.griffon.runtime.core.DefaultApplicationBootstrapper - TargetBinding[source=griffon.core.mvc.MVCGroupManager, target=org.codehaus.griffon.runtime.groovy.mvc.GroovyAwareMVCGroupManager, singleton=true]
[AWT-EventQueue-0] TRACE org.codehaus.griffon.runtime.core.DefaultApplicationBootstrapper - ProviderBinding[source=griffon.core.LifecycleHandler, classifier=@javax.inject.Named(value=Initialize), provider=org.codehaus.griffon.runtime.core.LifecycleHandlerProvider@14880a00, singleton=true]
[AWT-EventQueue-0] TRACE org.codehaus.griffon.runtime.core.DefaultApplicationBootstrapper - ProviderBinding[source=griffon.core.LifecycleHandler, classifier=@javax.inject.Named(value=Startup), provider=org.codehaus.griffon.runtime.core.LifecycleHandlerProvider@6f489087, singleton=true]
[AWT-EventQueue-0] TRACE org.codehaus.griffon.runtime.core.DefaultApplicationBootstrapper - ProviderBinding[source=griffon.core.LifecycleHandler, classifier=@javax.inject.Named(value=Ready), provider=org.codehaus.griffon.runtime.core.LifecycleHandlerProvider@508c825, singleton=true]
[AWT-EventQueue-0] TRACE org.codehaus.griffon.runtime.core.DefaultApplicationBootstrapper - ProviderBinding[source=griffon.core.LifecycleHandler, classifier=@javax.inject.Named(value=Shutdown), provider=org.codehaus.griffon.runtime.core.LifecycleHandlerProvider@38bf7b8, singleton=true]
[AWT-EventQueue-0] TRACE org.codehaus.griffon.runtime.core.DefaultApplicationBootstrapper - ProviderBinding[source=griffon.core.LifecycleHandler, classifier=@javax.inject.Named(value=Stop), provider=org.codehaus.griffon.runtime.core.LifecycleHandlerProvider@5a3452d9, singleton=true]
[AWT-EventQueue-0] TRACE org.codehaus.griffon.runtime.core.DefaultApplicationBootstrapper - TargetBinding[source=griffon.core.view.WindowManager, target=org.codehaus.griffon.runtime.pivot.DefaultPivotWindowManager, singleton=true]
[AWT-EventQueue-0] TRACE org.codehaus.griffon.runtime.core.DefaultApplicationBootstrapper - TargetBinding[source=griffon.core.controller.ActionManager, target=org.codehaus.griffon.runtime.pivot.controller.PivotActionManager, singleton=true]
[AWT-EventQueue-0] TRACE org.codehaus.griffon.runtime.core.DefaultApplicationBootstrapper - TargetBinding[source=griffon.core.artifact.ArtifactManager, target=org.codehaus.griffon.runtime.core.artifact.DefaultArtifactManager, singleton=true]
[AWT-EventQueue-0] TRACE org.codehaus.griffon.runtime.core.DefaultApplicationBootstrapper - TargetBinding[source=griffon.core.artifact.ArtifactHandler, classifier=@griffon.inject.Typed(value=interface griffon.core.artifact.GriffonModel), target=org.codehaus.griffon.runtime.core.artifact.ModelArtifactHandler, singleton=true]
[AWT-EventQueue-0] TRACE org.codehaus.griffon.runtime.core.DefaultApplicationBootstrapper - TargetBinding[source=griffon.core.artifact.ArtifactHandler, classifier=@griffon.inject.Typed(value=interface griffon.core.artifact.GriffonView), target=org.codehaus.griffon.runtime.core.artifact.ViewArtifactHandler, singleton=true]
[AWT-EventQueue-0] TRACE org.codehaus.griffon.runtime.core.DefaultApplicationBootstrapper - TargetBinding[source=griffon.core.artifact.ArtifactHandler, classifier=@griffon.inject.Typed(value=interface griffon.core.artifact.GriffonController), target=org.codehaus.griffon.runtime.core.artifact.ControllerArtifactHandler, singleton=true]
[AWT-EventQueue-0] TRACE org.codehaus.griffon.runtime.core.DefaultApplicationBootstrapper - TargetBinding[source=griffon.core.artifact.ArtifactHandler, classifier=@griffon.inject.Typed(value=interface griffon.core.artifact.GriffonService), target=org.codehaus.griffon.runtime.core.artifact.ServiceArtifactHandler, singleton=true]
[AWT-EventQueue-0] TRACE org.codehaus.griffon.runtime.core.DefaultApplicationBootstrapper - ProviderTypeBinding[source=griffon.core.PlatformHandler, providerType=class org.codehaus.griffon.runtime.core.PlatformHandlerProvider, singleton=true]
[AWT-EventQueue-0] TRACE org.codehaus.griffon.runtime.core.DefaultApplicationBootstrapper - TargetBinding[source=griffon.core.addon.AddonManager, target=org.codehaus.griffon.runtime.core.addon.DefaultAddonManager, singleton=true]
[AWT-EventQueue-0] TRACE org.codehaus.griffon.runtime.core.DefaultApplicationBootstrapper - TargetBinding[source=griffon.core.event.EventHandler, target=org.codehaus.griffon.runtime.core.event.DefaultEventHandler, singleton=true]
[AWT-EventQueue-0] TRACE org.codehaus.griffon.runtime.core.DefaultApplicationBootstrapper - TargetBinding[source=griffon.core.GriffonExceptionHandler, target=griffon.core.GriffonExceptionHandler, singleton=true]
[AWT-EventQueue-0] TRACE org.codehaus.griffon.runtime.core.DefaultApplicationBootstrapper - ProviderTypeBinding[source=griffon.util.ConfigReader, providerType=class griffon.util.ConfigReader$Provider, singleton=true]
[AWT-EventQueue-0] TRACE org.codehaus.griffon.runtime.core.DefaultApplicationBootstrapper - TargetBinding[source=griffon.core.addon.GriffonAddon, classifier=@javax.inject.Named(value=groovy), target=org.codehaus.griffon.runtime.groovy.GroovyAddon, singleton=true]
[AWT-EventQueue-0] TRACE org.codehaus.griffon.runtime.core.DefaultApplicationBootstrapper - TargetBinding[source=griffon.util.BuilderCustomizer, classifier=@javax.inject.Named(value=core), target=griffon.builder.core.CoreBuilderCustomizer, singleton=true]
[AWT-EventQueue-0] TRACE org.codehaus.griffon.runtime.core.DefaultApplicationBootstrapper - TargetBinding[source=griffon.pivot.PivotWindowDisplayHandler, classifier=@javax.inject.Named(value=defaultWindowDisplayHandler), target=org.codehaus.griffon.runtime.pivot.DefaultPivotWindowDisplayHandler, singleton=true]
[AWT-EventQueue-0] TRACE org.codehaus.griffon.runtime.core.DefaultApplicationBootstrapper - TargetBinding[source=griffon.pivot.PivotWindowDisplayHandler, classifier=@javax.inject.Named(value=windowDisplayHandler), target=org.codehaus.griffon.runtime.pivot.ConfigurablePivotWindowDisplayHandler, singleton=true]
[AWT-EventQueue-0] TRACE org.codehaus.griffon.runtime.core.DefaultApplicationBootstrapper - TargetBinding[source=griffon.util.BuilderCustomizer, classifier=@javax.inject.Named(value=pivot), target=griffon.builder.pivot.PivotBuilderCustomizer, singleton=true]
[AWT-EventQueue-0] DEBUG org.codehaus.griffon.runtime.core.DefaultApplicationBootstrapper - Creating application injector
[AWT-EventQueue-0] DEBUG org.codehaus.griffon.runtime.core.DefaultApplicationBootstrapper - Injector will be created by org.codehaus.griffon.runtime.injection.GuiceInjectorFactory@212b52d3
[AWT-EventQueue-0] TRACE griffon.util.CompositeResourceBundle - Searching key=application
[AWT-EventQueue-0] TRACE griffon.util.CompositeResourceBundle - Bundle griffon.util.ExpandableResourceBundle@343c4693; key=application; value='{autoShutdown=true, title=Pivot + Groovy, startupGroups=[sample]}'
[AWT-EventQueue-0] TRACE griffon.util.CompositeResourceBundle - Searching key=application.autoShutdown
[AWT-EventQueue-0] TRACE griffon.util.CompositeResourceBundle - Bundle griffon.util.ExpandableResourceBundle@343c4693; key=application.autoShutdown; value='true'
[AWT-EventQueue-0] TRACE griffon.util.CompositeResourceBundle - Searching key=application.title
[AWT-EventQueue-0] TRACE griffon.util.CompositeResourceBundle - Bundle griffon.util.ExpandableResourceBundle@343c4693; key=application.title; value='Pivot + Groovy'
[AWT-EventQueue-0] TRACE griffon.util.CompositeResourceBundle - Searching key=application.startupGroups
[AWT-EventQueue-0] TRACE griffon.util.CompositeResourceBundle - Bundle griffon.util.ExpandableResourceBundle@343c4693; key=application.startupGroups; value='[sample]'
[AWT-EventQueue-0] TRACE griffon.util.CompositeResourceBundle - Searching key=mvcGroups
[AWT-EventQueue-0] TRACE griffon.util.CompositeResourceBundle - Bundle griffon.util.ExpandableResourceBundle@343c4693; key=mvcGroups; value='{sample={controller=sample.pivot.groovy.SampleController, view=sample.pivot.groovy.SampleView}}'
[AWT-EventQueue-0] TRACE griffon.util.CompositeResourceBundle - Searching key=mvcGroups.sample.controller
[AWT-EventQueue-0] TRACE griffon.util.CompositeResourceBundle - Bundle griffon.util.ExpandableResourceBundle@343c4693; key=mvcGroups.sample.controller; value='sample.pivot.groovy.SampleController'
[AWT-EventQueue-0] TRACE griffon.util.CompositeResourceBundle - Searching key=mvcGroups.sample.view
[AWT-EventQueue-0] TRACE griffon.util.CompositeResourceBundle - Bundle griffon.util.ExpandableResourceBundle@343c4693; key=mvcGroups.sample.view; value='sample.pivot.groovy.SampleView'
[AWT-EventQueue-0] DEBUG org.codehaus.griffon.runtime.core.event.AbstractEventRouter - Adding listener org.codehaus.griffon.runtime.core.MVCGroupExceptionHandler on UncaughtMVCGroupConfigurationException
[AWT-EventQueue-0] DEBUG org.codehaus.griffon.runtime.core.event.AbstractEventRouter - Adding listener org.codehaus.griffon.runtime.core.MVCGroupExceptionHandler on UncaughtMVCGroupInstantiationException
[AWT-EventQueue-0] DEBUG org.codehaus.griffon.runtime.core.event.AbstractEventRouter - Triggering event 'BootstrapStart' synchronously
[AWT-EventQueue-0] DEBUG griffon.util.ServiceLoaderUtils - Reading java.beans.PropertyEditor definitions from file:/home/travis/build/aalmiray/griffon2/samples/sample-pivot-groovy/build/instrumented_classes/META-INF/editors/java.beans.PropertyEditor
[AWT-EventQueue-0] DEBUG org.codehaus.griffon.runtime.core.DefaultApplicationConfigurer - Registering griffon.pivot.editors.ColorPropertyEditor as editor for java.awt.Color
[AWT-EventQueue-0] DEBUG org.codehaus.griffon.runtime.core.DefaultApplicationConfigurer - Registering griffon.pivot.editors.BoundsPropertyEditor as editor for org.apache.pivot.wtk.Bounds
[AWT-EventQueue-0] DEBUG org.codehaus.griffon.runtime.core.DefaultApplicationConfigurer - Registering griffon.pivot.editors.DimensionsPropertyEditor as editor for org.apache.pivot.wtk.Dimensions
[AWT-EventQueue-0] DEBUG org.codehaus.griffon.runtime.core.DefaultApplicationConfigurer - Registering griffon.pivot.editors.InsetsPropertyEditor as editor for org.apache.pivot.wtk.Insets
[AWT-EventQueue-0] DEBUG org.codehaus.griffon.runtime.core.DefaultApplicationConfigurer - Registering griffon.pivot.editors.PointPropertyEditor as editor for org.apache.pivot.wtk.Point
[AWT-EventQueue-0] DEBUG griffon.util.ServiceLoaderUtils - Reading java.beans.PropertyEditor definitions from jar:file:/home/travis/build/aalmiray/griffon2/subprojects/griffon-core/build/libs/griffon-core-2.0.0-SNAPSHOT.jar!/META-INF/editors/java.beans.PropertyEditor
[AWT-EventQueue-0] DEBUG org.codehaus.griffon.runtime.core.DefaultApplicationConfigurer - Registering griffon.core.editors.StringPropertyEditor as editor for java.lang.String
[AWT-EventQueue-0] DEBUG org.codehaus.griffon.runtime.core.DefaultApplicationConfigurer - Registering griffon.core.editors.FilePropertyEditor as editor for java.io.File
[AWT-EventQueue-0] DEBUG org.codehaus.griffon.runtime.core.DefaultApplicationConfigurer - Registering griffon.core.editors.URLPropertyEditor as editor for java.net.URL
[AWT-EventQueue-0] DEBUG org.codehaus.griffon.runtime.core.DefaultApplicationConfigurer - Registering griffon.core.editors.URIPropertyEditor as editor for java.net.URI
[AWT-EventQueue-0] DEBUG org.codehaus.griffon.runtime.core.DefaultApplicationConfigurer - Registering griffon.core.editors.BigDecimalPropertyEditor as editor for java.math.BigDecimal
[AWT-EventQueue-0] DEBUG org.codehaus.griffon.runtime.core.DefaultApplicationConfigurer - Registering griffon.core.editors.BigIntegerPropertyEditor as editor for java.math.BigInteger
[AWT-EventQueue-0] DEBUG org.codehaus.griffon.runtime.core.DefaultApplicationConfigurer - Registering griffon.core.editors.BooleanPropertyEditor as editor for java.lang.Boolean
[AWT-EventQueue-0] DEBUG org.codehaus.griffon.runtime.core.DefaultApplicationConfigurer - Registering griffon.core.editors.BytePropertyEditor as editor for java.lang.Byte
[AWT-EventQueue-0] DEBUG org.codehaus.griffon.runtime.core.DefaultApplicationConfigurer - Registering griffon.core.editors.ShortPropertyEditor as editor for java.lang.Short
[AWT-EventQueue-0] DEBUG org.codehaus.griffon.runtime.core.DefaultApplicationConfigurer - Registering griffon.core.editors.IntegerPropertyEditor as editor for java.lang.Integer
[AWT-EventQueue-0] DEBUG org.codehaus.griffon.runtime.core.DefaultApplicationConfigurer - Registering griffon.core.editors.LongPropertyEditor as editor for java.lang.Long
[AWT-EventQueue-0] DEBUG org.codehaus.griffon.runtime.core.DefaultApplicationConfigurer - Registering griffon.core.editors.FloatPropertyEditor as editor for java.lang.Float
[AWT-EventQueue-0] DEBUG org.codehaus.griffon.runtime.core.DefaultApplicationConfigurer - Registering griffon.core.editors.DoublePropertyEditor as editor for java.lang.Double
[AWT-EventQueue-0] DEBUG org.codehaus.griffon.runtime.core.DefaultApplicationConfigurer - Registering griffon.core.editors.CalendarPropertyEditor as editor for java.util.Calendar
[AWT-EventQueue-0] DEBUG org.codehaus.griffon.runtime.core.DefaultApplicationConfigurer - Registering griffon.core.editors.DatePropertyEditor as editor for java.util.Date
[AWT-EventQueue-0] DEBUG griffon.util.ServiceLoaderUtils - Reading java.beans.PropertyEditor definitions from jar:file:/home/travis/build/aalmiray/griffon2/subprojects/griffon-pivot/build/libs/griffon-pivot-2.0.0-SNAPSHOT.jar!/META-INF/editors/java.beans.PropertyEditor
[AWT-EventQueue-0] DEBUG org.codehaus.griffon.runtime.core.DefaultApplicationConfigurer - Registering griffon.pivot.editors.ColorPropertyEditor as editor for java.awt.Color
[AWT-EventQueue-0] DEBUG org.codehaus.griffon.runtime.core.DefaultApplicationConfigurer - Registering griffon.pivot.editors.BoundsPropertyEditor as editor for org.apache.pivot.wtk.Bounds
[AWT-EventQueue-0] DEBUG org.codehaus.griffon.runtime.core.DefaultApplicationConfigurer - Registering griffon.pivot.editors.DimensionsPropertyEditor as editor for org.apache.pivot.wtk.Dimensions
[AWT-EventQueue-0] DEBUG org.codehaus.griffon.runtime.core.DefaultApplicationConfigurer - Registering griffon.pivot.editors.InsetsPropertyEditor as editor for org.apache.pivot.wtk.Insets
[AWT-EventQueue-0] DEBUG org.codehaus.griffon.runtime.core.DefaultApplicationConfigurer - Registering griffon.pivot.editors.PointPropertyEditor as editor for org.apache.pivot.wtk.Point
[AWT-EventQueue-0] DEBUG org.codehaus.griffon.runtime.core.DefaultApplicationConfigurer - Registering griffon.core.editors.BooleanPropertyEditor as editor for boolean
[AWT-EventQueue-0] DEBUG org.codehaus.griffon.runtime.core.DefaultApplicationConfigurer - Registering griffon.core.editors.BytePropertyEditor as editor for byte
[AWT-EventQueue-0] DEBUG org.codehaus.griffon.runtime.core.DefaultApplicationConfigurer - Registering griffon.core.editors.ShortPropertyEditor as editor for short
[AWT-EventQueue-0] DEBUG org.codehaus.griffon.runtime.core.DefaultApplicationConfigurer - Registering griffon.core.editors.IntegerPropertyEditor as editor for int
[AWT-EventQueue-0] DEBUG org.codehaus.griffon.runtime.core.DefaultApplicationConfigurer - Registering griffon.core.editors.LongPropertyEditor as editor for long
[AWT-EventQueue-0] DEBUG org.codehaus.griffon.runtime.core.DefaultApplicationConfigurer - Registering griffon.core.editors.FloatPropertyEditor as editor for float
[AWT-EventQueue-0] DEBUG org.codehaus.griffon.runtime.core.DefaultApplicationConfigurer - Registering griffon.core.editors.DoublePropertyEditor as editor for double
[AWT-EventQueue-0] DEBUG org.codehaus.griffon.runtime.core.event.AbstractEventRouter - Adding listener org.codehaus.griffon.runtime.core.DefaultApplicationConfigurer$2 on NewInstance
[AWT-EventQueue-0] TRACE griffon.util.CompositeResourceBundle - Searching key=application.lifecycle.handler.disable
[AWT-EventQueue-0] TRACE griffon.util.CompositeResourceBundle - Searching key=application
[AWT-EventQueue-0] TRACE griffon.util.CompositeResourceBundle - Bundle griffon.util.ExpandableResourceBundle@343c4693; key=application; value='{autoShutdown=true, title=Pivot + Groovy, startupGroups=[sample]}'
[AWT-EventQueue-0] TRACE griffon.util.CompositeResourceBundle - Searching key=platform.handler.linux64
[AWT-EventQueue-0] TRACE griffon.util.CompositeResourceBundle - Searching key=platform
[AWT-EventQueue-0] DEBUG org.codehaus.griffon.runtime.core.PlatformHandlerProvider - Using org.codehaus.griffon.runtime.core.DefaultPlatformHandler as PlatformHandler
[AWT-EventQueue-0] DEBUG org.codehaus.griffon.runtime.core.addon.AbstractAddonManager - Loading addons [START]
[AWT-EventQueue-0] DEBUG griffon.util.AnnotationUtils - Current addon order is [groovy]
[AWT-EventQueue-0] TRACE griffon.util.AnnotationUtils - Processing addon 'groovy'
[AWT-EventQueue-0] TRACE griffon.util.AnnotationUtils -   depends on '[]'
[AWT-EventQueue-0] TRACE griffon.util.AnnotationUtils -   adding addon 'groovy', since all dependencies have been added
[AWT-EventQueue-0] TRACE griffon.util.AnnotationUtils - addon dependency ordering complete
[AWT-EventQueue-0] DEBUG griffon.util.AnnotationUtils - computed addon order is [groovy]
[AWT-EventQueue-0] DEBUG org.codehaus.griffon.runtime.core.event.AbstractEventRouter - Triggering event 'LoadAddonsStart' synchronously
[AWT-EventQueue-0] DEBUG org.codehaus.griffon.runtime.core.addon.AbstractAddonManager - Loading addon groovy with class org.codehaus.griffon.runtime.groovy.GroovyAddon
[AWT-EventQueue-0] DEBUG org.codehaus.griffon.runtime.core.event.AbstractEventRouter - Triggering event 'LoadAddonStart' synchronously
[AWT-EventQueue-0] DEBUG org.codehaus.griffon.runtime.core.event.AbstractEventRouter - Adding listener org.codehaus.griffon.runtime.groovy.GroovyAddon@467dd9f
[AWT-EventQueue-0] DEBUG org.codehaus.griffon.runtime.core.event.AbstractEventRouter - Triggering event 'LoadAddonEnd' synchronously
[AWT-EventQueue-0] DEBUG org.codehaus.griffon.runtime.core.addon.AbstractAddonManager - Loaded addon groovy
[AWT-EventQueue-0] DEBUG org.codehaus.griffon.runtime.core.addon.AbstractAddonManager - Loading addons [END]
[AWT-EventQueue-0] DEBUG org.codehaus.griffon.runtime.core.event.AbstractEventRouter - Triggering event 'LoadAddonsEnd' synchronously
[AWT-EventQueue-0] TRACE griffon.util.CompositeResourceBundle - Searching key=mvcGroups
[AWT-EventQueue-0] TRACE griffon.util.CompositeResourceBundle - Bundle griffon.util.ExpandableResourceBundle@343c4693; key=mvcGroups; value='{sample={controller=sample.pivot.groovy.SampleController, view=sample.pivot.groovy.SampleView}}'
[AWT-EventQueue-0] DEBUG org.codehaus.griffon.runtime.core.DefaultApplicationConfigurer - Adding MVC group sample
[AWT-EventQueue-0] DEBUG org.codehaus.griffon.runtime.core.event.AbstractEventRouter - Adding listener org.codehaus.griffon.runtime.core.DefaultApplicationConfigurer$3 on NewInstance
[AWT-EventQueue-0] TRACE griffon.util.CompositeResourceBundle - Searching key=griffon.controller.action.interceptor.order
[AWT-EventQueue-0] TRACE griffon.util.CompositeResourceBundle - Searching key=griffon
[AWT-EventQueue-0] DEBUG griffon.util.AnnotationUtils - computed interceptor order is []
[AWT-EventQueue-0] DEBUG org.codehaus.griffon.runtime.core.artifact.AbstractArtifactManager - Registering artifact handler for type 'model': org.codehaus.griffon.runtime.core.artifact.ModelArtifactHandler@321125d3
[AWT-EventQueue-0] DEBUG org.codehaus.griffon.runtime.core.artifact.AbstractArtifactManager - Registering artifact handler for type 'view': org.codehaus.griffon.runtime.core.artifact.ViewArtifactHandler@3ca5953
[AWT-EventQueue-0] DEBUG org.codehaus.griffon.runtime.core.artifact.AbstractArtifactManager - Registering artifact handler for type 'controller': org.codehaus.griffon.runtime.core.artifact.ControllerArtifactHandler@59ae5a16
[AWT-EventQueue-0] DEBUG org.codehaus.griffon.runtime.core.artifact.AbstractArtifactManager - Registering artifact handler for type 'service': org.codehaus.griffon.runtime.core.artifact.ServiceArtifactHandler@459c8859
[AWT-EventQueue-0] DEBUG griffon.util.ServiceLoaderUtils - Reading griffon.core.artifact.GriffonService definitions from file:/home/travis/build/aalmiray/griffon2/samples/sample-pivot-groovy/build/instrumented_classes/META-INF/griffon/griffon.core.artifact.GriffonService
[AWT-EventQueue-0] DEBUG griffon.util.ServiceLoaderUtils - Reading griffon.core.artifact.GriffonController definitions from file:/home/travis/build/aalmiray/griffon2/samples/sample-pivot-groovy/build/instrumented_classes/META-INF/griffon/griffon.core.artifact.GriffonController
[AWT-EventQueue-0] DEBUG griffon.util.ServiceLoaderUtils - Reading griffon.core.artifact.GriffonView definitions from file:/home/travis/build/aalmiray/griffon2/samples/sample-pivot-groovy/build/instrumented_classes/META-INF/griffon/griffon.core.artifact.GriffonView
[AWT-EventQueue-0] DEBUG org.codehaus.griffon.runtime.core.artifact.DefaultArtifactManager - Artifacts of type 'service' = 1
[AWT-EventQueue-0] DEBUG org.codehaus.griffon.runtime.core.artifact.DefaultArtifactManager - Artifacts of type 'controller' = 1
[AWT-EventQueue-0] DEBUG org.codehaus.griffon.runtime.core.artifact.DefaultArtifactManager - Artifacts of type 'view' = 1
[AWT-EventQueue-0] TRACE org.codehaus.griffon.runtime.core.artifact.AbstractArtifactManager - InstanceBinding[source=griffon.core.artifact.GriffonClass, classifier=@griffon.inject.Typed(value=class sample.pivot.groovy.SampleService), instance=Artifact[service] > Sample, singleton=true]
[AWT-EventQueue-0] TRACE org.codehaus.griffon.runtime.core.artifact.AbstractArtifactManager - TargetBinding[source=sample.pivot.groovy.SampleService, target=sample.pivot.groovy.SampleService, singleton=true]
[AWT-EventQueue-0] TRACE org.codehaus.griffon.runtime.core.artifact.AbstractArtifactManager - InstanceBinding[source=griffon.core.artifact.GriffonClass, classifier=@griffon.inject.Typed(value=class sample.pivot.groovy.SampleController), instance=Artifact[controller] > Sample, singleton=true]
[AWT-EventQueue-0] TRACE org.codehaus.griffon.runtime.core.artifact.AbstractArtifactManager - TargetBinding[source=sample.pivot.groovy.SampleController, target=sample.pivot.groovy.SampleController, singleton=false]
[AWT-EventQueue-0] TRACE org.codehaus.griffon.runtime.core.artifact.AbstractArtifactManager - InstanceBinding[source=griffon.core.artifact.GriffonClass, classifier=@griffon.inject.Typed(value=class sample.pivot.groovy.SampleView), instance=Artifact[view] > Sample, singleton=true]
[AWT-EventQueue-0] TRACE org.codehaus.griffon.runtime.core.artifact.AbstractArtifactManager - TargetBinding[source=sample.pivot.groovy.SampleView, target=sample.pivot.groovy.SampleView, singleton=false]
[AWT-EventQueue-0] DEBUG org.codehaus.griffon.runtime.core.event.AbstractEventRouter - Triggering event 'BootstrapEnd' synchronously
[Test worker] DEBUG org.codehaus.griffon.runtime.core.artifact.AbstractArtifactManager - Searching for griffonClass of sample.pivot.groovy.SampleController
[Test worker] DEBUG org.codehaus.griffon.runtime.core.event.AbstractEventRouter - Triggering event 'NewInstance' synchronously
[Test worker] DEBUG org.codehaus.griffon.runtime.core.event.AbstractEventRouter - Triggering event 'NewInstance' synchronously
[Test worker] DEBUG org.codehaus.griffon.runtime.core.artifact.AbstractArtifactManager - Searching for griffonClass of sample.pivot.groovy.SampleController
[Test worker] TRACE griffon.util.CompositeResourceBundle - Searching key=sample.pivot.groovy.SampleController.action.SayHello.name
[Test worker] TRACE griffon.util.CompositeResourceBundle - Searching key=application.action.SayHello.name
[Test worker] TRACE org.codehaus.griffon.runtime.core.controller.AbstractActionManager - sample.pivot.groovy.SampleController.action.SayHello.name = Say Hello
[Test worker] TRACE griffon.util.CompositeResourceBundle - Searching key=sample.pivot.groovy.SampleController.action.SayHello.description
[Test worker] TRACE griffon.util.CompositeResourceBundle - Searching key=application.action.SayHello.description
[Test worker] TRACE griffon.util.CompositeResourceBundle - Searching key=sample.pivot.groovy.SampleController.action.SayHello.enabled
[Test worker] TRACE griffon.util.CompositeResourceBundle - Searching key=application.action.SayHello.enabled
[Test worker] TRACE org.codehaus.griffon.runtime.pivot.controller.PivotActionManager - sample.pivot.groovy.SampleController.action.SayHello.enabled = true
[Test worker] TRACE org.codehaus.griffon.runtime.core.controller.AbstractActionManager - Action for sample.pivot.groovy.SampleController.sayHello stored as sayHello
[Test worker] TRACE griffon.util.CompositeResourceBundle - Searching key=griffon.disable.threading.injection
[Test worker] TRACE griffon.util.CompositeResourceBundle - Searching key=griffon
[Test worker] DEBUG org.codehaus.griffon.runtime.core.controller.AbstractActionManager - Executing sample.pivot.groovy.SampleController.sayHello with policy OUTSIDE_UITHREAD
[Test worker] DEBUG org.codehaus.griffon.runtime.core.controller.AbstractActionManager - Executing 0 interceptors for sample.pivot.groovy.SampleController.sayHello
[Test worker] TRACE org.codehaus.griffon.runtime.core.controller.AbstractActionManager - Status before execution of sample.pivot.groovy.SampleController.sayHello is OK
[Test worker] TRACE griffon.util.CompositeResourceBundle - Searching key=greeting.default
[Test worker] TRACE griffon.util.CompositeResourceBundle - Bundle griffon.util.ExpandableResourceBundle@12b327ee; key=greeting.default; value='Howdy stranger!'
[Test worker] TRACE org.codehaus.griffon.runtime.core.controller.AbstractActionManager - Status after execution of sample.pivot.groovy.SampleController.sayHello is OK
[Test worker] DEBUG org.codehaus.griffon.runtime.core.event.AbstractEventRouter - Triggering event 'ShutdownRequested' synchronously
[Test worker] INFO org.codehaus.griffon.runtime.pivot.TestDesktopPivotApplication - Shutdown is in process
[Test worker] DEBUG org.codehaus.griffon.runtime.pivot.TestDesktopPivotApplication - Shutdown stage 1: notify all event listeners
[Test worker] DEBUG org.codehaus.griffon.runtime.core.event.AbstractEventRouter - Adding listener org.codehaus.griffon.runtime.core.AbstractGriffonApplication$1 on ShutdownStart
[Test worker] DEBUG org.codehaus.griffon.runtime.core.event.AbstractEventRouter - Triggering event 'ShutdownStart' synchronously
[Test worker] DEBUG org.codehaus.griffon.runtime.pivot.TestDesktopPivotApplication - Shutdown stage 2: notify all shutdown handlers
[Test worker] DEBUG org.codehaus.griffon.runtime.pivot.TestDesktopPivotApplication - Shutdown stage 3: destroy all MVC groups
[Test worker] DEBUG org.codehaus.griffon.runtime.pivot.TestDesktopPivotApplication - Shutdown stage 4: execute Shutdown script
[Test worker] TRACE griffon.util.CompositeResourceBundle - Searching key=application.lifecycle.handler.disable
[Test worker] TRACE griffon.util.CompositeResourceBundle - Searching key=application
[Test worker] TRACE griffon.util.CompositeResourceBundle - Bundle griffon.util.ExpandableResourceBundle@343c4693; key=application; value='{autoShutdown=true, title=Pivot + Groovy, startupGroups=[sample]}'
]]></system-err>
</testsuite>
