<?xml version="1.0" encoding="UTF-8"?>
<testsuite name="griffon.builder.lanterna.factory.ApplicationFactorySpec" tests="1" failures="0" errors="0" timestamp="2014-02-22T19:18:30" hostname="testing-worker-linux-6-1-10096-linux-6-19406446" time="1.464">
  <properties/>
  <testcase name="Can create an Application" classname="griffon.builder.lanterna.factory.ApplicationFactorySpec" time="1.464"/>
  <system-out><![CDATA[]]></system-out>
  <system-err><![CDATA[]]></system-err>
</testsuite>
